[2019-03-25 19:51:58.955][debug][command:null][tid:14][com.facebook.buck.cli.Main] Starting up (build date 1969-12-31 20:59:59 -0300, rev c0e4f9faf28e8d1629889e442a8efe2b52f535f6), args: [install, -r, //app:bin_Debug, --config-file, .okbuck/config/okbuck.buckconfig]
[2019-03-25 19:51:58.956][debug][command:null][tid:14][com.facebook.buck.cli.Main] System properties: {java.vendor=Oracle Corporation, sun.java.launcher=SUN_STANDARD, sun.management.compiler=HotSpot 64-Bit Tiered Compilers, jnidispatch.path=/home/pedroimai/Projects/okbucktutorial/.buckd/tmp/buck_run.ae0nP4/jna-1284272600/jna7905467968768491744.tmp, os.name=Linux, sun.boot.class.path=/usr/lib/jvm/java-8-openjdk-amd64/jre/lib/resources.jar:/usr/lib/jvm/java-8-openjdk-amd64/jre/lib/rt.jar:/usr/lib/jvm/java-8-openjdk-amd64/jre/lib/sunrsasign.jar:/usr/lib/jvm/java-8-openjdk-amd64/jre/lib/jsse.jar:/usr/lib/jvm/java-8-openjdk-amd64/jre/lib/jce.jar:/usr/lib/jvm/java-8-openjdk-amd64/jre/lib/charsets.jar:/usr/lib/jvm/java-8-openjdk-amd64/jre/lib/jfr.jar:/usr/lib/jvm/java-8-openjdk-amd64/jre/classes, user.country.format=BR, buck.module.resources=/home/pedroimai/Projects/okbucktutorial/.buckd/resources/c0e4f9faf28e8d1629889e442a8efe2b52f535f6/buck-modules-resources, pf4j.pluginsDir=/home/pedroimai/Projects/okbucktutorial/.buckd/resources/c0e4f9faf28e8d1629889e442a8efe2b52f535f6/buck-modules, buck.resource_lock_path=/home/pedroimai/Projects/okbucktutorial/.buckd/resources/c0e4f9faf28e8d1629889e442a8efe2b52f535f6/.buck_lock, sun.desktop=gnome, buck.path_to_isolated_trampoline=/home/pedroimai/Projects/okbucktutorial/.buckd/resources/c0e4f9faf28e8d1629889e442a8efe2b52f535f6/path_to_isolated_trampoline, java.vm.specification.vendor=Oracle Corporation, java.runtime.version=1.8.0_191-8u191-b12-2ubuntu0.18.04.1-b12, jna.loaded=true, buck.testrunner_classes=/home/pedroimai/Projects/okbucktutorial/.buckd/resources/c0e4f9faf28e8d1629889e442a8efe2b52f535f6/testrunner_classes, buck.logging_config_file=/home/pedroimai/Projects/okbucktutorial/.buckd/resources/c0e4f9faf28e8d1629889e442a8efe2b52f535f6/logging_config_file, buck.path_to_sh_binary_template=/home/pedroimai/Projects/okbucktutorial/.buckd/resources/c0e4f9faf28e8d1629889e442a8efe2b52f535f6/path_to_sh_binary_template, user.name=pedroimai, user.language.format=pt, com.facebook.nailgun.NGServer.outputPath=/home/pedroimai/Projects/okbucktutorial/.buckd/tmp/buck_run.ae0nP4/ngserver-out, buck.path_to_pywatchman=/home/pedroimai/Projects/okbucktutorial/.buckd/resources/c0e4f9faf28e8d1629889e442a8efe2b52f535f6/path_to_pywatchman, buck.report_generator_jar=/home/pedroimai/Projects/okbucktutorial/.buckd/resources/c0e4f9faf28e8d1629889e442a8efe2b52f535f6/report_generator_jar, buck.git_commit=c0e4f9faf28e8d1629889e442a8efe2b52f535f6, user.language=en, sun.boot.library.path=/usr/lib/jvm/java-8-openjdk-amd64/jre/lib/amd64, jna.nosys=true, java.version=1.8.0_191, user.timezone=America/Sao_Paulo, buck.test_util_no_tests_dir=true, sun.arch.data.model=64, java.endorsed.dirs=/usr/lib/jvm/java-8-openjdk-amd64/jre/lib/endorsed, sun.cpu.isalist=, sun.jnu.encoding=UTF-8, file.encoding.pkg=sun.io, file.separator=/, java.specification.name=Java Platform API Specification, buck.jacoco_agent_jar=/home/pedroimai/Projects/okbucktutorial/.buckd/resources/c0e4f9faf28e8d1629889e442a8efe2b52f535f6/jacoco_agent_jar, java.class.version=52.0, user.country=US, buck.binary_hash=c5d497a6ded8a1712e657140816688a9, java.home=/usr/lib/jvm/java-8-openjdk-amd64/jre, buck.fix_script=/home/pedroimai/Projects/okbucktutorial/.buckd/resources/c0e4f9faf28e8d1629889e442a8efe2b52f535f6/fix_script, java.vm.info=mixed mode, os.version=4.18.0-16-generic, buck.version_uid=c0e4f9faf28e8d1629889e442a8efe2b52f535f6, org.eclipse.jetty.util.log.class=org.eclipse.jetty.util.log.JavaUtilLog, path.separator=:, java.vm.version=25.191-b12, java.awt.printerjob=sun.print.PSPrinterJob, sun.io.unicode.encoding=UnicodeLittle, awt.toolkit=sun.awt.X11.XToolkit, buck.mode=package, buck.buck_build_type_info=/home/pedroimai/Projects/okbucktutorial/.buckd/resources/c0e4f9faf28e8d1629889e442a8efe2b52f535f6/buck_build_type_info, buck.dx=/home/pedroimai/Projects/okbucktutorial/.buckd/resources/c0e4f9faf28e8d1629889e442a8efe2b52f535f6/dx, buck.git_commit_timestamp=-1, user.home=/home/pedroimai, java.specification.vendor=Oracle Corporation, buck.git_dirty=0, java.library.path=/usr/java/packages/lib/amd64:/usr/lib/x86_64-linux-gnu/jni:/lib/x86_64-linux-gnu:/usr/lib/x86_64-linux-gnu:/usr/lib/jni:/lib:/usr/lib, java.vendor.url=http://java.oracle.com/, java.vm.vendor=Oracle Corporation, java.runtime.name=OpenJDK Runtime Environment, sun.java.command=com.facebook.buck.cli.bootstrapper.ClassLoaderBootstrapper com.facebook.buck.cli.Main$DaemonBootstrap local:.buckd/sock 180000, java.class.path=/home/pedroimai/Projects/okbucktutorial/.buckd/resources/c0e4f9faf28e8d1629889e442a8efe2b52f535f6/bootstrapper_jar, buck.buckd_dir=/home/pedroimai/Projects/okbucktutorial/.buckd, buck.path_to_pathlib_py=/home/pedroimai/Projects/okbucktutorial/.buckd/resources/c0e4f9faf28e8d1629889e442a8efe2b52f535f6/pathlib.py, buck.buckd_launch_time_nanos=12809163343096, java.vm.specification.name=Java Virtual Machine Specification, java.vm.specification.version=1.8, sun.cpu.endian=little, sun.os.patch.level=unknown, java.awt.headless=true, java.io.tmpdir=/home/pedroimai/Projects/okbucktutorial/.buckd/tmp/buck_run.ae0nP4, buck.android_agent_path=/home/pedroimai/Projects/okbucktutorial/.buckd/resources/c0e4f9faf28e8d1629889e442a8efe2b52f535f6/android_agent_path, java.vendor.url.bug=http://bugreport.sun.com/bugreport/, buck.path_to_python_dsl=, jna.platform.library.path=/usr/lib/x86_64-linux-gnu:/lib/x86_64-linux-gnu:/lib64:/usr/lib:/lib:/usr/lib/x86_64-linux-gnu/libfakeroot, os.arch=amd64, java.awt.graphicsenv=sun.awt.X11GraphicsEnvironment, java.ext.dirs=/usr/lib/jvm/java-8-openjdk-amd64/jre/lib/ext:/usr/java/packages/lib/ext, java.util.logging.config.class=com.facebook.buck.cli.bootstrapper.LogConfig, buck.path_to_six_py=/home/pedroimai/Projects/okbucktutorial/.buckd/resources/c0e4f9faf28e8d1629889e442a8efe2b52f535f6/six.py, user.dir=/home/pedroimai/Projects/okbucktutorial, java.nio.file.spi.DefaultFileSystemProvider=com.facebook.buck.cli.bootstrapper.filesystem.BuckFileSystemProvider, line.separator=
, java.vm.name=OpenJDK 64-Bit Server VM, buck.path_to_typing=/home/pedroimai/Projects/okbucktutorial/.buckd/resources/c0e4f9faf28e8d1629889e442a8efe2b52f535f6/path_to_typing, buck.native_exopackage_fake_path=/home/pedroimai/Projects/okbucktutorial/.buckd/resources/c0e4f9faf28e8d1629889e442a8efe2b52f535f6/native_exopackage_fake_path, file.encoding=UTF-8, java.specification.version=1.8}
[2019-03-25 19:51:58.956][debug][command:null][tid:14][com.facebook.buck.util.config.Configs] Loaded a configuration file /home/pedroimai/Projects/okbucktutorial/.okbuck/config/okbuck.buckconfig: {android={build_tools_version=28.0.2, target=android-28}, kotlin={kotlin_home=//.okbuck/workspace/kotlin_home:kotlin_home}, tools={proguard=//.okbuck/ext/net/sf/proguard:proguard-base.jar}}
[2019-03-25 19:51:58.956][debug][command:null][tid:14][com.facebook.buck.util.config.Configs] Loaded a configuration file .okbuck/config/okbuck.buckconfig, {android={build_tools_version=28.0.2, target=android-28}, kotlin={kotlin_home=//.okbuck/workspace/kotlin_home:kotlin_home}, tools={proguard=//.okbuck/ext/net/sf/proguard:proguard-base.jar}}
[2019-03-25 19:51:58.957][debug][command:null][tid:14][com.facebook.buck.util.config.Configs] Loading configuration for /home/pedroimai/Projects/okbucktutorial
[2019-03-25 19:51:58.957][debug][command:null][tid:14][com.facebook.buck.util.config.Configs] Loaded project configuration file /home/pedroimai/Projects/okbucktutorial/.buckconfig
[2019-03-25 19:51:58.957][debug][command:null][tid:14][com.facebook.buck.util.config.Configs] Adding configuration overrides RawConfig{values={android={build_tools_version=28.0.2, target=android-28}, kotlin={kotlin_home=//.okbuck/workspace/kotlin_home:kotlin_home}, tools={proguard=//.okbuck/ext/net/sf/proguard:proguard-base.jar}}}
[2019-03-25 19:51:58.958][info ][command:null][tid:14][com.facebook.buck.io.watchman.WatchmanFactory] Creating for: [/home/pedroimai/Projects/okbucktutorial]
[2019-03-25 19:51:58.958][debug][command:null][tid:14][com.facebook.buck.io.ExecutableFinder] Executable 'watchman' mapped to 'Optional[/usr/local/bin/watchman]'
[2019-03-25 19:51:58.958][debug][command:null][tid:14][com.facebook.buck.util.ListeningProcessExecutor] Launching process with params ProcessExecutorParams{command=[/usr/local/bin/watchman, --output-encoding=bser, get-sockname]}
[2019-03-25 19:51:58.959][debug][command:null][tid:14][com.facebook.buck.util.ListeningProcessExecutor] Successfully launched process com.zaxxer.nuprocess.linux.LinuxProcess@1cdf22d9
[2019-03-25 19:51:58.959][debug][command:null][tid:14][com.facebook.buck.util.ListeningProcessExecutor] Waiting for process com.facebook.buck.util.ListeningProcessExecutor$LaunchedProcessImpl@603bafcd timeout 1000000000 NANOSECONDS
[2019-03-25 19:51:58.961][debug][command:null][tid:14][com.facebook.buck.util.ListeningProcessExecutor] Wait for process returned 0
[2019-03-25 19:51:58.961][debug][command:null][tid:14][com.facebook.buck.io.watchman.WatchmanFactory] Waited 1 ms for Watchman command get-sockname, exit code 0
[2019-03-25 19:51:58.961][debug][command:null][tid:14][com.facebook.buck.io.watchman.WatchmanFactory] stdout of command: {sockname=/usr/local/var/run/watchman/pedroimai-state/sock, version=4.9.0}
[2019-03-25 19:51:58.961][info ][command:null][tid:14][com.facebook.buck.io.watchman.WatchmanFactory] Connecting to Watchman version 4.9.0 at /usr/local/var/run/watchman/pedroimai-state/sock
[2019-03-25 19:51:58.961][debug][command:null][tid:14][com.facebook.buck.io.watchman.WatchmanTransportClient] Query [version, {required=[cmd-watch-project], optional=[term-dirname, cmd-watch-project, wildmatch, wildmatch_multislash, glob_generator, clock-sync-timeout]}] returned in 0 ms
[2019-03-25 19:51:58.962][info ][command:null][tid:14][com.facebook.buck.io.watchman.WatchmanFactory] Took 0 ms to query capabilities {term-dirname=DIRNAME, cmd-watch-project=SUPPORTS_PROJECT_WATCH, wildmatch=WILDMATCH_GLOB, wildmatch_multislash=WILDMATCH_MULTISLASH, glob_generator=GLOB_GENERATOR, clock-sync-timeout=CLOCK_SYNC_TIMEOUT}
[2019-03-25 19:51:58.962][debug][command:null][tid:14][com.facebook.buck.io.watchman.WatchmanFactory] Got capabilities response: {clock-sync-timeout=true, glob_generator=true, wildmatch_multislash=false, wildmatch=true, cmd-watch-project=true, term-dirname=true}
[2019-03-25 19:51:58.962][debug][command:null][tid:14][com.facebook.buck.io.watchman.WatchmanFactory] Got Watchman capabilities: [CLOCK_SYNC_TIMEOUT, GLOB_GENERATOR, WILDMATCH_GLOB, SUPPORTS_PROJECT_WATCH, DIRNAME]
[2019-03-25 19:51:58.962][info ][command:null][tid:14][com.facebook.buck.io.watchman.WatchmanFactory] Adding watchman root: /home/pedroimai/Projects/okbucktutorial
[2019-03-25 19:51:58.962][debug][command:null][tid:14][com.facebook.buck.io.watchman.WatchmanTransportClient] Query [watch-project, /home/pedroimai/Projects/okbucktutorial] returned in 0 ms
[2019-03-25 19:51:58.963][debug][command:null][tid:14][com.facebook.buck.io.watchman.WatchmanTransportClient] Query [watch-project, /home/pedroimai/Projects/okbucktutorial] returned in 0 ms
[2019-03-25 19:51:58.963][info ][command:null][tid:14][com.facebook.buck.io.watchman.WatchmanFactory] Took 1 ms to add root /home/pedroimai/Projects/okbucktutorial
[2019-03-25 19:51:58.963][debug][command:null][tid:14][com.facebook.buck.io.watchman.WatchmanTransportClient] Query [clock, /home/pedroimai/Projects/okbucktutorial, {sync_timeout=100}] returned in 0 ms
[2019-03-25 19:51:58.963][info ][command:null][tid:14][com.facebook.buck.io.watchman.WatchmanFactory] Took 0 ms to query for initial clock id Optional[c:1553552229:18655:4:20080]
[2019-03-25 19:51:58.963][debug][command:null][tid:14][com.facebook.buck.io.watchman.WatchmanFactory] Connected to Watchman
[2019-03-25 19:51:58.963][debug][command:null][tid:14][com.facebook.buck.io.watchman.WatchmanTransportClient] Closing Watchman transport.
[2019-03-25 19:51:58.964][debug][command:null][tid:14][com.facebook.buck.cli.Main] Watchman capabilities: [CLOCK_SYNC_TIMEOUT, GLOB_GENERATOR, WILDMATCH_GLOB, SUPPORTS_PROJECT_WATCH, DIRNAME] Project watches: {/home/pedroimai/Projects/okbucktutorial=ProjectWatch{watchRoot=/home/pedroimai/Projects/okbucktutorial}} Glob handler config: PYTHON Query timeout ms config: Optional.empty
[2019-03-25 19:51:58.964][debug][command:null][tid:14][com.facebook.buck.util.config.Configs] Loaded a configuration file /home/pedroimai/Projects/okbucktutorial/.okbuck/config/okbuck.buckconfig: {android={build_tools_version=28.0.2, target=android-28}, kotlin={kotlin_home=//.okbuck/workspace/kotlin_home:kotlin_home}, tools={proguard=//.okbuck/ext/net/sf/proguard:proguard-base.jar}}
[2019-03-25 19:51:58.964][debug][command:null][tid:14][com.facebook.buck.util.config.Configs] Loaded a configuration file .okbuck/config/okbuck.buckconfig, {android={build_tools_version=28.0.2, target=android-28}, kotlin={kotlin_home=//.okbuck/workspace/kotlin_home:kotlin_home}, tools={proguard=//.okbuck/ext/net/sf/proguard:proguard-base.jar}}
[2019-03-25 19:51:58.965][warn ][command:null][tid:14][com.facebook.buck.apple.AppleConfig] Could not execute xcode-select, continuing without developer dir.
[2019-03-25 19:51:58.965][warn ][command:null][tid:14][com.facebook.buck.core.toolchain.impl.DefaultToolchainProvider] Cannot create a toolchain: android-ndk-location. Cause: Android NDK could not be found. Make sure to set one of these  environment variables: ANDROID_NDK_REPOSITORY, ANDROID_NDK, or NDK_HOME or ndk.ndk_path or ndk.ndk_repository_path in your .buckconfig
[2019-03-25 19:51:58.968][debug][command:2f89aa88-f638-442a-810b-713d49521b39][tid:14][com.facebook.buck.event.listener.SuperConsoleEventBusListener] Starting render scheduler (interval 100 ms)
[2019-03-25 19:51:58.973][debug][command:2f89aa88-f638-442a-810b-713d49521b39][tid:14][com.google.common.util.concurrent.ServiceManager] Starting PerfStatsTracking [STARTING].
[2019-03-25 19:51:58.974][debug][command:2f89aa88-f638-442a-810b-713d49521b39][tid:14][com.google.common.util.concurrent.ServiceManager] Starting ProcessTracker [STARTING].
[2019-03-25 19:51:58.974][debug][command:2f89aa88-f638-442a-810b-713d49521b39][tid:14][com.facebook.buck.cli.Main] InvocationInfo BuildId=[2f89aa88-f638-442a-810b-713d49521b39] Args=[install, -r, //app:bin_Debug, --config-file, .okbuck/config/okbuck.buckconfig]
[2019-03-25 19:51:58.975][debug][command:null][tid:479][com.facebook.buck.util.perf.ProcessTracker] startUp
[2019-03-25 19:51:58.983][debug][command:null][tid:478][com.google.common.util.concurrent.ServiceManager] Started PerfStatsTracking [RUNNING] in 9.245 ms.
[2019-03-25 19:51:58.988][warn ][command:null][tid:482][com.facebook.buck.event.listener.PublicAnnouncementManager] Failed to get public announcements. Reason: Failed to establish connection to server.
[2019-03-25 19:51:58.995][debug][command:null][tid:479][com.google.common.util.concurrent.ServiceManager] Started ProcessTracker [RUNNING] in 21.30 ms.
[2019-03-25 19:51:58.995][debug][command:null][tid:485][com.facebook.buck.io.watchman.WatchmanTransportClient] Query [query, /home/pedroimai/Projects/okbucktutorial, {since=c:1553552229:18655:4:20074, expression=[not, [anyof, [type, d], [dirname, .idea], [dirname, .buckd], [dirname, buck-out/cache], [dirname, buck-out/.trash], [dirname, buck-out], [match, **/*.pbxproj, wholename, {includedotfiles=true}], [match, **/*.xcscheme, wholename, {includedotfiles=true}], [match, **/*.xcworkspacedata, wholename, {includedotfiles=true}], [match, **/*~, wholename, {includedotfiles=true}], [match, **/#*#, wholename, {includedotfiles=true}], [match, **/.#*, wholename, {includedotfiles=true}], [match, **/*.swo, wholename, {includedotfiles=true}], [match, **/*.swp, wholename, {includedotfiles=true}], [match, **/*.swpx, wholename, {includedotfiles=true}], [match, **/*.un~, wholename, {includedotfiles=true}], [match, **/*.netrhwist, wholename, {includedotfiles=true}], [match, .idea, wholename, {includedotfiles=true}], [match, .iml, wholename, {includedotfiles=true}], [match, **/*.pydevproject, wholename, {includedotfiles=true}], [match, .project, wholename, {includedotfiles=true}], [match, .metadata, wholename, {includedotfiles=true}], [match, **/*.tmp, wholename, {includedotfiles=true}], [match, **/*.bak, wholename, {includedotfiles=true}], [match, **/*.nib, wholename, {includedotfiles=true}], [match, .classpath, wholename, {includedotfiles=true}], [match, .settings, wholename, {includedotfiles=true}], [match, .loadpath, wholename, {includedotfiles=true}], [match, .externalToolBuilders, wholename, {includedotfiles=true}], [match, .cproject, wholename, {includedotfiles=true}], [match, .buildpath, wholename, {includedotfiles=true}], [match, .DS_Store, wholename, {includedotfiles=true}], [match, .AppleDouble, wholename, {includedotfiles=true}], [match, .LSOverride, wholename, {includedotfiles=true}], [match, .Spotlight-V100, wholename, {includedotfiles=true}], [match, .Trashes, wholename, {includedotfiles=true}], [match, $RECYCLE.BIN, wholename, {includedotfiles=true}], [match, **/*.sublime-workspace, wholename, {includedotfiles=true}]]], empty_on_fresh_instance=true, fields=[name, exists, new]}] returned in 4 ms
[2019-03-25 19:51:58.998][debug][command:null][tid:485][com.facebook.buck.io.watchman.WatchmanWatcher] Updating Watchman Cursor from c:1553552229:18655:4:20074 to c:1553552229:18655:4:20082
[2019-03-25 19:51:58.998][debug][command:null][tid:485][com.facebook.buck.io.watchman.WatchmanWatcher] Posted 0 Watchman events.
[2019-03-25 19:51:58.998][debug][command:null][tid:485][com.facebook.buck.io.watchman.WatchmanTransportClient] Closing Watchman transport.
[2019-03-25 19:51:59.012][warn ][command:2f89aa88-f638-442a-810b-713d49521b39][tid:484][com.facebook.buck.event.listener.LoggingBuildListener] The rule //app:bin_Debug could not be found.
Please check the spelling and whether it exists in /home/pedroimai/Projects/okbucktutorial/app/BUCK.
[2019-03-25 19:51:59.012][debug][command:2f89aa88-f638-442a-810b-713d49521b39][tid:479][com.facebook.buck.util.perf.ProcessTracker] shutDown
[2019-03-25 19:51:59.020][debug][command:2f89aa88-f638-442a-810b-713d49521b39][tid:479][com.google.common.util.concurrent.ServiceManager] Service ProcessTracker [TERMINATED] has terminated. Previous state was: STOPPING
[2019-03-25 19:51:59.020][debug][command:null][tid:478][com.google.common.util.concurrent.ServiceManager] Service PerfStatsTracking [TERMINATED] has terminated. Previous state was: STOPPING
[2019-03-25 19:51:59.021][debug][command:2f89aa88-f638-442a-810b-713d49521b39][tid:14][com.facebook.buck.event.listener.SuperConsoleEventBusListener] Stopping render scheduler
[2019-03-25 19:51:59.021][info ][command:2f89aa88-f638-442a-810b-713d49521b39][tid:14][com.facebook.buck.cli.Main] Awaiting termination of PROJECT executor service. Waiting for all jobs to complete, or up to maximum of 60 seconds...
[2019-03-25 19:51:59.022][info ][command:2f89aa88-f638-442a-810b-713d49521b39][tid:14][com.facebook.buck.cli.Main] Successfully terminated PROJECT executor service.
[2019-03-25 19:51:59.022][info ][command:2f89aa88-f638-442a-810b-713d49521b39][tid:14][com.facebook.buck.cli.Main] Awaiting termination of NETWORK executor service. Waiting for all jobs to complete, or up to maximum of 60 seconds...
[2019-03-25 19:51:59.022][info ][command:2f89aa88-f638-442a-810b-713d49521b39][tid:14][com.facebook.buck.cli.Main] Successfully terminated NETWORK executor service.
[2019-03-25 19:51:59.022][info ][command:2f89aa88-f638-442a-810b-713d49521b39][tid:14][com.facebook.buck.cli.Main] Awaiting termination of CPU executor service. Waiting for all jobs to complete, or up to maximum of 60 seconds...
[2019-03-25 19:51:59.030][info ][command:2f89aa88-f638-442a-810b-713d49521b39][tid:14][com.facebook.buck.cli.Main] Successfully terminated CPU executor service.
[2019-03-25 19:51:59.030][info ][command:2f89aa88-f638-442a-810b-713d49521b39][tid:14][com.facebook.buck.cli.Main] Awaiting termination of ScheduledExecutorService executor service. Waiting for all jobs to complete, or up to maximum of 60 seconds...
[2019-03-25 19:51:59.030][info ][command:2f89aa88-f638-442a-810b-713d49521b39][tid:14][com.facebook.buck.cli.Main] Successfully terminated ScheduledExecutorService executor service.
[2019-03-25 19:51:59.030][info ][command:2f89aa88-f638-442a-810b-713d49521b39][tid:14][com.facebook.buck.cli.Main] Awaiting termination of CounterAggregatorExecutor executor service. Waiting for all jobs to complete, or up to maximum of 20 seconds...
[2019-03-25 19:51:59.030][info ][command:2f89aa88-f638-442a-810b-713d49521b39][tid:14][com.facebook.buck.cli.Main] Successfully terminated CounterAggregatorExecutor executor service.
[2019-03-25 19:51:59.030][info ][command:2f89aa88-f638-442a-810b-713d49521b39][tid:14][com.facebook.buck.cli.Main] Awaiting termination of HTTP Read executor service. Waiting for all jobs to complete, or up to maximum of 1800 seconds...
[2019-03-25 19:51:59.030][info ][command:2f89aa88-f638-442a-810b-713d49521b39][tid:14][com.facebook.buck.cli.Main] Successfully terminated HTTP Read executor service.
[2019-03-25 19:51:59.030][info ][command:2f89aa88-f638-442a-810b-713d49521b39][tid:14][com.facebook.buck.cli.Main] Awaiting termination of Download Heavy Build HTTP Read executor service. Waiting for all jobs to complete, or up to maximum of 1800 seconds...
[2019-03-25 19:51:59.030][info ][command:2f89aa88-f638-442a-810b-713d49521b39][tid:14][com.facebook.buck.cli.Main] Successfully terminated Download Heavy Build HTTP Read executor service.
[2019-03-25 19:51:59.030][info ][command:2f89aa88-f638-442a-810b-713d49521b39][tid:14][com.facebook.buck.cli.Main] Awaiting termination of HTTP Write executor service. Waiting for all jobs to complete, or up to maximum of 1800 seconds...
[2019-03-25 19:51:59.030][info ][command:2f89aa88-f638-442a-810b-713d49521b39][tid:14][com.facebook.buck.cli.Main] Successfully terminated HTTP Write executor service.
[2019-03-25 19:51:59.030][info ][command:2f89aa88-f638-442a-810b-713d49521b39][tid:14][com.facebook.buck.cli.Main] Awaiting termination of Disk IO executor service. Waiting for all jobs to complete, or up to maximum of 10 seconds...
[2019-03-25 19:51:59.030][info ][command:2f89aa88-f638-442a-810b-713d49521b39][tid:14][com.facebook.buck.cli.Main] Successfully terminated Disk IO executor service.
[2019-03-25 19:51:59.030][debug][command:null][tid:40][com.facebook.buck.io.AsynchronousDirectoryContentsCleaner] Starting to clean buck-out/.trash
[2019-03-25 19:51:59.030][debug][command:null][tid:40][com.facebook.buck.io.AsynchronousDirectoryContentsCleaner] Done cleaning buck-out/.trash
[2019-03-25 19:51:59.032][debug][command:null][tid:225][com.facebook.buck.event.listener.ChromeTraceBuildListener] Writing Chrome trace to buck-out/log/2019-03-25_22h51m58s_installcommand_2f89aa88-f638-442a-810b-713d49521b39/build.2019-03-25.19-51-58.2f89aa88-f638-442a-810b-713d49521b39.trace
[2019-03-25 19:51:59.035][debug][command:null][tid:14][com.facebook.buck.cli.Main] Done.
[2019-03-25 19:51:59.035][info ][command:null][tid:14][com.facebook.nailgun.NGSession] Nail cleanly exited with status 5
[2019-03-25 19:51:59.036][debug][command:null][tid:14][com.facebook.nailgun.NGCommunicator] Shutting down socket for input
[2019-03-25 19:51:59.036][debug][command:null][tid:14][com.facebook.nailgun.NGCommunicator] Shutting down socket for output
[2019-03-25 19:51:59.036][debug][command:null][tid:14][com.facebook.nailgun.NGCommunicator] Shutting down read ExecutorService
[2019-03-25 19:51:59.038][debug][command:null][tid:472][com.facebook.nailgun.NGCommunicator] Socket is disconnected
[2019-03-25 19:51:59.038][debug][command:null][tid:472][com.facebook.nailgun.NGCommunicator] Nailgun client disconnected
[2019-03-25 19:51:59.038][debug][command:null][tid:472][com.facebook.nailgun.NGCommunicator] Orchestrator thread finished
[2019-03-25 19:51:59.039][debug][command:null][tid:14][com.facebook.nailgun.NGCommunicator] Shutting down orchestrator ExecutorService
[2019-03-25 19:51:59.042][debug][command:null][tid:14][com.facebook.nailgun.NGSession] NGSession 1 is closing client socket
[2019-03-25 19:52:02.368][debug][command:null][tid:14][com.facebook.nailgun.NGSession] NGSession 1 accepted new connection
[2019-03-25 19:52:02.371][debug][command:null][tid:491][com.facebook.nailgun.NGCommunicator] Orchestrator thread started
[2019-03-25 19:52:02.371][debug][command:null][tid:14][com.facebook.nailgun.NGCommunicator] Shutting down socket for input
[2019-03-25 19:52:02.377][debug][command:null][tid:14][com.facebook.nailgun.NGCommunicator] Shutting down socket for output
[2019-03-25 19:52:02.377][debug][command:null][tid:14][com.facebook.nailgun.NGCommunicator] Shutting down read ExecutorService
[2019-03-25 19:52:02.378][debug][command:null][tid:14][com.facebook.nailgun.NGCommunicator] Shutting down orchestrator ExecutorService
[2019-03-25 19:52:02.378][debug][command:null][tid:491][com.facebook.nailgun.NGCommunicator] Socket is disconnected
[2019-03-25 19:52:02.378][debug][command:null][tid:491][com.facebook.nailgun.NGCommunicator] Nailgun client disconnected
[2019-03-25 19:52:02.378][debug][command:null][tid:491][com.facebook.nailgun.NGCommunicator] Orchestrator thread finished
[2019-03-25 19:52:02.378][debug][command:null][tid:14][com.facebook.nailgun.NGSession] NGSession 1 is closing client socket
[2019-03-25 19:52:02.384][debug][command:null][tid:14][com.facebook.nailgun.NGSession] NGSession 1 accepted new connection
[2019-03-25 19:52:02.388][debug][command:null][tid:493][com.facebook.nailgun.NGCommunicator] Orchestrator thread started
[2019-03-25 19:52:02.388][debug][command:null][tid:14][com.facebook.buck.util.config.Configs] Loading configuration for /home/pedroimai/Projects/okbucktutorial
[2019-03-25 19:52:02.388][debug][command:null][tid:14][com.facebook.buck.util.config.Configs] Loaded project configuration file /home/pedroimai/Projects/okbucktutorial/.buckconfig
[2019-03-25 19:52:02.388][debug][command:null][tid:14][com.facebook.buck.util.config.Configs] Adding configuration overrides RawConfig{values={}}
[2019-03-25 19:52:02.390][debug][command:null][tid:14][com.facebook.buck.cli.Main] Rotating log.
