[2019-04-03 17:29:03.164][debug][command:null][tid:01][com.google.common.util.concurrent.ServiceManager] Starting HangMonitor [RUNNING].
[2019-04-03 17:29:03.210][debug][command:null][tid:01][com.google.common.util.concurrent.ServiceManager] Started HangMonitor [RUNNING] in 52.07 ms.
[2019-04-03 17:29:03.253][info ][command:null][tid:01][com.facebook.buck.cli.Main] enabling background process killing for buckd
[2019-04-03 17:29:03.256][info ][command:null][tid:01][com.facebook.buck.cli.Main] enabled background process killing for buckd
[2019-04-03 17:29:03.258][info ][command:null][tid:01][com.facebook.buck.cli.Main] initialized bg session killer
[2019-04-03 17:29:03.358][debug][command:null][tid:14][com.facebook.nailgun.NGSession] NGSession 1 is waiting for first client to connect
[2019-04-03 17:29:03.359][debug][command:null][tid:14][com.facebook.nailgun.NGSession] NGSession 1 accepted new connection
[2019-04-03 17:29:03.365][debug][command:null][tid:15][com.facebook.nailgun.NGCommunicator] Orchestrator thread started
[2019-04-03 17:29:03.384][debug][command:null][tid:14][com.facebook.buck.util.config.Configs] Loading configuration for /home/pedroimai/Projects/okbucktutorial
[2019-04-03 17:29:03.402][debug][command:null][tid:14][com.facebook.buck.util.config.Configs] Loaded project configuration file /home/pedroimai/Projects/okbucktutorial/.buckconfig
[2019-04-03 17:29:03.402][debug][command:null][tid:14][com.facebook.buck.util.config.Configs] Adding configuration overrides RawConfig{values={}}
[2019-04-03 17:29:03.423][info ][command:null][tid:14][org.pf4j.DefaultPluginStatusProvider] Enabled plugins: []
[2019-04-03 17:29:03.423][info ][command:null][tid:14][org.pf4j.DefaultPluginStatusProvider] Disabled plugins: []
[2019-04-03 17:29:03.424][info ][command:null][tid:14][org.pf4j.DefaultPluginManager] PF4J version 0.0.0 in 'deployment' mode
[2019-04-03 17:29:03.435][debug][command:null][tid:14][org.pf4j.AbstractPluginManager] Lookup plugins in '/home/pedroimai/Projects/okbucktutorial/.buckd/resources/c0e4f9faf28e8d1629889e442a8efe2b52f535f6/buck-modules'
[2019-04-03 17:29:03.438][debug][command:null][tid:14][org.pf4j.AbstractPluginManager] Found 16 possible plugins: [/home/pedroimai/Projects/okbucktutorial/.buckd/resources/c0e4f9faf28e8d1629889e442a8efe2b52f535f6/buck-modules/haskell.jar, /home/pedroimai/Projects/okbucktutorial/.buckd/resources/c0e4f9faf28e8d1629889e442a8efe2b52f535f6/buck-modules/js.jar, /home/pedroimai/Projects/okbucktutorial/.buckd/resources/c0e4f9faf28e8d1629889e442a8efe2b52f535f6/buck-modules/gwt.jar, /home/pedroimai/Projects/okbucktutorial/.buckd/resources/c0e4f9faf28e8d1629889e442a8efe2b52f535f6/buck-modules/filegroup.jar, /home/pedroimai/Projects/okbucktutorial/.buckd/resources/c0e4f9faf28e8d1629889e442a8efe2b52f535f6/buck-modules/dotnet.jar, /home/pedroimai/Projects/okbucktutorial/.buckd/resources/c0e4f9faf28e8d1629889e442a8efe2b52f535f6/buck-modules/ocaml.jar, /home/pedroimai/Projects/okbucktutorial/.buckd/resources/c0e4f9faf28e8d1629889e442a8efe2b52f535f6/buck-modules/ziprules.jar, /home/pedroimai/Projects/okbucktutorial/.buckd/resources/c0e4f9faf28e8d1629889e442a8efe2b52f535f6/buck-modules/lua.jar, /home/pedroimai/Projects/okbucktutorial/.buckd/resources/c0e4f9faf28e8d1629889e442a8efe2b52f535f6/buck-modules/d.jar, /home/pedroimai/Projects/okbucktutorial/.buckd/resources/c0e4f9faf28e8d1629889e442a8efe2b52f535f6/buck-modules/filebundler.jar, /home/pedroimai/Projects/okbucktutorial/.buckd/resources/c0e4f9faf28e8d1629889e442a8efe2b52f535f6/buck-modules/rust.jar, /home/pedroimai/Projects/okbucktutorial/.buckd/resources/c0e4f9faf28e8d1629889e442a8efe2b52f535f6/buck-modules/halide.jar, /home/pedroimai/Projects/okbucktutorial/.buckd/resources/c0e4f9faf28e8d1629889e442a8efe2b52f535f6/buck-modules/go.jar, /home/pedroimai/Projects/okbucktutorial/.buckd/resources/c0e4f9faf28e8d1629889e442a8efe2b52f535f6/buck-modules/intellij.jar, /home/pedroimai/Projects/okbucktutorial/.buckd/resources/c0e4f9faf28e8d1629889e442a8efe2b52f535f6/buck-modules/python.jar, /home/pedroimai/Projects/okbucktutorial/.buckd/resources/c0e4f9faf28e8d1629889e442a8efe2b52f535f6/buck-modules/xcode.jar]
[2019-04-03 17:29:03.438][debug][command:null][tid:14][org.pf4j.AbstractPluginManager] Use 'org.pf4j.CompoundPluginDescriptorFinder@43590229' to find plugins descriptors
[2019-04-03 17:29:03.439][debug][command:null][tid:14][org.pf4j.AbstractPluginManager] Finding plugin descriptor for plugin '/home/pedroimai/Projects/okbucktutorial/.buckd/resources/c0e4f9faf28e8d1629889e442a8efe2b52f535f6/buck-modules/haskell.jar'
[2019-04-03 17:29:03.439][debug][command:null][tid:14][org.pf4j.CompoundPluginDescriptorFinder] 'org.pf4j.ManifestPluginDescriptorFinder@350cfcbe' is applicable for plugin '/home/pedroimai/Projects/okbucktutorial/.buckd/resources/c0e4f9faf28e8d1629889e442a8efe2b52f535f6/buck-modules/haskell.jar'
[2019-04-03 17:29:03.440][debug][command:null][tid:14][org.pf4j.AbstractPluginManager] Found descriptor PluginDescriptor [pluginId=com.facebook.buck.features.haskell, pluginClass=com.facebook.buck.features.haskell.HaskellModuleAdapterPlugin, version=0.0.1, provider=null, dependencies=[], description=, requires=*, license=null]
[2019-04-03 17:29:03.441][debug][command:null][tid:14][org.pf4j.AbstractPluginManager] Class 'com.facebook.buck.features.haskell.HaskellModuleAdapterPlugin' for plugin '/home/pedroimai/Projects/okbucktutorial/.buckd/resources/c0e4f9faf28e8d1629889e442a8efe2b52f535f6/buck-modules/haskell.jar'
[2019-04-03 17:29:03.441][debug][command:null][tid:14][org.pf4j.AbstractPluginManager] Loading plugin '/home/pedroimai/Projects/okbucktutorial/.buckd/resources/c0e4f9faf28e8d1629889e442a8efe2b52f535f6/buck-modules/haskell.jar'
[2019-04-03 17:29:03.441][debug][command:null][tid:14][org.pf4j.PluginClassLoader] Add 'file:/home/pedroimai/Projects/okbucktutorial/.buckd/resources/c0e4f9faf28e8d1629889e442a8efe2b52f535f6/buck-modules/haskell.jar'
[2019-04-03 17:29:03.442][debug][command:null][tid:14][org.pf4j.AbstractPluginManager] Loaded plugin '/home/pedroimai/Projects/okbucktutorial/.buckd/resources/c0e4f9faf28e8d1629889e442a8efe2b52f535f6/buck-modules/haskell.jar' with class loader 'org.pf4j.PluginClassLoader@67e4e1ec'
[2019-04-03 17:29:03.442][debug][command:null][tid:14][org.pf4j.AbstractPluginManager] Creating wrapper for plugin '/home/pedroimai/Projects/okbucktutorial/.buckd/resources/c0e4f9faf28e8d1629889e442a8efe2b52f535f6/buck-modules/haskell.jar'
[2019-04-03 17:29:03.443][debug][command:null][tid:14][org.pf4j.AbstractPluginManager] Created wrapper 'PluginWrapper [descriptor=PluginDescriptor [pluginId=com.facebook.buck.features.haskell, pluginClass=com.facebook.buck.features.haskell.HaskellModuleAdapterPlugin, version=0.0.1, provider=null, dependencies=[], description=, requires=*, license=null], pluginPath=/home/pedroimai/Projects/okbucktutorial/.buckd/resources/c0e4f9faf28e8d1629889e442a8efe2b52f535f6/buck-modules/haskell.jar]' for plugin '/home/pedroimai/Projects/okbucktutorial/.buckd/resources/c0e4f9faf28e8d1629889e442a8efe2b52f535f6/buck-modules/haskell.jar'
[2019-04-03 17:29:03.443][debug][command:null][tid:14][org.pf4j.AbstractPluginManager] Use 'org.pf4j.CompoundPluginDescriptorFinder@43590229' to find plugins descriptors
[2019-04-03 17:29:03.443][debug][command:null][tid:14][org.pf4j.AbstractPluginManager] Finding plugin descriptor for plugin '/home/pedroimai/Projects/okbucktutorial/.buckd/resources/c0e4f9faf28e8d1629889e442a8efe2b52f535f6/buck-modules/js.jar'
[2019-04-03 17:29:03.444][debug][command:null][tid:14][org.pf4j.CompoundPluginDescriptorFinder] 'org.pf4j.ManifestPluginDescriptorFinder@350cfcbe' is applicable for plugin '/home/pedroimai/Projects/okbucktutorial/.buckd/resources/c0e4f9faf28e8d1629889e442a8efe2b52f535f6/buck-modules/js.jar'
[2019-04-03 17:29:03.444][debug][command:null][tid:14][org.pf4j.AbstractPluginManager] Found descriptor PluginDescriptor [pluginId=com.facebook.buck.features.js, pluginClass=com.facebook.buck.features.js.JsModuleAdapterPlugin, version=0.0.1, provider=null, dependencies=[], description=, requires=*, license=null]
[2019-04-03 17:29:03.444][debug][command:null][tid:14][org.pf4j.AbstractPluginManager] Class 'com.facebook.buck.features.js.JsModuleAdapterPlugin' for plugin '/home/pedroimai/Projects/okbucktutorial/.buckd/resources/c0e4f9faf28e8d1629889e442a8efe2b52f535f6/buck-modules/js.jar'
[2019-04-03 17:29:03.444][debug][command:null][tid:14][org.pf4j.AbstractPluginManager] Loading plugin '/home/pedroimai/Projects/okbucktutorial/.buckd/resources/c0e4f9faf28e8d1629889e442a8efe2b52f535f6/buck-modules/js.jar'
[2019-04-03 17:29:03.445][debug][command:null][tid:14][org.pf4j.PluginClassLoader] Add 'file:/home/pedroimai/Projects/okbucktutorial/.buckd/resources/c0e4f9faf28e8d1629889e442a8efe2b52f535f6/buck-modules/js.jar'
[2019-04-03 17:29:03.445][debug][command:null][tid:14][org.pf4j.AbstractPluginManager] Loaded plugin '/home/pedroimai/Projects/okbucktutorial/.buckd/resources/c0e4f9faf28e8d1629889e442a8efe2b52f535f6/buck-modules/js.jar' with class loader 'org.pf4j.PluginClassLoader@270ac8e5'
[2019-04-03 17:29:03.445][debug][command:null][tid:14][org.pf4j.AbstractPluginManager] Creating wrapper for plugin '/home/pedroimai/Projects/okbucktutorial/.buckd/resources/c0e4f9faf28e8d1629889e442a8efe2b52f535f6/buck-modules/js.jar'
[2019-04-03 17:29:03.446][debug][command:null][tid:14][org.pf4j.AbstractPluginManager] Created wrapper 'PluginWrapper [descriptor=PluginDescriptor [pluginId=com.facebook.buck.features.js, pluginClass=com.facebook.buck.features.js.JsModuleAdapterPlugin, version=0.0.1, provider=null, dependencies=[], description=, requires=*, license=null], pluginPath=/home/pedroimai/Projects/okbucktutorial/.buckd/resources/c0e4f9faf28e8d1629889e442a8efe2b52f535f6/buck-modules/js.jar]' for plugin '/home/pedroimai/Projects/okbucktutorial/.buckd/resources/c0e4f9faf28e8d1629889e442a8efe2b52f535f6/buck-modules/js.jar'
[2019-04-03 17:29:03.446][debug][command:null][tid:14][org.pf4j.AbstractPluginManager] Use 'org.pf4j.CompoundPluginDescriptorFinder@43590229' to find plugins descriptors
[2019-04-03 17:29:03.446][debug][command:null][tid:14][org.pf4j.AbstractPluginManager] Finding plugin descriptor for plugin '/home/pedroimai/Projects/okbucktutorial/.buckd/resources/c0e4f9faf28e8d1629889e442a8efe2b52f535f6/buck-modules/gwt.jar'
[2019-04-03 17:29:03.447][debug][command:null][tid:14][org.pf4j.CompoundPluginDescriptorFinder] 'org.pf4j.ManifestPluginDescriptorFinder@350cfcbe' is applicable for plugin '/home/pedroimai/Projects/okbucktutorial/.buckd/resources/c0e4f9faf28e8d1629889e442a8efe2b52f535f6/buck-modules/gwt.jar'
[2019-04-03 17:29:03.448][debug][command:null][tid:14][org.pf4j.AbstractPluginManager] Found descriptor PluginDescriptor [pluginId=com.facebook.buck.features.gwt, pluginClass=com.facebook.buck.features.gwt.GwtBuckModuleAdapterPlugin, version=0.0.1, provider=null, dependencies=[], description=, requires=*, license=null]
[2019-04-03 17:29:03.448][debug][command:null][tid:14][org.pf4j.AbstractPluginManager] Class 'com.facebook.buck.features.gwt.GwtBuckModuleAdapterPlugin' for plugin '/home/pedroimai/Projects/okbucktutorial/.buckd/resources/c0e4f9faf28e8d1629889e442a8efe2b52f535f6/buck-modules/gwt.jar'
[2019-04-03 17:29:03.448][debug][command:null][tid:14][org.pf4j.AbstractPluginManager] Loading plugin '/home/pedroimai/Projects/okbucktutorial/.buckd/resources/c0e4f9faf28e8d1629889e442a8efe2b52f535f6/buck-modules/gwt.jar'
[2019-04-03 17:29:03.448][debug][command:null][tid:14][org.pf4j.PluginClassLoader] Add 'file:/home/pedroimai/Projects/okbucktutorial/.buckd/resources/c0e4f9faf28e8d1629889e442a8efe2b52f535f6/buck-modules/gwt.jar'
[2019-04-03 17:29:03.449][debug][command:null][tid:14][org.pf4j.AbstractPluginManager] Loaded plugin '/home/pedroimai/Projects/okbucktutorial/.buckd/resources/c0e4f9faf28e8d1629889e442a8efe2b52f535f6/buck-modules/gwt.jar' with class loader 'org.pf4j.PluginClassLoader@70f596fd'
[2019-04-03 17:29:03.449][debug][command:null][tid:14][org.pf4j.AbstractPluginManager] Creating wrapper for plugin '/home/pedroimai/Projects/okbucktutorial/.buckd/resources/c0e4f9faf28e8d1629889e442a8efe2b52f535f6/buck-modules/gwt.jar'
[2019-04-03 17:29:03.449][debug][command:null][tid:14][org.pf4j.AbstractPluginManager] Created wrapper 'PluginWrapper [descriptor=PluginDescriptor [pluginId=com.facebook.buck.features.gwt, pluginClass=com.facebook.buck.features.gwt.GwtBuckModuleAdapterPlugin, version=0.0.1, provider=null, dependencies=[], description=, requires=*, license=null], pluginPath=/home/pedroimai/Projects/okbucktutorial/.buckd/resources/c0e4f9faf28e8d1629889e442a8efe2b52f535f6/buck-modules/gwt.jar]' for plugin '/home/pedroimai/Projects/okbucktutorial/.buckd/resources/c0e4f9faf28e8d1629889e442a8efe2b52f535f6/buck-modules/gwt.jar'
[2019-04-03 17:29:03.449][debug][command:null][tid:14][org.pf4j.AbstractPluginManager] Use 'org.pf4j.CompoundPluginDescriptorFinder@43590229' to find plugins descriptors
[2019-04-03 17:29:03.450][debug][command:null][tid:14][org.pf4j.AbstractPluginManager] Finding plugin descriptor for plugin '/home/pedroimai/Projects/okbucktutorial/.buckd/resources/c0e4f9faf28e8d1629889e442a8efe2b52f535f6/buck-modules/filegroup.jar'
[2019-04-03 17:29:03.450][debug][command:null][tid:14][org.pf4j.CompoundPluginDescriptorFinder] 'org.pf4j.ManifestPluginDescriptorFinder@350cfcbe' is applicable for plugin '/home/pedroimai/Projects/okbucktutorial/.buckd/resources/c0e4f9faf28e8d1629889e442a8efe2b52f535f6/buck-modules/filegroup.jar'
[2019-04-03 17:29:03.451][debug][command:null][tid:14][org.pf4j.AbstractPluginManager] Found descriptor PluginDescriptor [pluginId=com.facebook.buck.features.filegroup, pluginClass=com.facebook.buck.features.filegroup.FilegroupModuleAdapterPlugin, version=0.0.1, provider=null, dependencies=[PluginDependency [pluginId=com.facebook.buck.features.filebundler, pluginVersionSupport=*]], description=, requires=*, license=null]
[2019-04-03 17:29:03.451][debug][command:null][tid:14][org.pf4j.AbstractPluginManager] Class 'com.facebook.buck.features.filegroup.FilegroupModuleAdapterPlugin' for plugin '/home/pedroimai/Projects/okbucktutorial/.buckd/resources/c0e4f9faf28e8d1629889e442a8efe2b52f535f6/buck-modules/filegroup.jar'
[2019-04-03 17:29:03.451][debug][command:null][tid:14][org.pf4j.AbstractPluginManager] Loading plugin '/home/pedroimai/Projects/okbucktutorial/.buckd/resources/c0e4f9faf28e8d1629889e442a8efe2b52f535f6/buck-modules/filegroup.jar'
[2019-04-03 17:29:03.452][debug][command:null][tid:14][org.pf4j.PluginClassLoader] Add 'file:/home/pedroimai/Projects/okbucktutorial/.buckd/resources/c0e4f9faf28e8d1629889e442a8efe2b52f535f6/buck-modules/filegroup.jar'
[2019-04-03 17:29:03.452][debug][command:null][tid:14][org.pf4j.AbstractPluginManager] Loaded plugin '/home/pedroimai/Projects/okbucktutorial/.buckd/resources/c0e4f9faf28e8d1629889e442a8efe2b52f535f6/buck-modules/filegroup.jar' with class loader 'org.pf4j.PluginClassLoader@22971166'
[2019-04-03 17:29:03.452][debug][command:null][tid:14][org.pf4j.AbstractPluginManager] Creating wrapper for plugin '/home/pedroimai/Projects/okbucktutorial/.buckd/resources/c0e4f9faf28e8d1629889e442a8efe2b52f535f6/buck-modules/filegroup.jar'
[2019-04-03 17:29:03.452][debug][command:null][tid:14][org.pf4j.AbstractPluginManager] Created wrapper 'PluginWrapper [descriptor=PluginDescriptor [pluginId=com.facebook.buck.features.filegroup, pluginClass=com.facebook.buck.features.filegroup.FilegroupModuleAdapterPlugin, version=0.0.1, provider=null, dependencies=[PluginDependency [pluginId=com.facebook.buck.features.filebundler, pluginVersionSupport=*]], description=, requires=*, license=null], pluginPath=/home/pedroimai/Projects/okbucktutorial/.buckd/resources/c0e4f9faf28e8d1629889e442a8efe2b52f535f6/buck-modules/filegroup.jar]' for plugin '/home/pedroimai/Projects/okbucktutorial/.buckd/resources/c0e4f9faf28e8d1629889e442a8efe2b52f535f6/buck-modules/filegroup.jar'
[2019-04-03 17:29:03.452][debug][command:null][tid:14][org.pf4j.AbstractPluginManager] Use 'org.pf4j.CompoundPluginDescriptorFinder@43590229' to find plugins descriptors
[2019-04-03 17:29:03.452][debug][command:null][tid:14][org.pf4j.AbstractPluginManager] Finding plugin descriptor for plugin '/home/pedroimai/Projects/okbucktutorial/.buckd/resources/c0e4f9faf28e8d1629889e442a8efe2b52f535f6/buck-modules/dotnet.jar'
[2019-04-03 17:29:03.453][debug][command:null][tid:14][org.pf4j.CompoundPluginDescriptorFinder] 'org.pf4j.ManifestPluginDescriptorFinder@350cfcbe' is applicable for plugin '/home/pedroimai/Projects/okbucktutorial/.buckd/resources/c0e4f9faf28e8d1629889e442a8efe2b52f535f6/buck-modules/dotnet.jar'
[2019-04-03 17:29:03.453][debug][command:null][tid:14][org.pf4j.AbstractPluginManager] Found descriptor PluginDescriptor [pluginId=com.facebook.buck.features.dotnet, pluginClass=com.facebook.buck.features.dotnet.DotnetModuleAdapterPlugin, version=0.0.1, provider=null, dependencies=[], description=, requires=*, license=null]
[2019-04-03 17:29:03.453][debug][command:null][tid:14][org.pf4j.AbstractPluginManager] Class 'com.facebook.buck.features.dotnet.DotnetModuleAdapterPlugin' for plugin '/home/pedroimai/Projects/okbucktutorial/.buckd/resources/c0e4f9faf28e8d1629889e442a8efe2b52f535f6/buck-modules/dotnet.jar'
[2019-04-03 17:29:03.453][debug][command:null][tid:14][org.pf4j.AbstractPluginManager] Loading plugin '/home/pedroimai/Projects/okbucktutorial/.buckd/resources/c0e4f9faf28e8d1629889e442a8efe2b52f535f6/buck-modules/dotnet.jar'
[2019-04-03 17:29:03.453][debug][command:null][tid:14][org.pf4j.PluginClassLoader] Add 'file:/home/pedroimai/Projects/okbucktutorial/.buckd/resources/c0e4f9faf28e8d1629889e442a8efe2b52f535f6/buck-modules/dotnet.jar'
[2019-04-03 17:29:03.454][debug][command:null][tid:14][org.pf4j.AbstractPluginManager] Loaded plugin '/home/pedroimai/Projects/okbucktutorial/.buckd/resources/c0e4f9faf28e8d1629889e442a8efe2b52f535f6/buck-modules/dotnet.jar' with class loader 'org.pf4j.PluginClassLoader@29619fdb'
[2019-04-03 17:29:03.454][debug][command:null][tid:14][org.pf4j.AbstractPluginManager] Creating wrapper for plugin '/home/pedroimai/Projects/okbucktutorial/.buckd/resources/c0e4f9faf28e8d1629889e442a8efe2b52f535f6/buck-modules/dotnet.jar'
[2019-04-03 17:29:03.454][debug][command:null][tid:14][org.pf4j.AbstractPluginManager] Created wrapper 'PluginWrapper [descriptor=PluginDescriptor [pluginId=com.facebook.buck.features.dotnet, pluginClass=com.facebook.buck.features.dotnet.DotnetModuleAdapterPlugin, version=0.0.1, provider=null, dependencies=[], description=, requires=*, license=null], pluginPath=/home/pedroimai/Projects/okbucktutorial/.buckd/resources/c0e4f9faf28e8d1629889e442a8efe2b52f535f6/buck-modules/dotnet.jar]' for plugin '/home/pedroimai/Projects/okbucktutorial/.buckd/resources/c0e4f9faf28e8d1629889e442a8efe2b52f535f6/buck-modules/dotnet.jar'
[2019-04-03 17:29:03.454][debug][command:null][tid:14][org.pf4j.AbstractPluginManager] Use 'org.pf4j.CompoundPluginDescriptorFinder@43590229' to find plugins descriptors
[2019-04-03 17:29:03.454][debug][command:null][tid:14][org.pf4j.AbstractPluginManager] Finding plugin descriptor for plugin '/home/pedroimai/Projects/okbucktutorial/.buckd/resources/c0e4f9faf28e8d1629889e442a8efe2b52f535f6/buck-modules/ocaml.jar'
[2019-04-03 17:29:03.454][debug][command:null][tid:14][org.pf4j.CompoundPluginDescriptorFinder] 'org.pf4j.ManifestPluginDescriptorFinder@350cfcbe' is applicable for plugin '/home/pedroimai/Projects/okbucktutorial/.buckd/resources/c0e4f9faf28e8d1629889e442a8efe2b52f535f6/buck-modules/ocaml.jar'
[2019-04-03 17:29:03.455][debug][command:null][tid:14][org.pf4j.AbstractPluginManager] Found descriptor PluginDescriptor [pluginId=com.facebook.buck.features.ocaml, pluginClass=com.facebook.buck.features.ocaml.OcamlModuleAdapterPlugin, version=0.0.1, provider=null, dependencies=[], description=, requires=*, license=null]
[2019-04-03 17:29:03.455][debug][command:null][tid:14][org.pf4j.AbstractPluginManager] Class 'com.facebook.buck.features.ocaml.OcamlModuleAdapterPlugin' for plugin '/home/pedroimai/Projects/okbucktutorial/.buckd/resources/c0e4f9faf28e8d1629889e442a8efe2b52f535f6/buck-modules/ocaml.jar'
[2019-04-03 17:29:03.455][debug][command:null][tid:14][org.pf4j.AbstractPluginManager] Loading plugin '/home/pedroimai/Projects/okbucktutorial/.buckd/resources/c0e4f9faf28e8d1629889e442a8efe2b52f535f6/buck-modules/ocaml.jar'
[2019-04-03 17:29:03.455][debug][command:null][tid:14][org.pf4j.PluginClassLoader] Add 'file:/home/pedroimai/Projects/okbucktutorial/.buckd/resources/c0e4f9faf28e8d1629889e442a8efe2b52f535f6/buck-modules/ocaml.jar'
[2019-04-03 17:29:03.456][debug][command:null][tid:14][org.pf4j.AbstractPluginManager] Loaded plugin '/home/pedroimai/Projects/okbucktutorial/.buckd/resources/c0e4f9faf28e8d1629889e442a8efe2b52f535f6/buck-modules/ocaml.jar' with class loader 'org.pf4j.PluginClassLoader@24c0213e'
[2019-04-03 17:29:03.456][debug][command:null][tid:14][org.pf4j.AbstractPluginManager] Creating wrapper for plugin '/home/pedroimai/Projects/okbucktutorial/.buckd/resources/c0e4f9faf28e8d1629889e442a8efe2b52f535f6/buck-modules/ocaml.jar'
[2019-04-03 17:29:03.456][debug][command:null][tid:14][org.pf4j.AbstractPluginManager] Created wrapper 'PluginWrapper [descriptor=PluginDescriptor [pluginId=com.facebook.buck.features.ocaml, pluginClass=com.facebook.buck.features.ocaml.OcamlModuleAdapterPlugin, version=0.0.1, provider=null, dependencies=[], description=, requires=*, license=null], pluginPath=/home/pedroimai/Projects/okbucktutorial/.buckd/resources/c0e4f9faf28e8d1629889e442a8efe2b52f535f6/buck-modules/ocaml.jar]' for plugin '/home/pedroimai/Projects/okbucktutorial/.buckd/resources/c0e4f9faf28e8d1629889e442a8efe2b52f535f6/buck-modules/ocaml.jar'
[2019-04-03 17:29:03.456][debug][command:null][tid:14][org.pf4j.AbstractPluginManager] Use 'org.pf4j.CompoundPluginDescriptorFinder@43590229' to find plugins descriptors
[2019-04-03 17:29:03.456][debug][command:null][tid:14][org.pf4j.AbstractPluginManager] Finding plugin descriptor for plugin '/home/pedroimai/Projects/okbucktutorial/.buckd/resources/c0e4f9faf28e8d1629889e442a8efe2b52f535f6/buck-modules/ziprules.jar'
[2019-04-03 17:29:03.456][debug][command:null][tid:14][org.pf4j.CompoundPluginDescriptorFinder] 'org.pf4j.ManifestPluginDescriptorFinder@350cfcbe' is applicable for plugin '/home/pedroimai/Projects/okbucktutorial/.buckd/resources/c0e4f9faf28e8d1629889e442a8efe2b52f535f6/buck-modules/ziprules.jar'
[2019-04-03 17:29:03.457][debug][command:null][tid:14][org.pf4j.AbstractPluginManager] Found descriptor PluginDescriptor [pluginId=com.facebook.buck.features.zip.rules, pluginClass=com.facebook.buck.features.zip.rules.ZipRulesModuleAdapterPlugin, version=0.0.1, provider=null, dependencies=[PluginDependency [pluginId=com.facebook.buck.features.filebundler, pluginVersionSupport=*]], description=, requires=*, license=null]
[2019-04-03 17:29:03.457][debug][command:null][tid:14][org.pf4j.AbstractPluginManager] Class 'com.facebook.buck.features.zip.rules.ZipRulesModuleAdapterPlugin' for plugin '/home/pedroimai/Projects/okbucktutorial/.buckd/resources/c0e4f9faf28e8d1629889e442a8efe2b52f535f6/buck-modules/ziprules.jar'
[2019-04-03 17:29:03.457][debug][command:null][tid:14][org.pf4j.AbstractPluginManager] Loading plugin '/home/pedroimai/Projects/okbucktutorial/.buckd/resources/c0e4f9faf28e8d1629889e442a8efe2b52f535f6/buck-modules/ziprules.jar'
[2019-04-03 17:29:03.457][debug][command:null][tid:14][org.pf4j.PluginClassLoader] Add 'file:/home/pedroimai/Projects/okbucktutorial/.buckd/resources/c0e4f9faf28e8d1629889e442a8efe2b52f535f6/buck-modules/ziprules.jar'
[2019-04-03 17:29:03.457][debug][command:null][tid:14][org.pf4j.AbstractPluginManager] Loaded plugin '/home/pedroimai/Projects/okbucktutorial/.buckd/resources/c0e4f9faf28e8d1629889e442a8efe2b52f535f6/buck-modules/ziprules.jar' with class loader 'org.pf4j.PluginClassLoader@325d4a00'
[2019-04-03 17:29:03.457][debug][command:null][tid:14][org.pf4j.AbstractPluginManager] Creating wrapper for plugin '/home/pedroimai/Projects/okbucktutorial/.buckd/resources/c0e4f9faf28e8d1629889e442a8efe2b52f535f6/buck-modules/ziprules.jar'
[2019-04-03 17:29:03.458][debug][command:null][tid:14][org.pf4j.AbstractPluginManager] Created wrapper 'PluginWrapper [descriptor=PluginDescriptor [pluginId=com.facebook.buck.features.zip.rules, pluginClass=com.facebook.buck.features.zip.rules.ZipRulesModuleAdapterPlugin, version=0.0.1, provider=null, dependencies=[PluginDependency [pluginId=com.facebook.buck.features.filebundler, pluginVersionSupport=*]], description=, requires=*, license=null], pluginPath=/home/pedroimai/Projects/okbucktutorial/.buckd/resources/c0e4f9faf28e8d1629889e442a8efe2b52f535f6/buck-modules/ziprules.jar]' for plugin '/home/pedroimai/Projects/okbucktutorial/.buckd/resources/c0e4f9faf28e8d1629889e442a8efe2b52f535f6/buck-modules/ziprules.jar'
[2019-04-03 17:29:03.458][debug][command:null][tid:14][org.pf4j.AbstractPluginManager] Use 'org.pf4j.CompoundPluginDescriptorFinder@43590229' to find plugins descriptors
[2019-04-03 17:29:03.458][debug][command:null][tid:14][org.pf4j.AbstractPluginManager] Finding plugin descriptor for plugin '/home/pedroimai/Projects/okbucktutorial/.buckd/resources/c0e4f9faf28e8d1629889e442a8efe2b52f535f6/buck-modules/lua.jar'
[2019-04-03 17:29:03.458][debug][command:null][tid:14][org.pf4j.CompoundPluginDescriptorFinder] 'org.pf4j.ManifestPluginDescriptorFinder@350cfcbe' is applicable for plugin '/home/pedroimai/Projects/okbucktutorial/.buckd/resources/c0e4f9faf28e8d1629889e442a8efe2b52f535f6/buck-modules/lua.jar'
[2019-04-03 17:29:03.459][debug][command:null][tid:14][org.pf4j.AbstractPluginManager] Found descriptor PluginDescriptor [pluginId=com.facebook.buck.features.lua, pluginClass=com.facebook.buck.features.lua.LuaModuleAdapterPlugin, version=0.0.1, provider=null, dependencies=[PluginDependency [pluginId=com.facebook.buck.features.python, pluginVersionSupport=*]], description=, requires=*, license=null]
[2019-04-03 17:29:03.459][debug][command:null][tid:14][org.pf4j.AbstractPluginManager] Class 'com.facebook.buck.features.lua.LuaModuleAdapterPlugin' for plugin '/home/pedroimai/Projects/okbucktutorial/.buckd/resources/c0e4f9faf28e8d1629889e442a8efe2b52f535f6/buck-modules/lua.jar'
[2019-04-03 17:29:03.459][debug][command:null][tid:14][org.pf4j.AbstractPluginManager] Loading plugin '/home/pedroimai/Projects/okbucktutorial/.buckd/resources/c0e4f9faf28e8d1629889e442a8efe2b52f535f6/buck-modules/lua.jar'
[2019-04-03 17:29:03.459][debug][command:null][tid:14][org.pf4j.PluginClassLoader] Add 'file:/home/pedroimai/Projects/okbucktutorial/.buckd/resources/c0e4f9faf28e8d1629889e442a8efe2b52f535f6/buck-modules/lua.jar'
[2019-04-03 17:29:03.459][debug][command:null][tid:14][org.pf4j.AbstractPluginManager] Loaded plugin '/home/pedroimai/Projects/okbucktutorial/.buckd/resources/c0e4f9faf28e8d1629889e442a8efe2b52f535f6/buck-modules/lua.jar' with class loader 'org.pf4j.PluginClassLoader@3e215af9'
[2019-04-03 17:29:03.459][debug][command:null][tid:14][org.pf4j.AbstractPluginManager] Creating wrapper for plugin '/home/pedroimai/Projects/okbucktutorial/.buckd/resources/c0e4f9faf28e8d1629889e442a8efe2b52f535f6/buck-modules/lua.jar'
[2019-04-03 17:29:03.460][debug][command:null][tid:14][org.pf4j.AbstractPluginManager] Created wrapper 'PluginWrapper [descriptor=PluginDescriptor [pluginId=com.facebook.buck.features.lua, pluginClass=com.facebook.buck.features.lua.LuaModuleAdapterPlugin, version=0.0.1, provider=null, dependencies=[PluginDependency [pluginId=com.facebook.buck.features.python, pluginVersionSupport=*]], description=, requires=*, license=null], pluginPath=/home/pedroimai/Projects/okbucktutorial/.buckd/resources/c0e4f9faf28e8d1629889e442a8efe2b52f535f6/buck-modules/lua.jar]' for plugin '/home/pedroimai/Projects/okbucktutorial/.buckd/resources/c0e4f9faf28e8d1629889e442a8efe2b52f535f6/buck-modules/lua.jar'
[2019-04-03 17:29:03.460][debug][command:null][tid:14][org.pf4j.AbstractPluginManager] Use 'org.pf4j.CompoundPluginDescriptorFinder@43590229' to find plugins descriptors
[2019-04-03 17:29:03.460][debug][command:null][tid:14][org.pf4j.AbstractPluginManager] Finding plugin descriptor for plugin '/home/pedroimai/Projects/okbucktutorial/.buckd/resources/c0e4f9faf28e8d1629889e442a8efe2b52f535f6/buck-modules/d.jar'
[2019-04-03 17:29:03.461][debug][command:null][tid:14][org.pf4j.CompoundPluginDescriptorFinder] 'org.pf4j.ManifestPluginDescriptorFinder@350cfcbe' is applicable for plugin '/home/pedroimai/Projects/okbucktutorial/.buckd/resources/c0e4f9faf28e8d1629889e442a8efe2b52f535f6/buck-modules/d.jar'
[2019-04-03 17:29:03.461][debug][command:null][tid:14][org.pf4j.AbstractPluginManager] Found descriptor PluginDescriptor [pluginId=com.facebook.buck.features.d, pluginClass=com.facebook.buck.features.d.DModuleAdapterPlugin, version=0.0.1, provider=null, dependencies=[], description=, requires=*, license=null]
[2019-04-03 17:29:03.461][debug][command:null][tid:14][org.pf4j.AbstractPluginManager] Class 'com.facebook.buck.features.d.DModuleAdapterPlugin' for plugin '/home/pedroimai/Projects/okbucktutorial/.buckd/resources/c0e4f9faf28e8d1629889e442a8efe2b52f535f6/buck-modules/d.jar'
[2019-04-03 17:29:03.461][debug][command:null][tid:14][org.pf4j.AbstractPluginManager] Loading plugin '/home/pedroimai/Projects/okbucktutorial/.buckd/resources/c0e4f9faf28e8d1629889e442a8efe2b52f535f6/buck-modules/d.jar'
[2019-04-03 17:29:03.462][debug][command:null][tid:14][org.pf4j.PluginClassLoader] Add 'file:/home/pedroimai/Projects/okbucktutorial/.buckd/resources/c0e4f9faf28e8d1629889e442a8efe2b52f535f6/buck-modules/d.jar'
[2019-04-03 17:29:03.462][debug][command:null][tid:14][org.pf4j.AbstractPluginManager] Loaded plugin '/home/pedroimai/Projects/okbucktutorial/.buckd/resources/c0e4f9faf28e8d1629889e442a8efe2b52f535f6/buck-modules/d.jar' with class loader 'org.pf4j.PluginClassLoader@19290f03'
[2019-04-03 17:29:03.462][debug][command:null][tid:14][org.pf4j.AbstractPluginManager] Creating wrapper for plugin '/home/pedroimai/Projects/okbucktutorial/.buckd/resources/c0e4f9faf28e8d1629889e442a8efe2b52f535f6/buck-modules/d.jar'
[2019-04-03 17:29:03.462][debug][command:null][tid:14][org.pf4j.AbstractPluginManager] Created wrapper 'PluginWrapper [descriptor=PluginDescriptor [pluginId=com.facebook.buck.features.d, pluginClass=com.facebook.buck.features.d.DModuleAdapterPlugin, version=0.0.1, provider=null, dependencies=[], description=, requires=*, license=null], pluginPath=/home/pedroimai/Projects/okbucktutorial/.buckd/resources/c0e4f9faf28e8d1629889e442a8efe2b52f535f6/buck-modules/d.jar]' for plugin '/home/pedroimai/Projects/okbucktutorial/.buckd/resources/c0e4f9faf28e8d1629889e442a8efe2b52f535f6/buck-modules/d.jar'
[2019-04-03 17:29:03.463][debug][command:null][tid:14][org.pf4j.AbstractPluginManager] Use 'org.pf4j.CompoundPluginDescriptorFinder@43590229' to find plugins descriptors
[2019-04-03 17:29:03.463][debug][command:null][tid:14][org.pf4j.AbstractPluginManager] Finding plugin descriptor for plugin '/home/pedroimai/Projects/okbucktutorial/.buckd/resources/c0e4f9faf28e8d1629889e442a8efe2b52f535f6/buck-modules/filebundler.jar'
[2019-04-03 17:29:03.463][debug][command:null][tid:14][org.pf4j.CompoundPluginDescriptorFinder] 'org.pf4j.ManifestPluginDescriptorFinder@350cfcbe' is applicable for plugin '/home/pedroimai/Projects/okbucktutorial/.buckd/resources/c0e4f9faf28e8d1629889e442a8efe2b52f535f6/buck-modules/filebundler.jar'
[2019-04-03 17:29:03.464][debug][command:null][tid:14][org.pf4j.AbstractPluginManager] Found descriptor PluginDescriptor [pluginId=com.facebook.buck.features.filebundler, pluginClass=com.facebook.buck.features.filebundler.FileBundlerModuleAdapterPlugin, version=0.0.1, provider=null, dependencies=[], description=, requires=*, license=null]
[2019-04-03 17:29:03.464][debug][command:null][tid:14][org.pf4j.AbstractPluginManager] Class 'com.facebook.buck.features.filebundler.FileBundlerModuleAdapterPlugin' for plugin '/home/pedroimai/Projects/okbucktutorial/.buckd/resources/c0e4f9faf28e8d1629889e442a8efe2b52f535f6/buck-modules/filebundler.jar'
[2019-04-03 17:29:03.464][debug][command:null][tid:14][org.pf4j.AbstractPluginManager] Loading plugin '/home/pedroimai/Projects/okbucktutorial/.buckd/resources/c0e4f9faf28e8d1629889e442a8efe2b52f535f6/buck-modules/filebundler.jar'
[2019-04-03 17:29:03.465][debug][command:null][tid:14][org.pf4j.PluginClassLoader] Add 'file:/home/pedroimai/Projects/okbucktutorial/.buckd/resources/c0e4f9faf28e8d1629889e442a8efe2b52f535f6/buck-modules/filebundler.jar'
[2019-04-03 17:29:03.465][debug][command:null][tid:14][org.pf4j.AbstractPluginManager] Loaded plugin '/home/pedroimai/Projects/okbucktutorial/.buckd/resources/c0e4f9faf28e8d1629889e442a8efe2b52f535f6/buck-modules/filebundler.jar' with class loader 'org.pf4j.PluginClassLoader@7b541583'
[2019-04-03 17:29:03.465][debug][command:null][tid:14][org.pf4j.AbstractPluginManager] Creating wrapper for plugin '/home/pedroimai/Projects/okbucktutorial/.buckd/resources/c0e4f9faf28e8d1629889e442a8efe2b52f535f6/buck-modules/filebundler.jar'
[2019-04-03 17:29:03.465][debug][command:null][tid:14][org.pf4j.AbstractPluginManager] Created wrapper 'PluginWrapper [descriptor=PluginDescriptor [pluginId=com.facebook.buck.features.filebundler, pluginClass=com.facebook.buck.features.filebundler.FileBundlerModuleAdapterPlugin, version=0.0.1, provider=null, dependencies=[], description=, requires=*, license=null], pluginPath=/home/pedroimai/Projects/okbucktutorial/.buckd/resources/c0e4f9faf28e8d1629889e442a8efe2b52f535f6/buck-modules/filebundler.jar]' for plugin '/home/pedroimai/Projects/okbucktutorial/.buckd/resources/c0e4f9faf28e8d1629889e442a8efe2b52f535f6/buck-modules/filebundler.jar'
[2019-04-03 17:29:03.465][debug][command:null][tid:14][org.pf4j.AbstractPluginManager] Use 'org.pf4j.CompoundPluginDescriptorFinder@43590229' to find plugins descriptors
[2019-04-03 17:29:03.466][debug][command:null][tid:14][org.pf4j.AbstractPluginManager] Finding plugin descriptor for plugin '/home/pedroimai/Projects/okbucktutorial/.buckd/resources/c0e4f9faf28e8d1629889e442a8efe2b52f535f6/buck-modules/rust.jar'
[2019-04-03 17:29:03.466][debug][command:null][tid:14][org.pf4j.CompoundPluginDescriptorFinder] 'org.pf4j.ManifestPluginDescriptorFinder@350cfcbe' is applicable for plugin '/home/pedroimai/Projects/okbucktutorial/.buckd/resources/c0e4f9faf28e8d1629889e442a8efe2b52f535f6/buck-modules/rust.jar'
[2019-04-03 17:29:03.466][debug][command:null][tid:14][org.pf4j.AbstractPluginManager] Found descriptor PluginDescriptor [pluginId=com.facebook.buck.features.rust, pluginClass=com.facebook.buck.features.rust.RustModuleAdapterPlugin, version=0.0.1, provider=null, dependencies=[], description=, requires=*, license=null]
[2019-04-03 17:29:03.467][debug][command:null][tid:14][org.pf4j.AbstractPluginManager] Class 'com.facebook.buck.features.rust.RustModuleAdapterPlugin' for plugin '/home/pedroimai/Projects/okbucktutorial/.buckd/resources/c0e4f9faf28e8d1629889e442a8efe2b52f535f6/buck-modules/rust.jar'
[2019-04-03 17:29:03.467][debug][command:null][tid:14][org.pf4j.AbstractPluginManager] Loading plugin '/home/pedroimai/Projects/okbucktutorial/.buckd/resources/c0e4f9faf28e8d1629889e442a8efe2b52f535f6/buck-modules/rust.jar'
[2019-04-03 17:29:03.467][debug][command:null][tid:14][org.pf4j.PluginClassLoader] Add 'file:/home/pedroimai/Projects/okbucktutorial/.buckd/resources/c0e4f9faf28e8d1629889e442a8efe2b52f535f6/buck-modules/rust.jar'
[2019-04-03 17:29:03.467][debug][command:null][tid:14][org.pf4j.AbstractPluginManager] Loaded plugin '/home/pedroimai/Projects/okbucktutorial/.buckd/resources/c0e4f9faf28e8d1629889e442a8efe2b52f535f6/buck-modules/rust.jar' with class loader 'org.pf4j.PluginClassLoader@64f8600e'
[2019-04-03 17:29:03.468][debug][command:null][tid:14][org.pf4j.AbstractPluginManager] Creating wrapper for plugin '/home/pedroimai/Projects/okbucktutorial/.buckd/resources/c0e4f9faf28e8d1629889e442a8efe2b52f535f6/buck-modules/rust.jar'
[2019-04-03 17:29:03.468][debug][command:null][tid:14][org.pf4j.AbstractPluginManager] Created wrapper 'PluginWrapper [descriptor=PluginDescriptor [pluginId=com.facebook.buck.features.rust, pluginClass=com.facebook.buck.features.rust.RustModuleAdapterPlugin, version=0.0.1, provider=null, dependencies=[], description=, requires=*, license=null], pluginPath=/home/pedroimai/Projects/okbucktutorial/.buckd/resources/c0e4f9faf28e8d1629889e442a8efe2b52f535f6/buck-modules/rust.jar]' for plugin '/home/pedroimai/Projects/okbucktutorial/.buckd/resources/c0e4f9faf28e8d1629889e442a8efe2b52f535f6/buck-modules/rust.jar'
[2019-04-03 17:29:03.468][debug][command:null][tid:14][org.pf4j.AbstractPluginManager] Use 'org.pf4j.CompoundPluginDescriptorFinder@43590229' to find plugins descriptors
[2019-04-03 17:29:03.468][debug][command:null][tid:14][org.pf4j.AbstractPluginManager] Finding plugin descriptor for plugin '/home/pedroimai/Projects/okbucktutorial/.buckd/resources/c0e4f9faf28e8d1629889e442a8efe2b52f535f6/buck-modules/halide.jar'
[2019-04-03 17:29:03.469][debug][command:null][tid:14][org.pf4j.CompoundPluginDescriptorFinder] 'org.pf4j.ManifestPluginDescriptorFinder@350cfcbe' is applicable for plugin '/home/pedroimai/Projects/okbucktutorial/.buckd/resources/c0e4f9faf28e8d1629889e442a8efe2b52f535f6/buck-modules/halide.jar'
[2019-04-03 17:29:03.469][debug][command:null][tid:14][org.pf4j.AbstractPluginManager] Found descriptor PluginDescriptor [pluginId=com.facebook.buck.features.halide, pluginClass=com.facebook.buck.features.halide.HalideModuleAdapterPlugin, version=0.0.1, provider=null, dependencies=[], description=, requires=*, license=null]
[2019-04-03 17:29:03.470][debug][command:null][tid:14][org.pf4j.AbstractPluginManager] Class 'com.facebook.buck.features.halide.HalideModuleAdapterPlugin' for plugin '/home/pedroimai/Projects/okbucktutorial/.buckd/resources/c0e4f9faf28e8d1629889e442a8efe2b52f535f6/buck-modules/halide.jar'
[2019-04-03 17:29:03.470][debug][command:null][tid:14][org.pf4j.AbstractPluginManager] Loading plugin '/home/pedroimai/Projects/okbucktutorial/.buckd/resources/c0e4f9faf28e8d1629889e442a8efe2b52f535f6/buck-modules/halide.jar'
[2019-04-03 17:29:03.470][debug][command:null][tid:14][org.pf4j.PluginClassLoader] Add 'file:/home/pedroimai/Projects/okbucktutorial/.buckd/resources/c0e4f9faf28e8d1629889e442a8efe2b52f535f6/buck-modules/halide.jar'
[2019-04-03 17:29:03.471][debug][command:null][tid:14][org.pf4j.AbstractPluginManager] Loaded plugin '/home/pedroimai/Projects/okbucktutorial/.buckd/resources/c0e4f9faf28e8d1629889e442a8efe2b52f535f6/buck-modules/halide.jar' with class loader 'org.pf4j.PluginClassLoader@34ef239b'
[2019-04-03 17:29:03.471][debug][command:null][tid:14][org.pf4j.AbstractPluginManager] Creating wrapper for plugin '/home/pedroimai/Projects/okbucktutorial/.buckd/resources/c0e4f9faf28e8d1629889e442a8efe2b52f535f6/buck-modules/halide.jar'
[2019-04-03 17:29:03.471][debug][command:null][tid:14][org.pf4j.AbstractPluginManager] Created wrapper 'PluginWrapper [descriptor=PluginDescriptor [pluginId=com.facebook.buck.features.halide, pluginClass=com.facebook.buck.features.halide.HalideModuleAdapterPlugin, version=0.0.1, provider=null, dependencies=[], description=, requires=*, license=null], pluginPath=/home/pedroimai/Projects/okbucktutorial/.buckd/resources/c0e4f9faf28e8d1629889e442a8efe2b52f535f6/buck-modules/halide.jar]' for plugin '/home/pedroimai/Projects/okbucktutorial/.buckd/resources/c0e4f9faf28e8d1629889e442a8efe2b52f535f6/buck-modules/halide.jar'
[2019-04-03 17:29:03.472][debug][command:null][tid:14][org.pf4j.AbstractPluginManager] Use 'org.pf4j.CompoundPluginDescriptorFinder@43590229' to find plugins descriptors
[2019-04-03 17:29:03.472][debug][command:null][tid:14][org.pf4j.AbstractPluginManager] Finding plugin descriptor for plugin '/home/pedroimai/Projects/okbucktutorial/.buckd/resources/c0e4f9faf28e8d1629889e442a8efe2b52f535f6/buck-modules/go.jar'
[2019-04-03 17:29:03.472][debug][command:null][tid:14][org.pf4j.CompoundPluginDescriptorFinder] 'org.pf4j.ManifestPluginDescriptorFinder@350cfcbe' is applicable for plugin '/home/pedroimai/Projects/okbucktutorial/.buckd/resources/c0e4f9faf28e8d1629889e442a8efe2b52f535f6/buck-modules/go.jar'
[2019-04-03 17:29:03.473][debug][command:null][tid:14][org.pf4j.AbstractPluginManager] Found descriptor PluginDescriptor [pluginId=com.facebook.buck.features.go, pluginClass=com.facebook.buck.features.go.GoModuleAdapterPlugin, version=0.0.1, provider=null, dependencies=[], description=, requires=*, license=null]
[2019-04-03 17:29:03.473][debug][command:null][tid:14][org.pf4j.AbstractPluginManager] Class 'com.facebook.buck.features.go.GoModuleAdapterPlugin' for plugin '/home/pedroimai/Projects/okbucktutorial/.buckd/resources/c0e4f9faf28e8d1629889e442a8efe2b52f535f6/buck-modules/go.jar'
[2019-04-03 17:29:03.473][debug][command:null][tid:14][org.pf4j.AbstractPluginManager] Loading plugin '/home/pedroimai/Projects/okbucktutorial/.buckd/resources/c0e4f9faf28e8d1629889e442a8efe2b52f535f6/buck-modules/go.jar'
[2019-04-03 17:29:03.473][debug][command:null][tid:14][org.pf4j.PluginClassLoader] Add 'file:/home/pedroimai/Projects/okbucktutorial/.buckd/resources/c0e4f9faf28e8d1629889e442a8efe2b52f535f6/buck-modules/go.jar'
[2019-04-03 17:29:03.474][debug][command:null][tid:14][org.pf4j.AbstractPluginManager] Loaded plugin '/home/pedroimai/Projects/okbucktutorial/.buckd/resources/c0e4f9faf28e8d1629889e442a8efe2b52f535f6/buck-modules/go.jar' with class loader 'org.pf4j.PluginClassLoader@47da7fc4'
[2019-04-03 17:29:03.474][debug][command:null][tid:14][org.pf4j.AbstractPluginManager] Creating wrapper for plugin '/home/pedroimai/Projects/okbucktutorial/.buckd/resources/c0e4f9faf28e8d1629889e442a8efe2b52f535f6/buck-modules/go.jar'
[2019-04-03 17:29:03.474][debug][command:null][tid:14][org.pf4j.AbstractPluginManager] Created wrapper 'PluginWrapper [descriptor=PluginDescriptor [pluginId=com.facebook.buck.features.go, pluginClass=com.facebook.buck.features.go.GoModuleAdapterPlugin, version=0.0.1, provider=null, dependencies=[], description=, requires=*, license=null], pluginPath=/home/pedroimai/Projects/okbucktutorial/.buckd/resources/c0e4f9faf28e8d1629889e442a8efe2b52f535f6/buck-modules/go.jar]' for plugin '/home/pedroimai/Projects/okbucktutorial/.buckd/resources/c0e4f9faf28e8d1629889e442a8efe2b52f535f6/buck-modules/go.jar'
[2019-04-03 17:29:03.474][debug][command:null][tid:14][org.pf4j.AbstractPluginManager] Use 'org.pf4j.CompoundPluginDescriptorFinder@43590229' to find plugins descriptors
[2019-04-03 17:29:03.474][debug][command:null][tid:14][org.pf4j.AbstractPluginManager] Finding plugin descriptor for plugin '/home/pedroimai/Projects/okbucktutorial/.buckd/resources/c0e4f9faf28e8d1629889e442a8efe2b52f535f6/buck-modules/intellij.jar'
[2019-04-03 17:29:03.475][debug][command:null][tid:14][org.pf4j.CompoundPluginDescriptorFinder] 'org.pf4j.ManifestPluginDescriptorFinder@350cfcbe' is applicable for plugin '/home/pedroimai/Projects/okbucktutorial/.buckd/resources/c0e4f9faf28e8d1629889e442a8efe2b52f535f6/buck-modules/intellij.jar'
[2019-04-03 17:29:03.475][debug][command:null][tid:14][org.pf4j.AbstractPluginManager] Found descriptor PluginDescriptor [pluginId=com.facebook.buck.features.project.intellij, pluginClass=com.facebook.buck.features.project.intellij.IjBuckModuleAdapterPlugin, version=0.0.1, provider=null, dependencies=[PluginDependency [pluginId=com.facebook.buck.features.python, pluginVersionSupport=*]], description=, requires=*, license=null]
[2019-04-03 17:29:03.475][debug][command:null][tid:14][org.pf4j.AbstractPluginManager] Class 'com.facebook.buck.features.project.intellij.IjBuckModuleAdapterPlugin' for plugin '/home/pedroimai/Projects/okbucktutorial/.buckd/resources/c0e4f9faf28e8d1629889e442a8efe2b52f535f6/buck-modules/intellij.jar'
[2019-04-03 17:29:03.476][debug][command:null][tid:14][org.pf4j.AbstractPluginManager] Loading plugin '/home/pedroimai/Projects/okbucktutorial/.buckd/resources/c0e4f9faf28e8d1629889e442a8efe2b52f535f6/buck-modules/intellij.jar'
[2019-04-03 17:29:03.476][debug][command:null][tid:14][org.pf4j.PluginClassLoader] Add 'file:/home/pedroimai/Projects/okbucktutorial/.buckd/resources/c0e4f9faf28e8d1629889e442a8efe2b52f535f6/buck-modules/intellij.jar'
[2019-04-03 17:29:03.476][debug][command:null][tid:14][org.pf4j.AbstractPluginManager] Loaded plugin '/home/pedroimai/Projects/okbucktutorial/.buckd/resources/c0e4f9faf28e8d1629889e442a8efe2b52f535f6/buck-modules/intellij.jar' with class loader 'org.pf4j.PluginClassLoader@6e703d5e'
[2019-04-03 17:29:03.476][debug][command:null][tid:14][org.pf4j.AbstractPluginManager] Creating wrapper for plugin '/home/pedroimai/Projects/okbucktutorial/.buckd/resources/c0e4f9faf28e8d1629889e442a8efe2b52f535f6/buck-modules/intellij.jar'
[2019-04-03 17:29:03.476][debug][command:null][tid:14][org.pf4j.AbstractPluginManager] Created wrapper 'PluginWrapper [descriptor=PluginDescriptor [pluginId=com.facebook.buck.features.project.intellij, pluginClass=com.facebook.buck.features.project.intellij.IjBuckModuleAdapterPlugin, version=0.0.1, provider=null, dependencies=[PluginDependency [pluginId=com.facebook.buck.features.python, pluginVersionSupport=*]], description=, requires=*, license=null], pluginPath=/home/pedroimai/Projects/okbucktutorial/.buckd/resources/c0e4f9faf28e8d1629889e442a8efe2b52f535f6/buck-modules/intellij.jar]' for plugin '/home/pedroimai/Projects/okbucktutorial/.buckd/resources/c0e4f9faf28e8d1629889e442a8efe2b52f535f6/buck-modules/intellij.jar'
[2019-04-03 17:29:03.476][debug][command:null][tid:14][org.pf4j.AbstractPluginManager] Use 'org.pf4j.CompoundPluginDescriptorFinder@43590229' to find plugins descriptors
[2019-04-03 17:29:03.477][debug][command:null][tid:14][org.pf4j.AbstractPluginManager] Finding plugin descriptor for plugin '/home/pedroimai/Projects/okbucktutorial/.buckd/resources/c0e4f9faf28e8d1629889e442a8efe2b52f535f6/buck-modules/python.jar'
[2019-04-03 17:29:03.477][debug][command:null][tid:14][org.pf4j.CompoundPluginDescriptorFinder] 'org.pf4j.ManifestPluginDescriptorFinder@350cfcbe' is applicable for plugin '/home/pedroimai/Projects/okbucktutorial/.buckd/resources/c0e4f9faf28e8d1629889e442a8efe2b52f535f6/buck-modules/python.jar'
[2019-04-03 17:29:03.477][debug][command:null][tid:14][org.pf4j.AbstractPluginManager] Found descriptor PluginDescriptor [pluginId=com.facebook.buck.features.python, pluginClass=com.facebook.buck.features.python.PythonModuleAdapterPlugin, version=0.0.1, provider=null, dependencies=[], description=, requires=*, license=null]
[2019-04-03 17:29:03.477][debug][command:null][tid:14][org.pf4j.AbstractPluginManager] Class 'com.facebook.buck.features.python.PythonModuleAdapterPlugin' for plugin '/home/pedroimai/Projects/okbucktutorial/.buckd/resources/c0e4f9faf28e8d1629889e442a8efe2b52f535f6/buck-modules/python.jar'
[2019-04-03 17:29:03.477][debug][command:null][tid:14][org.pf4j.AbstractPluginManager] Loading plugin '/home/pedroimai/Projects/okbucktutorial/.buckd/resources/c0e4f9faf28e8d1629889e442a8efe2b52f535f6/buck-modules/python.jar'
[2019-04-03 17:29:03.478][debug][command:null][tid:14][org.pf4j.PluginClassLoader] Add 'file:/home/pedroimai/Projects/okbucktutorial/.buckd/resources/c0e4f9faf28e8d1629889e442a8efe2b52f535f6/buck-modules/python.jar'
[2019-04-03 17:29:03.478][debug][command:null][tid:14][org.pf4j.AbstractPluginManager] Loaded plugin '/home/pedroimai/Projects/okbucktutorial/.buckd/resources/c0e4f9faf28e8d1629889e442a8efe2b52f535f6/buck-modules/python.jar' with class loader 'org.pf4j.PluginClassLoader@5502de8'
[2019-04-03 17:29:03.478][debug][command:null][tid:14][org.pf4j.AbstractPluginManager] Creating wrapper for plugin '/home/pedroimai/Projects/okbucktutorial/.buckd/resources/c0e4f9faf28e8d1629889e442a8efe2b52f535f6/buck-modules/python.jar'
[2019-04-03 17:29:03.478][debug][command:null][tid:14][org.pf4j.AbstractPluginManager] Created wrapper 'PluginWrapper [descriptor=PluginDescriptor [pluginId=com.facebook.buck.features.python, pluginClass=com.facebook.buck.features.python.PythonModuleAdapterPlugin, version=0.0.1, provider=null, dependencies=[], description=, requires=*, license=null], pluginPath=/home/pedroimai/Projects/okbucktutorial/.buckd/resources/c0e4f9faf28e8d1629889e442a8efe2b52f535f6/buck-modules/python.jar]' for plugin '/home/pedroimai/Projects/okbucktutorial/.buckd/resources/c0e4f9faf28e8d1629889e442a8efe2b52f535f6/buck-modules/python.jar'
[2019-04-03 17:29:03.478][debug][command:null][tid:14][org.pf4j.AbstractPluginManager] Use 'org.pf4j.CompoundPluginDescriptorFinder@43590229' to find plugins descriptors
[2019-04-03 17:29:03.478][debug][command:null][tid:14][org.pf4j.AbstractPluginManager] Finding plugin descriptor for plugin '/home/pedroimai/Projects/okbucktutorial/.buckd/resources/c0e4f9faf28e8d1629889e442a8efe2b52f535f6/buck-modules/xcode.jar'
[2019-04-03 17:29:03.478][debug][command:null][tid:14][org.pf4j.CompoundPluginDescriptorFinder] 'org.pf4j.ManifestPluginDescriptorFinder@350cfcbe' is applicable for plugin '/home/pedroimai/Projects/okbucktutorial/.buckd/resources/c0e4f9faf28e8d1629889e442a8efe2b52f535f6/buck-modules/xcode.jar'
[2019-04-03 17:29:03.479][debug][command:null][tid:14][org.pf4j.AbstractPluginManager] Found descriptor PluginDescriptor [pluginId=com.facebook.buck.features.apple.project, pluginClass=com.facebook.buck.features.apple.project.XCodeBuckModuleAdapterPlugin, version=0.0.1, provider=null, dependencies=[PluginDependency [pluginId=com.facebook.buck.features.halide, pluginVersionSupport=*], PluginDependency [pluginId=com.facebook.buck.features.js, pluginVersionSupport=*]], description=, requires=*, license=null]
[2019-04-03 17:29:03.479][debug][command:null][tid:14][org.pf4j.AbstractPluginManager] Class 'com.facebook.buck.features.apple.project.XCodeBuckModuleAdapterPlugin' for plugin '/home/pedroimai/Projects/okbucktutorial/.buckd/resources/c0e4f9faf28e8d1629889e442a8efe2b52f535f6/buck-modules/xcode.jar'
[2019-04-03 17:29:03.479][debug][command:null][tid:14][org.pf4j.AbstractPluginManager] Loading plugin '/home/pedroimai/Projects/okbucktutorial/.buckd/resources/c0e4f9faf28e8d1629889e442a8efe2b52f535f6/buck-modules/xcode.jar'
[2019-04-03 17:29:03.479][debug][command:null][tid:14][org.pf4j.PluginClassLoader] Add 'file:/home/pedroimai/Projects/okbucktutorial/.buckd/resources/c0e4f9faf28e8d1629889e442a8efe2b52f535f6/buck-modules/xcode.jar'
[2019-04-03 17:29:03.480][debug][command:null][tid:14][org.pf4j.AbstractPluginManager] Loaded plugin '/home/pedroimai/Projects/okbucktutorial/.buckd/resources/c0e4f9faf28e8d1629889e442a8efe2b52f535f6/buck-modules/xcode.jar' with class loader 'org.pf4j.PluginClassLoader@7b37e05b'
[2019-04-03 17:29:03.480][debug][command:null][tid:14][org.pf4j.AbstractPluginManager] Creating wrapper for plugin '/home/pedroimai/Projects/okbucktutorial/.buckd/resources/c0e4f9faf28e8d1629889e442a8efe2b52f535f6/buck-modules/xcode.jar'
[2019-04-03 17:29:03.480][debug][command:null][tid:14][org.pf4j.AbstractPluginManager] Created wrapper 'PluginWrapper [descriptor=PluginDescriptor [pluginId=com.facebook.buck.features.apple.project, pluginClass=com.facebook.buck.features.apple.project.XCodeBuckModuleAdapterPlugin, version=0.0.1, provider=null, dependencies=[PluginDependency [pluginId=com.facebook.buck.features.halide, pluginVersionSupport=*], PluginDependency [pluginId=com.facebook.buck.features.js, pluginVersionSupport=*]], description=, requires=*, license=null], pluginPath=/home/pedroimai/Projects/okbucktutorial/.buckd/resources/c0e4f9faf28e8d1629889e442a8efe2b52f535f6/buck-modules/xcode.jar]' for plugin '/home/pedroimai/Projects/okbucktutorial/.buckd/resources/c0e4f9faf28e8d1629889e442a8efe2b52f535f6/buck-modules/xcode.jar'
[2019-04-03 17:29:03.481][debug][command:null][tid:14][org.pf4j.DependencyResolver] Graph: 
   com.facebook.buck.features.lua -> [com.facebook.buck.features.python]
   com.facebook.buck.features.go -> []
   com.facebook.buck.features.rust -> []
   com.facebook.buck.features.js -> []
   com.facebook.buck.features.zip.rules -> [com.facebook.buck.features.filebundler]
   com.facebook.buck.features.haskell -> []
   com.facebook.buck.features.dotnet -> []
   com.facebook.buck.features.ocaml -> []
   com.facebook.buck.features.d -> []
   com.facebook.buck.features.apple.project -> [com.facebook.buck.features.halide, com.facebook.buck.features.js]
   com.facebook.buck.features.gwt -> []
   com.facebook.buck.features.filegroup -> [com.facebook.buck.features.filebundler]
   com.facebook.buck.features.filebundler -> []
   com.facebook.buck.features.python -> []
   com.facebook.buck.features.project.intellij -> [com.facebook.buck.features.python]
   com.facebook.buck.features.halide -> []
[2019-04-03 17:29:03.481][debug][command:null][tid:14][org.pf4j.DependencyResolver] Plugins order: [com.facebook.buck.features.python, com.facebook.buck.features.lua, com.facebook.buck.features.go, com.facebook.buck.features.rust, com.facebook.buck.features.filebundler, com.facebook.buck.features.zip.rules, com.facebook.buck.features.haskell, com.facebook.buck.features.dotnet, com.facebook.buck.features.ocaml, com.facebook.buck.features.d, com.facebook.buck.features.halide, com.facebook.buck.features.js, com.facebook.buck.features.apple.project, com.facebook.buck.features.gwt, com.facebook.buck.features.filegroup, com.facebook.buck.features.project.intellij]
[2019-04-03 17:29:03.481][info ][command:null][tid:14][org.pf4j.AbstractPluginManager] Plugin 'com.facebook.buck.features.python@0.0.1' resolved
[2019-04-03 17:29:03.481][info ][command:null][tid:14][org.pf4j.AbstractPluginManager] Plugin 'com.facebook.buck.features.lua@0.0.1' resolved
[2019-04-03 17:29:03.482][info ][command:null][tid:14][org.pf4j.AbstractPluginManager] Plugin 'com.facebook.buck.features.go@0.0.1' resolved
[2019-04-03 17:29:03.482][info ][command:null][tid:14][org.pf4j.AbstractPluginManager] Plugin 'com.facebook.buck.features.rust@0.0.1' resolved
[2019-04-03 17:29:03.482][info ][command:null][tid:14][org.pf4j.AbstractPluginManager] Plugin 'com.facebook.buck.features.filebundler@0.0.1' resolved
[2019-04-03 17:29:03.482][info ][command:null][tid:14][org.pf4j.AbstractPluginManager] Plugin 'com.facebook.buck.features.zip.rules@0.0.1' resolved
[2019-04-03 17:29:03.482][info ][command:null][tid:14][org.pf4j.AbstractPluginManager] Plugin 'com.facebook.buck.features.haskell@0.0.1' resolved
[2019-04-03 17:29:03.482][info ][command:null][tid:14][org.pf4j.AbstractPluginManager] Plugin 'com.facebook.buck.features.dotnet@0.0.1' resolved
[2019-04-03 17:29:03.482][info ][command:null][tid:14][org.pf4j.AbstractPluginManager] Plugin 'com.facebook.buck.features.ocaml@0.0.1' resolved
[2019-04-03 17:29:03.482][info ][command:null][tid:14][org.pf4j.AbstractPluginManager] Plugin 'com.facebook.buck.features.d@0.0.1' resolved
[2019-04-03 17:29:03.482][info ][command:null][tid:14][org.pf4j.AbstractPluginManager] Plugin 'com.facebook.buck.features.halide@0.0.1' resolved
[2019-04-03 17:29:03.482][info ][command:null][tid:14][org.pf4j.AbstractPluginManager] Plugin 'com.facebook.buck.features.js@0.0.1' resolved
[2019-04-03 17:29:03.482][info ][command:null][tid:14][org.pf4j.AbstractPluginManager] Plugin 'com.facebook.buck.features.apple.project@0.0.1' resolved
[2019-04-03 17:29:03.483][info ][command:null][tid:14][org.pf4j.AbstractPluginManager] Plugin 'com.facebook.buck.features.gwt@0.0.1' resolved
[2019-04-03 17:29:03.483][info ][command:null][tid:14][org.pf4j.AbstractPluginManager] Plugin 'com.facebook.buck.features.filegroup@0.0.1' resolved
[2019-04-03 17:29:03.483][info ][command:null][tid:14][org.pf4j.AbstractPluginManager] Plugin 'com.facebook.buck.features.project.intellij@0.0.1' resolved
[2019-04-03 17:29:03.483][info ][command:null][tid:14][org.pf4j.AbstractPluginManager] Start plugin 'com.facebook.buck.features.python@0.0.1'
[2019-04-03 17:29:03.483][debug][command:null][tid:14][org.pf4j.DefaultExtensionFactory] Create instance for plugin 'com.facebook.buck.features.python.PythonModuleAdapterPlugin'
[2019-04-03 17:29:03.484][info ][command:null][tid:14][org.pf4j.AbstractPluginManager] Start plugin 'com.facebook.buck.features.lua@0.0.1'
[2019-04-03 17:29:03.484][debug][command:null][tid:14][org.pf4j.DefaultExtensionFactory] Create instance for plugin 'com.facebook.buck.features.lua.LuaModuleAdapterPlugin'
[2019-04-03 17:29:03.485][info ][command:null][tid:14][org.pf4j.AbstractPluginManager] Start plugin 'com.facebook.buck.features.go@0.0.1'
[2019-04-03 17:29:03.485][debug][command:null][tid:14][org.pf4j.DefaultExtensionFactory] Create instance for plugin 'com.facebook.buck.features.go.GoModuleAdapterPlugin'
[2019-04-03 17:29:03.486][info ][command:null][tid:14][org.pf4j.AbstractPluginManager] Start plugin 'com.facebook.buck.features.rust@0.0.1'
[2019-04-03 17:29:03.486][debug][command:null][tid:14][org.pf4j.DefaultExtensionFactory] Create instance for plugin 'com.facebook.buck.features.rust.RustModuleAdapterPlugin'
[2019-04-03 17:29:03.487][info ][command:null][tid:14][org.pf4j.AbstractPluginManager] Start plugin 'com.facebook.buck.features.filebundler@0.0.1'
[2019-04-03 17:29:03.487][debug][command:null][tid:14][org.pf4j.DefaultExtensionFactory] Create instance for plugin 'com.facebook.buck.features.filebundler.FileBundlerModuleAdapterPlugin'
[2019-04-03 17:29:03.487][info ][command:null][tid:14][org.pf4j.AbstractPluginManager] Start plugin 'com.facebook.buck.features.zip.rules@0.0.1'
[2019-04-03 17:29:03.488][debug][command:null][tid:14][org.pf4j.DefaultExtensionFactory] Create instance for plugin 'com.facebook.buck.features.zip.rules.ZipRulesModuleAdapterPlugin'
[2019-04-03 17:29:03.488][info ][command:null][tid:14][org.pf4j.AbstractPluginManager] Start plugin 'com.facebook.buck.features.haskell@0.0.1'
[2019-04-03 17:29:03.488][debug][command:null][tid:14][org.pf4j.DefaultExtensionFactory] Create instance for plugin 'com.facebook.buck.features.haskell.HaskellModuleAdapterPlugin'
[2019-04-03 17:29:03.489][info ][command:null][tid:14][org.pf4j.AbstractPluginManager] Start plugin 'com.facebook.buck.features.dotnet@0.0.1'
[2019-04-03 17:29:03.489][debug][command:null][tid:14][org.pf4j.DefaultExtensionFactory] Create instance for plugin 'com.facebook.buck.features.dotnet.DotnetModuleAdapterPlugin'
[2019-04-03 17:29:03.489][info ][command:null][tid:14][org.pf4j.AbstractPluginManager] Start plugin 'com.facebook.buck.features.ocaml@0.0.1'
[2019-04-03 17:29:03.490][debug][command:null][tid:14][org.pf4j.DefaultExtensionFactory] Create instance for plugin 'com.facebook.buck.features.ocaml.OcamlModuleAdapterPlugin'
[2019-04-03 17:29:03.490][info ][command:null][tid:14][org.pf4j.AbstractPluginManager] Start plugin 'com.facebook.buck.features.d@0.0.1'
[2019-04-03 17:29:03.490][debug][command:null][tid:14][org.pf4j.DefaultExtensionFactory] Create instance for plugin 'com.facebook.buck.features.d.DModuleAdapterPlugin'
[2019-04-03 17:29:03.491][info ][command:null][tid:14][org.pf4j.AbstractPluginManager] Start plugin 'com.facebook.buck.features.halide@0.0.1'
[2019-04-03 17:29:03.491][debug][command:null][tid:14][org.pf4j.DefaultExtensionFactory] Create instance for plugin 'com.facebook.buck.features.halide.HalideModuleAdapterPlugin'
[2019-04-03 17:29:03.492][info ][command:null][tid:14][org.pf4j.AbstractPluginManager] Start plugin 'com.facebook.buck.features.js@0.0.1'
[2019-04-03 17:29:03.492][debug][command:null][tid:14][org.pf4j.DefaultExtensionFactory] Create instance for plugin 'com.facebook.buck.features.js.JsModuleAdapterPlugin'
[2019-04-03 17:29:03.492][info ][command:null][tid:14][org.pf4j.AbstractPluginManager] Start plugin 'com.facebook.buck.features.apple.project@0.0.1'
[2019-04-03 17:29:03.493][debug][command:null][tid:14][org.pf4j.DefaultExtensionFactory] Create instance for plugin 'com.facebook.buck.features.apple.project.XCodeBuckModuleAdapterPlugin'
[2019-04-03 17:29:03.493][info ][command:null][tid:14][org.pf4j.AbstractPluginManager] Start plugin 'com.facebook.buck.features.gwt@0.0.1'
[2019-04-03 17:29:03.493][debug][command:null][tid:14][org.pf4j.DefaultExtensionFactory] Create instance for plugin 'com.facebook.buck.features.gwt.GwtBuckModuleAdapterPlugin'
[2019-04-03 17:29:03.494][info ][command:null][tid:14][org.pf4j.AbstractPluginManager] Start plugin 'com.facebook.buck.features.filegroup@0.0.1'
[2019-04-03 17:29:03.494][debug][command:null][tid:14][org.pf4j.DefaultExtensionFactory] Create instance for plugin 'com.facebook.buck.features.filegroup.FilegroupModuleAdapterPlugin'
[2019-04-03 17:29:03.495][info ][command:null][tid:14][org.pf4j.AbstractPluginManager] Start plugin 'com.facebook.buck.features.project.intellij@0.0.1'
[2019-04-03 17:29:03.495][debug][command:null][tid:14][org.pf4j.DefaultExtensionFactory] Create instance for plugin 'com.facebook.buck.features.project.intellij.IjBuckModuleAdapterPlugin'
[2019-04-03 17:29:03.563][warn ][command:null][tid:14][com.facebook.buck.cli.Main] Command failed:
com.facebook.buck.util.CommandLineException: BAD ARGUMENTS: "targets/..." is not a valid value for "subcommand"
For help see 'buck --help'.
	at com.facebook.buck.cli.Main.runMainWithExitCode(Main.java:636)
	at com.facebook.buck.cli.Main.runMainThenExit(Main.java:463)
	at com.facebook.buck.cli.Main.nailMain(Main.java:2395)
	at sun.reflect.NativeMethodAccessorImpl.invoke0(Native Method)
	at sun.reflect.NativeMethodAccessorImpl.invoke(NativeMethodAccessorImpl.java:62)
	at sun.reflect.DelegatingMethodAccessorImpl.invoke(DelegatingMethodAccessorImpl.java:43)
	at java.lang.reflect.Method.invoke(Method.java:498)
	at com.facebook.nailgun.NGSession.runImpl(NGSession.java:313)
	at com.facebook.nailgun.NGSession.run(NGSession.java:199)
Caused by: org.kohsuke.args4j.CmdLineException: "targets/..." is not a valid value for "subcommand"
	at org.kohsuke.args4j.spi.SubCommandHandler.fallback(SubCommandHandler.java:111)
	at com.facebook.buck.cli.AdditionalOptionsSubCommandHandler.parseArguments(AdditionalOptionsSubCommandHandler.java:86)
	at org.kohsuke.args4j.CmdLineParser.parseArgument(CmdLineParser.java:520)
	at org.kohsuke.args4j.CmdLineParser.parseArgument(CmdLineParser.java:459)
	at com.facebook.buck.cli.Main.runMainWithExitCode(Main.java:634)
	... 8 more

[2019-04-03 17:29:03.565][warn ][command:null][tid:14][com.facebook.buck.util.Console] Command failure: BAD ARGUMENTS: "targets/..." is not a valid value for "subcommand"
For help see 'buck --help'.
[2019-04-03 17:29:03.568][debug][command:null][tid:14][com.facebook.buck.cli.Main] Done.
[2019-04-03 17:29:03.569][info ][command:null][tid:14][com.facebook.nailgun.NGSession] Nail cleanly exited with status 3
[2019-04-03 17:29:03.570][debug][command:null][tid:14][com.facebook.nailgun.NGCommunicator] Shutting down socket for input
[2019-04-03 17:29:03.570][debug][command:null][tid:14][com.facebook.nailgun.NGCommunicator] Shutting down socket for output
[2019-04-03 17:29:03.570][debug][command:null][tid:15][com.facebook.nailgun.NGCommunicator] Socket is disconnected
[2019-04-03 17:29:03.570][debug][command:null][tid:14][com.facebook.nailgun.NGCommunicator] Shutting down read ExecutorService
[2019-04-03 17:29:03.570][debug][command:null][tid:15][com.facebook.nailgun.NGCommunicator] Nailgun client disconnected
[2019-04-03 17:29:03.570][debug][command:null][tid:15][com.facebook.nailgun.NGCommunicator] Orchestrator thread finished
[2019-04-03 17:29:03.570][debug][command:null][tid:14][com.facebook.nailgun.NGCommunicator] Shutting down orchestrator ExecutorService
[2019-04-03 17:29:03.571][debug][command:null][tid:14][com.facebook.nailgun.NGSession] NGSession 1 is closing client socket
[2019-04-03 17:29:07.582][debug][command:null][tid:14][com.facebook.nailgun.NGSession] NGSession 1 accepted new connection
[2019-04-03 17:29:07.587][debug][command:null][tid:14][com.facebook.nailgun.NGCommunicator] Shutting down socket for input
[2019-04-03 17:29:07.587][debug][command:null][tid:14][com.facebook.nailgun.NGCommunicator] Shutting down socket for output
[2019-04-03 17:29:07.587][debug][command:null][tid:14][com.facebook.nailgun.NGCommunicator] Shutting down read ExecutorService
[2019-04-03 17:29:07.587][debug][command:null][tid:14][com.facebook.nailgun.NGCommunicator] Shutting down orchestrator ExecutorService
[2019-04-03 17:29:07.588][debug][command:null][tid:18][com.facebook.nailgun.NGCommunicator] Orchestrator thread started
[2019-04-03 17:29:07.588][debug][command:null][tid:18][com.facebook.nailgun.NGCommunicator] Nailgun client disconnected
[2019-04-03 17:29:07.588][debug][command:null][tid:18][com.facebook.nailgun.NGCommunicator] Orchestrator thread finished
[2019-04-03 17:29:07.596][debug][command:null][tid:14][com.facebook.nailgun.NGSession] NGSession 1 is closing client socket
[2019-04-03 17:29:07.610][debug][command:null][tid:14][com.facebook.nailgun.NGSession] NGSession 1 accepted new connection
[2019-04-03 17:29:07.635][debug][command:null][tid:19][com.facebook.nailgun.NGCommunicator] Orchestrator thread started
[2019-04-03 17:29:07.638][debug][command:null][tid:14][com.facebook.buck.util.config.Configs] Loading configuration for /home/pedroimai/Projects/okbucktutorial
[2019-04-03 17:29:07.641][debug][command:null][tid:14][com.facebook.buck.util.config.Configs] Loaded project configuration file /home/pedroimai/Projects/okbucktutorial/.buckconfig
[2019-04-03 17:29:07.642][debug][command:null][tid:14][com.facebook.buck.util.config.Configs] Adding configuration overrides RawConfig{values={}}
[2019-04-03 17:29:07.711][debug][command:null][tid:14][com.facebook.buck.cli.Main] Rotating log.
