[2019-03-25 19:19:41.927][debug][command:null][tid:01][com.google.common.util.concurrent.ServiceManager] Starting HangMonitor [RUNNING].
[2019-03-25 19:19:41.978][debug][command:null][tid:01][com.google.common.util.concurrent.ServiceManager] Started HangMonitor [RUNNING] in 57.24 ms.
[2019-03-25 19:19:42.018][info ][command:null][tid:01][com.facebook.buck.cli.Main] enabling background process killing for buckd
[2019-03-25 19:19:42.020][info ][command:null][tid:01][com.facebook.buck.cli.Main] enabled background process killing for buckd
[2019-03-25 19:19:42.021][info ][command:null][tid:01][com.facebook.buck.cli.Main] initialized bg session killer
[2019-03-25 19:19:42.099][debug][command:null][tid:14][com.facebook.nailgun.NGSession] NGSession 1 is waiting for first client to connect
[2019-03-25 19:19:42.099][debug][command:null][tid:14][com.facebook.nailgun.NGSession] NGSession 1 accepted new connection
[2019-03-25 19:19:42.107][debug][command:null][tid:15][com.facebook.nailgun.NGCommunicator] Orchestrator thread started
[2019-03-25 19:19:42.128][debug][command:null][tid:14][com.facebook.buck.util.config.Configs] Loading configuration for /home/pedroimai/Projects/okbucktutorial
[2019-03-25 19:19:42.142][debug][command:null][tid:14][com.facebook.buck.util.config.Configs] Loaded project configuration file /home/pedroimai/Projects/okbucktutorial/.buckconfig
[2019-03-25 19:19:42.142][debug][command:null][tid:14][com.facebook.buck.util.config.Configs] Adding configuration overrides RawConfig{values={}}
[2019-03-25 19:19:42.163][info ][command:null][tid:14][org.pf4j.DefaultPluginStatusProvider] Enabled plugins: []
[2019-03-25 19:19:42.164][info ][command:null][tid:14][org.pf4j.DefaultPluginStatusProvider] Disabled plugins: []
[2019-03-25 19:19:42.165][info ][command:null][tid:14][org.pf4j.DefaultPluginManager] PF4J version 0.0.0 in 'deployment' mode
[2019-03-25 19:19:42.176][debug][command:null][tid:14][org.pf4j.AbstractPluginManager] Lookup plugins in '/home/pedroimai/Projects/okbucktutorial/.buckd/resources/c0e4f9faf28e8d1629889e442a8efe2b52f535f6/buck-modules'
[2019-03-25 19:19:42.178][debug][command:null][tid:14][org.pf4j.AbstractPluginManager] Found 16 possible plugins: [/home/pedroimai/Projects/okbucktutorial/.buckd/resources/c0e4f9faf28e8d1629889e442a8efe2b52f535f6/buck-modules/haskell.jar, /home/pedroimai/Projects/okbucktutorial/.buckd/resources/c0e4f9faf28e8d1629889e442a8efe2b52f535f6/buck-modules/js.jar, /home/pedroimai/Projects/okbucktutorial/.buckd/resources/c0e4f9faf28e8d1629889e442a8efe2b52f535f6/buck-modules/gwt.jar, /home/pedroimai/Projects/okbucktutorial/.buckd/resources/c0e4f9faf28e8d1629889e442a8efe2b52f535f6/buck-modules/filegroup.jar, /home/pedroimai/Projects/okbucktutorial/.buckd/resources/c0e4f9faf28e8d1629889e442a8efe2b52f535f6/buck-modules/dotnet.jar, /home/pedroimai/Projects/okbucktutorial/.buckd/resources/c0e4f9faf28e8d1629889e442a8efe2b52f535f6/buck-modules/ocaml.jar, /home/pedroimai/Projects/okbucktutorial/.buckd/resources/c0e4f9faf28e8d1629889e442a8efe2b52f535f6/buck-modules/ziprules.jar, /home/pedroimai/Projects/okbucktutorial/.buckd/resources/c0e4f9faf28e8d1629889e442a8efe2b52f535f6/buck-modules/lua.jar, /home/pedroimai/Projects/okbucktutorial/.buckd/resources/c0e4f9faf28e8d1629889e442a8efe2b52f535f6/buck-modules/d.jar, /home/pedroimai/Projects/okbucktutorial/.buckd/resources/c0e4f9faf28e8d1629889e442a8efe2b52f535f6/buck-modules/filebundler.jar, /home/pedroimai/Projects/okbucktutorial/.buckd/resources/c0e4f9faf28e8d1629889e442a8efe2b52f535f6/buck-modules/rust.jar, /home/pedroimai/Projects/okbucktutorial/.buckd/resources/c0e4f9faf28e8d1629889e442a8efe2b52f535f6/buck-modules/halide.jar, /home/pedroimai/Projects/okbucktutorial/.buckd/resources/c0e4f9faf28e8d1629889e442a8efe2b52f535f6/buck-modules/go.jar, /home/pedroimai/Projects/okbucktutorial/.buckd/resources/c0e4f9faf28e8d1629889e442a8efe2b52f535f6/buck-modules/intellij.jar, /home/pedroimai/Projects/okbucktutorial/.buckd/resources/c0e4f9faf28e8d1629889e442a8efe2b52f535f6/buck-modules/python.jar, /home/pedroimai/Projects/okbucktutorial/.buckd/resources/c0e4f9faf28e8d1629889e442a8efe2b52f535f6/buck-modules/xcode.jar]
[2019-03-25 19:19:42.178][debug][command:null][tid:14][org.pf4j.AbstractPluginManager] Use 'org.pf4j.CompoundPluginDescriptorFinder@6d6a81e6' to find plugins descriptors
[2019-03-25 19:19:42.179][debug][command:null][tid:14][org.pf4j.AbstractPluginManager] Finding plugin descriptor for plugin '/home/pedroimai/Projects/okbucktutorial/.buckd/resources/c0e4f9faf28e8d1629889e442a8efe2b52f535f6/buck-modules/haskell.jar'
[2019-03-25 19:19:42.179][debug][command:null][tid:14][org.pf4j.CompoundPluginDescriptorFinder] 'org.pf4j.ManifestPluginDescriptorFinder@d328da0' is applicable for plugin '/home/pedroimai/Projects/okbucktutorial/.buckd/resources/c0e4f9faf28e8d1629889e442a8efe2b52f535f6/buck-modules/haskell.jar'
[2019-03-25 19:19:42.181][debug][command:null][tid:14][org.pf4j.AbstractPluginManager] Found descriptor PluginDescriptor [pluginId=com.facebook.buck.features.haskell, pluginClass=com.facebook.buck.features.haskell.HaskellModuleAdapterPlugin, version=0.0.1, provider=null, dependencies=[], description=, requires=*, license=null]
[2019-03-25 19:19:42.181][debug][command:null][tid:14][org.pf4j.AbstractPluginManager] Class 'com.facebook.buck.features.haskell.HaskellModuleAdapterPlugin' for plugin '/home/pedroimai/Projects/okbucktutorial/.buckd/resources/c0e4f9faf28e8d1629889e442a8efe2b52f535f6/buck-modules/haskell.jar'
[2019-03-25 19:19:42.181][debug][command:null][tid:14][org.pf4j.AbstractPluginManager] Loading plugin '/home/pedroimai/Projects/okbucktutorial/.buckd/resources/c0e4f9faf28e8d1629889e442a8efe2b52f535f6/buck-modules/haskell.jar'
[2019-03-25 19:19:42.182][debug][command:null][tid:14][org.pf4j.PluginClassLoader] Add 'file:/home/pedroimai/Projects/okbucktutorial/.buckd/resources/c0e4f9faf28e8d1629889e442a8efe2b52f535f6/buck-modules/haskell.jar'
[2019-03-25 19:19:42.182][debug][command:null][tid:14][org.pf4j.AbstractPluginManager] Loaded plugin '/home/pedroimai/Projects/okbucktutorial/.buckd/resources/c0e4f9faf28e8d1629889e442a8efe2b52f535f6/buck-modules/haskell.jar' with class loader 'org.pf4j.PluginClassLoader@1a6b8872'
[2019-03-25 19:19:42.182][debug][command:null][tid:14][org.pf4j.AbstractPluginManager] Creating wrapper for plugin '/home/pedroimai/Projects/okbucktutorial/.buckd/resources/c0e4f9faf28e8d1629889e442a8efe2b52f535f6/buck-modules/haskell.jar'
[2019-03-25 19:19:42.183][debug][command:null][tid:14][org.pf4j.AbstractPluginManager] Created wrapper 'PluginWrapper [descriptor=PluginDescriptor [pluginId=com.facebook.buck.features.haskell, pluginClass=com.facebook.buck.features.haskell.HaskellModuleAdapterPlugin, version=0.0.1, provider=null, dependencies=[], description=, requires=*, license=null], pluginPath=/home/pedroimai/Projects/okbucktutorial/.buckd/resources/c0e4f9faf28e8d1629889e442a8efe2b52f535f6/buck-modules/haskell.jar]' for plugin '/home/pedroimai/Projects/okbucktutorial/.buckd/resources/c0e4f9faf28e8d1629889e442a8efe2b52f535f6/buck-modules/haskell.jar'
[2019-03-25 19:19:42.183][debug][command:null][tid:14][org.pf4j.AbstractPluginManager] Use 'org.pf4j.CompoundPluginDescriptorFinder@6d6a81e6' to find plugins descriptors
[2019-03-25 19:19:42.184][debug][command:null][tid:14][org.pf4j.AbstractPluginManager] Finding plugin descriptor for plugin '/home/pedroimai/Projects/okbucktutorial/.buckd/resources/c0e4f9faf28e8d1629889e442a8efe2b52f535f6/buck-modules/js.jar'
[2019-03-25 19:19:42.184][debug][command:null][tid:14][org.pf4j.CompoundPluginDescriptorFinder] 'org.pf4j.ManifestPluginDescriptorFinder@d328da0' is applicable for plugin '/home/pedroimai/Projects/okbucktutorial/.buckd/resources/c0e4f9faf28e8d1629889e442a8efe2b52f535f6/buck-modules/js.jar'
[2019-03-25 19:19:42.185][debug][command:null][tid:14][org.pf4j.AbstractPluginManager] Found descriptor PluginDescriptor [pluginId=com.facebook.buck.features.js, pluginClass=com.facebook.buck.features.js.JsModuleAdapterPlugin, version=0.0.1, provider=null, dependencies=[], description=, requires=*, license=null]
[2019-03-25 19:19:42.185][debug][command:null][tid:14][org.pf4j.AbstractPluginManager] Class 'com.facebook.buck.features.js.JsModuleAdapterPlugin' for plugin '/home/pedroimai/Projects/okbucktutorial/.buckd/resources/c0e4f9faf28e8d1629889e442a8efe2b52f535f6/buck-modules/js.jar'
[2019-03-25 19:19:42.185][debug][command:null][tid:14][org.pf4j.AbstractPluginManager] Loading plugin '/home/pedroimai/Projects/okbucktutorial/.buckd/resources/c0e4f9faf28e8d1629889e442a8efe2b52f535f6/buck-modules/js.jar'
[2019-03-25 19:19:42.186][debug][command:null][tid:14][org.pf4j.PluginClassLoader] Add 'file:/home/pedroimai/Projects/okbucktutorial/.buckd/resources/c0e4f9faf28e8d1629889e442a8efe2b52f535f6/buck-modules/js.jar'
[2019-03-25 19:19:42.186][debug][command:null][tid:14][org.pf4j.AbstractPluginManager] Loaded plugin '/home/pedroimai/Projects/okbucktutorial/.buckd/resources/c0e4f9faf28e8d1629889e442a8efe2b52f535f6/buck-modules/js.jar' with class loader 'org.pf4j.PluginClassLoader@4b7b083e'
[2019-03-25 19:19:42.186][debug][command:null][tid:14][org.pf4j.AbstractPluginManager] Creating wrapper for plugin '/home/pedroimai/Projects/okbucktutorial/.buckd/resources/c0e4f9faf28e8d1629889e442a8efe2b52f535f6/buck-modules/js.jar'
[2019-03-25 19:19:42.187][debug][command:null][tid:14][org.pf4j.AbstractPluginManager] Created wrapper 'PluginWrapper [descriptor=PluginDescriptor [pluginId=com.facebook.buck.features.js, pluginClass=com.facebook.buck.features.js.JsModuleAdapterPlugin, version=0.0.1, provider=null, dependencies=[], description=, requires=*, license=null], pluginPath=/home/pedroimai/Projects/okbucktutorial/.buckd/resources/c0e4f9faf28e8d1629889e442a8efe2b52f535f6/buck-modules/js.jar]' for plugin '/home/pedroimai/Projects/okbucktutorial/.buckd/resources/c0e4f9faf28e8d1629889e442a8efe2b52f535f6/buck-modules/js.jar'
[2019-03-25 19:19:42.187][debug][command:null][tid:14][org.pf4j.AbstractPluginManager] Use 'org.pf4j.CompoundPluginDescriptorFinder@6d6a81e6' to find plugins descriptors
[2019-03-25 19:19:42.187][debug][command:null][tid:14][org.pf4j.AbstractPluginManager] Finding plugin descriptor for plugin '/home/pedroimai/Projects/okbucktutorial/.buckd/resources/c0e4f9faf28e8d1629889e442a8efe2b52f535f6/buck-modules/gwt.jar'
[2019-03-25 19:19:42.188][debug][command:null][tid:14][org.pf4j.CompoundPluginDescriptorFinder] 'org.pf4j.ManifestPluginDescriptorFinder@d328da0' is applicable for plugin '/home/pedroimai/Projects/okbucktutorial/.buckd/resources/c0e4f9faf28e8d1629889e442a8efe2b52f535f6/buck-modules/gwt.jar'
[2019-03-25 19:19:42.188][debug][command:null][tid:14][org.pf4j.AbstractPluginManager] Found descriptor PluginDescriptor [pluginId=com.facebook.buck.features.gwt, pluginClass=com.facebook.buck.features.gwt.GwtBuckModuleAdapterPlugin, version=0.0.1, provider=null, dependencies=[], description=, requires=*, license=null]
[2019-03-25 19:19:42.189][debug][command:null][tid:14][org.pf4j.AbstractPluginManager] Class 'com.facebook.buck.features.gwt.GwtBuckModuleAdapterPlugin' for plugin '/home/pedroimai/Projects/okbucktutorial/.buckd/resources/c0e4f9faf28e8d1629889e442a8efe2b52f535f6/buck-modules/gwt.jar'
[2019-03-25 19:19:42.189][debug][command:null][tid:14][org.pf4j.AbstractPluginManager] Loading plugin '/home/pedroimai/Projects/okbucktutorial/.buckd/resources/c0e4f9faf28e8d1629889e442a8efe2b52f535f6/buck-modules/gwt.jar'
[2019-03-25 19:19:42.189][debug][command:null][tid:14][org.pf4j.PluginClassLoader] Add 'file:/home/pedroimai/Projects/okbucktutorial/.buckd/resources/c0e4f9faf28e8d1629889e442a8efe2b52f535f6/buck-modules/gwt.jar'
[2019-03-25 19:19:42.189][debug][command:null][tid:14][org.pf4j.AbstractPluginManager] Loaded plugin '/home/pedroimai/Projects/okbucktutorial/.buckd/resources/c0e4f9faf28e8d1629889e442a8efe2b52f535f6/buck-modules/gwt.jar' with class loader 'org.pf4j.PluginClassLoader@623da7d2'
[2019-03-25 19:19:42.190][debug][command:null][tid:14][org.pf4j.AbstractPluginManager] Creating wrapper for plugin '/home/pedroimai/Projects/okbucktutorial/.buckd/resources/c0e4f9faf28e8d1629889e442a8efe2b52f535f6/buck-modules/gwt.jar'
[2019-03-25 19:19:42.190][debug][command:null][tid:14][org.pf4j.AbstractPluginManager] Created wrapper 'PluginWrapper [descriptor=PluginDescriptor [pluginId=com.facebook.buck.features.gwt, pluginClass=com.facebook.buck.features.gwt.GwtBuckModuleAdapterPlugin, version=0.0.1, provider=null, dependencies=[], description=, requires=*, license=null], pluginPath=/home/pedroimai/Projects/okbucktutorial/.buckd/resources/c0e4f9faf28e8d1629889e442a8efe2b52f535f6/buck-modules/gwt.jar]' for plugin '/home/pedroimai/Projects/okbucktutorial/.buckd/resources/c0e4f9faf28e8d1629889e442a8efe2b52f535f6/buck-modules/gwt.jar'
[2019-03-25 19:19:42.190][debug][command:null][tid:14][org.pf4j.AbstractPluginManager] Use 'org.pf4j.CompoundPluginDescriptorFinder@6d6a81e6' to find plugins descriptors
[2019-03-25 19:19:42.190][debug][command:null][tid:14][org.pf4j.AbstractPluginManager] Finding plugin descriptor for plugin '/home/pedroimai/Projects/okbucktutorial/.buckd/resources/c0e4f9faf28e8d1629889e442a8efe2b52f535f6/buck-modules/filegroup.jar'
[2019-03-25 19:19:42.190][debug][command:null][tid:14][org.pf4j.CompoundPluginDescriptorFinder] 'org.pf4j.ManifestPluginDescriptorFinder@d328da0' is applicable for plugin '/home/pedroimai/Projects/okbucktutorial/.buckd/resources/c0e4f9faf28e8d1629889e442a8efe2b52f535f6/buck-modules/filegroup.jar'
[2019-03-25 19:19:42.191][debug][command:null][tid:14][org.pf4j.AbstractPluginManager] Found descriptor PluginDescriptor [pluginId=com.facebook.buck.features.filegroup, pluginClass=com.facebook.buck.features.filegroup.FilegroupModuleAdapterPlugin, version=0.0.1, provider=null, dependencies=[PluginDependency [pluginId=com.facebook.buck.features.filebundler, pluginVersionSupport=*]], description=, requires=*, license=null]
[2019-03-25 19:19:42.191][debug][command:null][tid:14][org.pf4j.AbstractPluginManager] Class 'com.facebook.buck.features.filegroup.FilegroupModuleAdapterPlugin' for plugin '/home/pedroimai/Projects/okbucktutorial/.buckd/resources/c0e4f9faf28e8d1629889e442a8efe2b52f535f6/buck-modules/filegroup.jar'
[2019-03-25 19:19:42.192][debug][command:null][tid:14][org.pf4j.AbstractPluginManager] Loading plugin '/home/pedroimai/Projects/okbucktutorial/.buckd/resources/c0e4f9faf28e8d1629889e442a8efe2b52f535f6/buck-modules/filegroup.jar'
[2019-03-25 19:19:42.192][debug][command:null][tid:14][org.pf4j.PluginClassLoader] Add 'file:/home/pedroimai/Projects/okbucktutorial/.buckd/resources/c0e4f9faf28e8d1629889e442a8efe2b52f535f6/buck-modules/filegroup.jar'
[2019-03-25 19:19:42.192][debug][command:null][tid:14][org.pf4j.AbstractPluginManager] Loaded plugin '/home/pedroimai/Projects/okbucktutorial/.buckd/resources/c0e4f9faf28e8d1629889e442a8efe2b52f535f6/buck-modules/filegroup.jar' with class loader 'org.pf4j.PluginClassLoader@7a0a4253'
[2019-03-25 19:19:42.192][debug][command:null][tid:14][org.pf4j.AbstractPluginManager] Creating wrapper for plugin '/home/pedroimai/Projects/okbucktutorial/.buckd/resources/c0e4f9faf28e8d1629889e442a8efe2b52f535f6/buck-modules/filegroup.jar'
[2019-03-25 19:19:42.192][debug][command:null][tid:14][org.pf4j.AbstractPluginManager] Created wrapper 'PluginWrapper [descriptor=PluginDescriptor [pluginId=com.facebook.buck.features.filegroup, pluginClass=com.facebook.buck.features.filegroup.FilegroupModuleAdapterPlugin, version=0.0.1, provider=null, dependencies=[PluginDependency [pluginId=com.facebook.buck.features.filebundler, pluginVersionSupport=*]], description=, requires=*, license=null], pluginPath=/home/pedroimai/Projects/okbucktutorial/.buckd/resources/c0e4f9faf28e8d1629889e442a8efe2b52f535f6/buck-modules/filegroup.jar]' for plugin '/home/pedroimai/Projects/okbucktutorial/.buckd/resources/c0e4f9faf28e8d1629889e442a8efe2b52f535f6/buck-modules/filegroup.jar'
[2019-03-25 19:19:42.193][debug][command:null][tid:14][org.pf4j.AbstractPluginManager] Use 'org.pf4j.CompoundPluginDescriptorFinder@6d6a81e6' to find plugins descriptors
[2019-03-25 19:19:42.193][debug][command:null][tid:14][org.pf4j.AbstractPluginManager] Finding plugin descriptor for plugin '/home/pedroimai/Projects/okbucktutorial/.buckd/resources/c0e4f9faf28e8d1629889e442a8efe2b52f535f6/buck-modules/dotnet.jar'
[2019-03-25 19:19:42.193][debug][command:null][tid:14][org.pf4j.CompoundPluginDescriptorFinder] 'org.pf4j.ManifestPluginDescriptorFinder@d328da0' is applicable for plugin '/home/pedroimai/Projects/okbucktutorial/.buckd/resources/c0e4f9faf28e8d1629889e442a8efe2b52f535f6/buck-modules/dotnet.jar'
[2019-03-25 19:19:42.193][debug][command:null][tid:14][org.pf4j.AbstractPluginManager] Found descriptor PluginDescriptor [pluginId=com.facebook.buck.features.dotnet, pluginClass=com.facebook.buck.features.dotnet.DotnetModuleAdapterPlugin, version=0.0.1, provider=null, dependencies=[], description=, requires=*, license=null]
[2019-03-25 19:19:42.193][debug][command:null][tid:14][org.pf4j.AbstractPluginManager] Class 'com.facebook.buck.features.dotnet.DotnetModuleAdapterPlugin' for plugin '/home/pedroimai/Projects/okbucktutorial/.buckd/resources/c0e4f9faf28e8d1629889e442a8efe2b52f535f6/buck-modules/dotnet.jar'
[2019-03-25 19:19:42.194][debug][command:null][tid:14][org.pf4j.AbstractPluginManager] Loading plugin '/home/pedroimai/Projects/okbucktutorial/.buckd/resources/c0e4f9faf28e8d1629889e442a8efe2b52f535f6/buck-modules/dotnet.jar'
[2019-03-25 19:19:42.194][debug][command:null][tid:14][org.pf4j.PluginClassLoader] Add 'file:/home/pedroimai/Projects/okbucktutorial/.buckd/resources/c0e4f9faf28e8d1629889e442a8efe2b52f535f6/buck-modules/dotnet.jar'
[2019-03-25 19:19:42.194][debug][command:null][tid:14][org.pf4j.AbstractPluginManager] Loaded plugin '/home/pedroimai/Projects/okbucktutorial/.buckd/resources/c0e4f9faf28e8d1629889e442a8efe2b52f535f6/buck-modules/dotnet.jar' with class loader 'org.pf4j.PluginClassLoader@1e9704ce'
[2019-03-25 19:19:42.194][debug][command:null][tid:14][org.pf4j.AbstractPluginManager] Creating wrapper for plugin '/home/pedroimai/Projects/okbucktutorial/.buckd/resources/c0e4f9faf28e8d1629889e442a8efe2b52f535f6/buck-modules/dotnet.jar'
[2019-03-25 19:19:42.194][debug][command:null][tid:14][org.pf4j.AbstractPluginManager] Created wrapper 'PluginWrapper [descriptor=PluginDescriptor [pluginId=com.facebook.buck.features.dotnet, pluginClass=com.facebook.buck.features.dotnet.DotnetModuleAdapterPlugin, version=0.0.1, provider=null, dependencies=[], description=, requires=*, license=null], pluginPath=/home/pedroimai/Projects/okbucktutorial/.buckd/resources/c0e4f9faf28e8d1629889e442a8efe2b52f535f6/buck-modules/dotnet.jar]' for plugin '/home/pedroimai/Projects/okbucktutorial/.buckd/resources/c0e4f9faf28e8d1629889e442a8efe2b52f535f6/buck-modules/dotnet.jar'
[2019-03-25 19:19:42.195][debug][command:null][tid:14][org.pf4j.AbstractPluginManager] Use 'org.pf4j.CompoundPluginDescriptorFinder@6d6a81e6' to find plugins descriptors
[2019-03-25 19:19:42.195][debug][command:null][tid:14][org.pf4j.AbstractPluginManager] Finding plugin descriptor for plugin '/home/pedroimai/Projects/okbucktutorial/.buckd/resources/c0e4f9faf28e8d1629889e442a8efe2b52f535f6/buck-modules/ocaml.jar'
[2019-03-25 19:19:42.195][debug][command:null][tid:14][org.pf4j.CompoundPluginDescriptorFinder] 'org.pf4j.ManifestPluginDescriptorFinder@d328da0' is applicable for plugin '/home/pedroimai/Projects/okbucktutorial/.buckd/resources/c0e4f9faf28e8d1629889e442a8efe2b52f535f6/buck-modules/ocaml.jar'
[2019-03-25 19:19:42.195][debug][command:null][tid:14][org.pf4j.AbstractPluginManager] Found descriptor PluginDescriptor [pluginId=com.facebook.buck.features.ocaml, pluginClass=com.facebook.buck.features.ocaml.OcamlModuleAdapterPlugin, version=0.0.1, provider=null, dependencies=[], description=, requires=*, license=null]
[2019-03-25 19:19:42.195][debug][command:null][tid:14][org.pf4j.AbstractPluginManager] Class 'com.facebook.buck.features.ocaml.OcamlModuleAdapterPlugin' for plugin '/home/pedroimai/Projects/okbucktutorial/.buckd/resources/c0e4f9faf28e8d1629889e442a8efe2b52f535f6/buck-modules/ocaml.jar'
[2019-03-25 19:19:42.196][debug][command:null][tid:14][org.pf4j.AbstractPluginManager] Loading plugin '/home/pedroimai/Projects/okbucktutorial/.buckd/resources/c0e4f9faf28e8d1629889e442a8efe2b52f535f6/buck-modules/ocaml.jar'
[2019-03-25 19:19:42.196][debug][command:null][tid:14][org.pf4j.PluginClassLoader] Add 'file:/home/pedroimai/Projects/okbucktutorial/.buckd/resources/c0e4f9faf28e8d1629889e442a8efe2b52f535f6/buck-modules/ocaml.jar'
[2019-03-25 19:19:42.196][debug][command:null][tid:14][org.pf4j.AbstractPluginManager] Loaded plugin '/home/pedroimai/Projects/okbucktutorial/.buckd/resources/c0e4f9faf28e8d1629889e442a8efe2b52f535f6/buck-modules/ocaml.jar' with class loader 'org.pf4j.PluginClassLoader@22971166'
[2019-03-25 19:19:42.196][debug][command:null][tid:14][org.pf4j.AbstractPluginManager] Creating wrapper for plugin '/home/pedroimai/Projects/okbucktutorial/.buckd/resources/c0e4f9faf28e8d1629889e442a8efe2b52f535f6/buck-modules/ocaml.jar'
[2019-03-25 19:19:42.196][debug][command:null][tid:14][org.pf4j.AbstractPluginManager] Created wrapper 'PluginWrapper [descriptor=PluginDescriptor [pluginId=com.facebook.buck.features.ocaml, pluginClass=com.facebook.buck.features.ocaml.OcamlModuleAdapterPlugin, version=0.0.1, provider=null, dependencies=[], description=, requires=*, license=null], pluginPath=/home/pedroimai/Projects/okbucktutorial/.buckd/resources/c0e4f9faf28e8d1629889e442a8efe2b52f535f6/buck-modules/ocaml.jar]' for plugin '/home/pedroimai/Projects/okbucktutorial/.buckd/resources/c0e4f9faf28e8d1629889e442a8efe2b52f535f6/buck-modules/ocaml.jar'
[2019-03-25 19:19:42.197][debug][command:null][tid:14][org.pf4j.AbstractPluginManager] Use 'org.pf4j.CompoundPluginDescriptorFinder@6d6a81e6' to find plugins descriptors
[2019-03-25 19:19:42.197][debug][command:null][tid:14][org.pf4j.AbstractPluginManager] Finding plugin descriptor for plugin '/home/pedroimai/Projects/okbucktutorial/.buckd/resources/c0e4f9faf28e8d1629889e442a8efe2b52f535f6/buck-modules/ziprules.jar'
[2019-03-25 19:19:42.197][debug][command:null][tid:14][org.pf4j.CompoundPluginDescriptorFinder] 'org.pf4j.ManifestPluginDescriptorFinder@d328da0' is applicable for plugin '/home/pedroimai/Projects/okbucktutorial/.buckd/resources/c0e4f9faf28e8d1629889e442a8efe2b52f535f6/buck-modules/ziprules.jar'
[2019-03-25 19:19:42.197][debug][command:null][tid:14][org.pf4j.AbstractPluginManager] Found descriptor PluginDescriptor [pluginId=com.facebook.buck.features.zip.rules, pluginClass=com.facebook.buck.features.zip.rules.ZipRulesModuleAdapterPlugin, version=0.0.1, provider=null, dependencies=[PluginDependency [pluginId=com.facebook.buck.features.filebundler, pluginVersionSupport=*]], description=, requires=*, license=null]
[2019-03-25 19:19:42.197][debug][command:null][tid:14][org.pf4j.AbstractPluginManager] Class 'com.facebook.buck.features.zip.rules.ZipRulesModuleAdapterPlugin' for plugin '/home/pedroimai/Projects/okbucktutorial/.buckd/resources/c0e4f9faf28e8d1629889e442a8efe2b52f535f6/buck-modules/ziprules.jar'
[2019-03-25 19:19:42.197][debug][command:null][tid:14][org.pf4j.AbstractPluginManager] Loading plugin '/home/pedroimai/Projects/okbucktutorial/.buckd/resources/c0e4f9faf28e8d1629889e442a8efe2b52f535f6/buck-modules/ziprules.jar'
[2019-03-25 19:19:42.198][debug][command:null][tid:14][org.pf4j.PluginClassLoader] Add 'file:/home/pedroimai/Projects/okbucktutorial/.buckd/resources/c0e4f9faf28e8d1629889e442a8efe2b52f535f6/buck-modules/ziprules.jar'
[2019-03-25 19:19:42.198][debug][command:null][tid:14][org.pf4j.AbstractPluginManager] Loaded plugin '/home/pedroimai/Projects/okbucktutorial/.buckd/resources/c0e4f9faf28e8d1629889e442a8efe2b52f535f6/buck-modules/ziprules.jar' with class loader 'org.pf4j.PluginClassLoader@29619fdb'
[2019-03-25 19:19:42.198][debug][command:null][tid:14][org.pf4j.AbstractPluginManager] Creating wrapper for plugin '/home/pedroimai/Projects/okbucktutorial/.buckd/resources/c0e4f9faf28e8d1629889e442a8efe2b52f535f6/buck-modules/ziprules.jar'
[2019-03-25 19:19:42.198][debug][command:null][tid:14][org.pf4j.AbstractPluginManager] Created wrapper 'PluginWrapper [descriptor=PluginDescriptor [pluginId=com.facebook.buck.features.zip.rules, pluginClass=com.facebook.buck.features.zip.rules.ZipRulesModuleAdapterPlugin, version=0.0.1, provider=null, dependencies=[PluginDependency [pluginId=com.facebook.buck.features.filebundler, pluginVersionSupport=*]], description=, requires=*, license=null], pluginPath=/home/pedroimai/Projects/okbucktutorial/.buckd/resources/c0e4f9faf28e8d1629889e442a8efe2b52f535f6/buck-modules/ziprules.jar]' for plugin '/home/pedroimai/Projects/okbucktutorial/.buckd/resources/c0e4f9faf28e8d1629889e442a8efe2b52f535f6/buck-modules/ziprules.jar'
[2019-03-25 19:19:42.199][debug][command:null][tid:14][org.pf4j.AbstractPluginManager] Use 'org.pf4j.CompoundPluginDescriptorFinder@6d6a81e6' to find plugins descriptors
[2019-03-25 19:19:42.199][debug][command:null][tid:14][org.pf4j.AbstractPluginManager] Finding plugin descriptor for plugin '/home/pedroimai/Projects/okbucktutorial/.buckd/resources/c0e4f9faf28e8d1629889e442a8efe2b52f535f6/buck-modules/lua.jar'
[2019-03-25 19:19:42.199][debug][command:null][tid:14][org.pf4j.CompoundPluginDescriptorFinder] 'org.pf4j.ManifestPluginDescriptorFinder@d328da0' is applicable for plugin '/home/pedroimai/Projects/okbucktutorial/.buckd/resources/c0e4f9faf28e8d1629889e442a8efe2b52f535f6/buck-modules/lua.jar'
[2019-03-25 19:19:42.199][debug][command:null][tid:14][org.pf4j.AbstractPluginManager] Found descriptor PluginDescriptor [pluginId=com.facebook.buck.features.lua, pluginClass=com.facebook.buck.features.lua.LuaModuleAdapterPlugin, version=0.0.1, provider=null, dependencies=[PluginDependency [pluginId=com.facebook.buck.features.python, pluginVersionSupport=*]], description=, requires=*, license=null]
[2019-03-25 19:19:42.199][debug][command:null][tid:14][org.pf4j.AbstractPluginManager] Class 'com.facebook.buck.features.lua.LuaModuleAdapterPlugin' for plugin '/home/pedroimai/Projects/okbucktutorial/.buckd/resources/c0e4f9faf28e8d1629889e442a8efe2b52f535f6/buck-modules/lua.jar'
[2019-03-25 19:19:42.200][debug][command:null][tid:14][org.pf4j.AbstractPluginManager] Loading plugin '/home/pedroimai/Projects/okbucktutorial/.buckd/resources/c0e4f9faf28e8d1629889e442a8efe2b52f535f6/buck-modules/lua.jar'
[2019-03-25 19:19:42.200][debug][command:null][tid:14][org.pf4j.PluginClassLoader] Add 'file:/home/pedroimai/Projects/okbucktutorial/.buckd/resources/c0e4f9faf28e8d1629889e442a8efe2b52f535f6/buck-modules/lua.jar'
[2019-03-25 19:19:42.200][debug][command:null][tid:14][org.pf4j.AbstractPluginManager] Loaded plugin '/home/pedroimai/Projects/okbucktutorial/.buckd/resources/c0e4f9faf28e8d1629889e442a8efe2b52f535f6/buck-modules/lua.jar' with class loader 'org.pf4j.PluginClassLoader@24c0213e'
[2019-03-25 19:19:42.200][debug][command:null][tid:14][org.pf4j.AbstractPluginManager] Creating wrapper for plugin '/home/pedroimai/Projects/okbucktutorial/.buckd/resources/c0e4f9faf28e8d1629889e442a8efe2b52f535f6/buck-modules/lua.jar'
[2019-03-25 19:19:42.200][debug][command:null][tid:14][org.pf4j.AbstractPluginManager] Created wrapper 'PluginWrapper [descriptor=PluginDescriptor [pluginId=com.facebook.buck.features.lua, pluginClass=com.facebook.buck.features.lua.LuaModuleAdapterPlugin, version=0.0.1, provider=null, dependencies=[PluginDependency [pluginId=com.facebook.buck.features.python, pluginVersionSupport=*]], description=, requires=*, license=null], pluginPath=/home/pedroimai/Projects/okbucktutorial/.buckd/resources/c0e4f9faf28e8d1629889e442a8efe2b52f535f6/buck-modules/lua.jar]' for plugin '/home/pedroimai/Projects/okbucktutorial/.buckd/resources/c0e4f9faf28e8d1629889e442a8efe2b52f535f6/buck-modules/lua.jar'
[2019-03-25 19:19:42.200][debug][command:null][tid:14][org.pf4j.AbstractPluginManager] Use 'org.pf4j.CompoundPluginDescriptorFinder@6d6a81e6' to find plugins descriptors
[2019-03-25 19:19:42.201][debug][command:null][tid:14][org.pf4j.AbstractPluginManager] Finding plugin descriptor for plugin '/home/pedroimai/Projects/okbucktutorial/.buckd/resources/c0e4f9faf28e8d1629889e442a8efe2b52f535f6/buck-modules/d.jar'
[2019-03-25 19:19:42.201][debug][command:null][tid:14][org.pf4j.CompoundPluginDescriptorFinder] 'org.pf4j.ManifestPluginDescriptorFinder@d328da0' is applicable for plugin '/home/pedroimai/Projects/okbucktutorial/.buckd/resources/c0e4f9faf28e8d1629889e442a8efe2b52f535f6/buck-modules/d.jar'
[2019-03-25 19:19:42.202][debug][command:null][tid:14][org.pf4j.AbstractPluginManager] Found descriptor PluginDescriptor [pluginId=com.facebook.buck.features.d, pluginClass=com.facebook.buck.features.d.DModuleAdapterPlugin, version=0.0.1, provider=null, dependencies=[], description=, requires=*, license=null]
[2019-03-25 19:19:42.202][debug][command:null][tid:14][org.pf4j.AbstractPluginManager] Class 'com.facebook.buck.features.d.DModuleAdapterPlugin' for plugin '/home/pedroimai/Projects/okbucktutorial/.buckd/resources/c0e4f9faf28e8d1629889e442a8efe2b52f535f6/buck-modules/d.jar'
[2019-03-25 19:19:42.202][debug][command:null][tid:14][org.pf4j.AbstractPluginManager] Loading plugin '/home/pedroimai/Projects/okbucktutorial/.buckd/resources/c0e4f9faf28e8d1629889e442a8efe2b52f535f6/buck-modules/d.jar'
[2019-03-25 19:19:42.202][debug][command:null][tid:14][org.pf4j.PluginClassLoader] Add 'file:/home/pedroimai/Projects/okbucktutorial/.buckd/resources/c0e4f9faf28e8d1629889e442a8efe2b52f535f6/buck-modules/d.jar'
[2019-03-25 19:19:42.202][debug][command:null][tid:14][org.pf4j.AbstractPluginManager] Loaded plugin '/home/pedroimai/Projects/okbucktutorial/.buckd/resources/c0e4f9faf28e8d1629889e442a8efe2b52f535f6/buck-modules/d.jar' with class loader 'org.pf4j.PluginClassLoader@325d4a00'
[2019-03-25 19:19:42.203][debug][command:null][tid:14][org.pf4j.AbstractPluginManager] Creating wrapper for plugin '/home/pedroimai/Projects/okbucktutorial/.buckd/resources/c0e4f9faf28e8d1629889e442a8efe2b52f535f6/buck-modules/d.jar'
[2019-03-25 19:19:42.203][debug][command:null][tid:14][org.pf4j.AbstractPluginManager] Created wrapper 'PluginWrapper [descriptor=PluginDescriptor [pluginId=com.facebook.buck.features.d, pluginClass=com.facebook.buck.features.d.DModuleAdapterPlugin, version=0.0.1, provider=null, dependencies=[], description=, requires=*, license=null], pluginPath=/home/pedroimai/Projects/okbucktutorial/.buckd/resources/c0e4f9faf28e8d1629889e442a8efe2b52f535f6/buck-modules/d.jar]' for plugin '/home/pedroimai/Projects/okbucktutorial/.buckd/resources/c0e4f9faf28e8d1629889e442a8efe2b52f535f6/buck-modules/d.jar'
[2019-03-25 19:19:42.203][debug][command:null][tid:14][org.pf4j.AbstractPluginManager] Use 'org.pf4j.CompoundPluginDescriptorFinder@6d6a81e6' to find plugins descriptors
[2019-03-25 19:19:42.203][debug][command:null][tid:14][org.pf4j.AbstractPluginManager] Finding plugin descriptor for plugin '/home/pedroimai/Projects/okbucktutorial/.buckd/resources/c0e4f9faf28e8d1629889e442a8efe2b52f535f6/buck-modules/filebundler.jar'
[2019-03-25 19:19:42.204][debug][command:null][tid:14][org.pf4j.CompoundPluginDescriptorFinder] 'org.pf4j.ManifestPluginDescriptorFinder@d328da0' is applicable for plugin '/home/pedroimai/Projects/okbucktutorial/.buckd/resources/c0e4f9faf28e8d1629889e442a8efe2b52f535f6/buck-modules/filebundler.jar'
[2019-03-25 19:19:42.204][debug][command:null][tid:14][org.pf4j.AbstractPluginManager] Found descriptor PluginDescriptor [pluginId=com.facebook.buck.features.filebundler, pluginClass=com.facebook.buck.features.filebundler.FileBundlerModuleAdapterPlugin, version=0.0.1, provider=null, dependencies=[], description=, requires=*, license=null]
[2019-03-25 19:19:42.205][debug][command:null][tid:14][org.pf4j.AbstractPluginManager] Class 'com.facebook.buck.features.filebundler.FileBundlerModuleAdapterPlugin' for plugin '/home/pedroimai/Projects/okbucktutorial/.buckd/resources/c0e4f9faf28e8d1629889e442a8efe2b52f535f6/buck-modules/filebundler.jar'
[2019-03-25 19:19:42.205][debug][command:null][tid:14][org.pf4j.AbstractPluginManager] Loading plugin '/home/pedroimai/Projects/okbucktutorial/.buckd/resources/c0e4f9faf28e8d1629889e442a8efe2b52f535f6/buck-modules/filebundler.jar'
[2019-03-25 19:19:42.205][debug][command:null][tid:14][org.pf4j.PluginClassLoader] Add 'file:/home/pedroimai/Projects/okbucktutorial/.buckd/resources/c0e4f9faf28e8d1629889e442a8efe2b52f535f6/buck-modules/filebundler.jar'
[2019-03-25 19:19:42.205][debug][command:null][tid:14][org.pf4j.AbstractPluginManager] Loaded plugin '/home/pedroimai/Projects/okbucktutorial/.buckd/resources/c0e4f9faf28e8d1629889e442a8efe2b52f535f6/buck-modules/filebundler.jar' with class loader 'org.pf4j.PluginClassLoader@3e215af9'
[2019-03-25 19:19:42.205][debug][command:null][tid:14][org.pf4j.AbstractPluginManager] Creating wrapper for plugin '/home/pedroimai/Projects/okbucktutorial/.buckd/resources/c0e4f9faf28e8d1629889e442a8efe2b52f535f6/buck-modules/filebundler.jar'
[2019-03-25 19:19:42.206][debug][command:null][tid:14][org.pf4j.AbstractPluginManager] Created wrapper 'PluginWrapper [descriptor=PluginDescriptor [pluginId=com.facebook.buck.features.filebundler, pluginClass=com.facebook.buck.features.filebundler.FileBundlerModuleAdapterPlugin, version=0.0.1, provider=null, dependencies=[], description=, requires=*, license=null], pluginPath=/home/pedroimai/Projects/okbucktutorial/.buckd/resources/c0e4f9faf28e8d1629889e442a8efe2b52f535f6/buck-modules/filebundler.jar]' for plugin '/home/pedroimai/Projects/okbucktutorial/.buckd/resources/c0e4f9faf28e8d1629889e442a8efe2b52f535f6/buck-modules/filebundler.jar'
[2019-03-25 19:19:42.206][debug][command:null][tid:14][org.pf4j.AbstractPluginManager] Use 'org.pf4j.CompoundPluginDescriptorFinder@6d6a81e6' to find plugins descriptors
[2019-03-25 19:19:42.206][debug][command:null][tid:14][org.pf4j.AbstractPluginManager] Finding plugin descriptor for plugin '/home/pedroimai/Projects/okbucktutorial/.buckd/resources/c0e4f9faf28e8d1629889e442a8efe2b52f535f6/buck-modules/rust.jar'
[2019-03-25 19:19:42.206][debug][command:null][tid:14][org.pf4j.CompoundPluginDescriptorFinder] 'org.pf4j.ManifestPluginDescriptorFinder@d328da0' is applicable for plugin '/home/pedroimai/Projects/okbucktutorial/.buckd/resources/c0e4f9faf28e8d1629889e442a8efe2b52f535f6/buck-modules/rust.jar'
[2019-03-25 19:19:42.207][debug][command:null][tid:14][org.pf4j.AbstractPluginManager] Found descriptor PluginDescriptor [pluginId=com.facebook.buck.features.rust, pluginClass=com.facebook.buck.features.rust.RustModuleAdapterPlugin, version=0.0.1, provider=null, dependencies=[], description=, requires=*, license=null]
[2019-03-25 19:19:42.207][debug][command:null][tid:14][org.pf4j.AbstractPluginManager] Class 'com.facebook.buck.features.rust.RustModuleAdapterPlugin' for plugin '/home/pedroimai/Projects/okbucktutorial/.buckd/resources/c0e4f9faf28e8d1629889e442a8efe2b52f535f6/buck-modules/rust.jar'
[2019-03-25 19:19:42.207][debug][command:null][tid:14][org.pf4j.AbstractPluginManager] Loading plugin '/home/pedroimai/Projects/okbucktutorial/.buckd/resources/c0e4f9faf28e8d1629889e442a8efe2b52f535f6/buck-modules/rust.jar'
[2019-03-25 19:19:42.208][debug][command:null][tid:14][org.pf4j.PluginClassLoader] Add 'file:/home/pedroimai/Projects/okbucktutorial/.buckd/resources/c0e4f9faf28e8d1629889e442a8efe2b52f535f6/buck-modules/rust.jar'
[2019-03-25 19:19:42.208][debug][command:null][tid:14][org.pf4j.AbstractPluginManager] Loaded plugin '/home/pedroimai/Projects/okbucktutorial/.buckd/resources/c0e4f9faf28e8d1629889e442a8efe2b52f535f6/buck-modules/rust.jar' with class loader 'org.pf4j.PluginClassLoader@19290f03'
[2019-03-25 19:19:42.208][debug][command:null][tid:14][org.pf4j.AbstractPluginManager] Creating wrapper for plugin '/home/pedroimai/Projects/okbucktutorial/.buckd/resources/c0e4f9faf28e8d1629889e442a8efe2b52f535f6/buck-modules/rust.jar'
[2019-03-25 19:19:42.208][debug][command:null][tid:14][org.pf4j.AbstractPluginManager] Created wrapper 'PluginWrapper [descriptor=PluginDescriptor [pluginId=com.facebook.buck.features.rust, pluginClass=com.facebook.buck.features.rust.RustModuleAdapterPlugin, version=0.0.1, provider=null, dependencies=[], description=, requires=*, license=null], pluginPath=/home/pedroimai/Projects/okbucktutorial/.buckd/resources/c0e4f9faf28e8d1629889e442a8efe2b52f535f6/buck-modules/rust.jar]' for plugin '/home/pedroimai/Projects/okbucktutorial/.buckd/resources/c0e4f9faf28e8d1629889e442a8efe2b52f535f6/buck-modules/rust.jar'
[2019-03-25 19:19:42.209][debug][command:null][tid:14][org.pf4j.AbstractPluginManager] Use 'org.pf4j.CompoundPluginDescriptorFinder@6d6a81e6' to find plugins descriptors
[2019-03-25 19:19:42.209][debug][command:null][tid:14][org.pf4j.AbstractPluginManager] Finding plugin descriptor for plugin '/home/pedroimai/Projects/okbucktutorial/.buckd/resources/c0e4f9faf28e8d1629889e442a8efe2b52f535f6/buck-modules/halide.jar'
[2019-03-25 19:19:42.209][debug][command:null][tid:14][org.pf4j.CompoundPluginDescriptorFinder] 'org.pf4j.ManifestPluginDescriptorFinder@d328da0' is applicable for plugin '/home/pedroimai/Projects/okbucktutorial/.buckd/resources/c0e4f9faf28e8d1629889e442a8efe2b52f535f6/buck-modules/halide.jar'
[2019-03-25 19:19:42.210][debug][command:null][tid:14][org.pf4j.AbstractPluginManager] Found descriptor PluginDescriptor [pluginId=com.facebook.buck.features.halide, pluginClass=com.facebook.buck.features.halide.HalideModuleAdapterPlugin, version=0.0.1, provider=null, dependencies=[], description=, requires=*, license=null]
[2019-03-25 19:19:42.210][debug][command:null][tid:14][org.pf4j.AbstractPluginManager] Class 'com.facebook.buck.features.halide.HalideModuleAdapterPlugin' for plugin '/home/pedroimai/Projects/okbucktutorial/.buckd/resources/c0e4f9faf28e8d1629889e442a8efe2b52f535f6/buck-modules/halide.jar'
[2019-03-25 19:19:42.210][debug][command:null][tid:14][org.pf4j.AbstractPluginManager] Loading plugin '/home/pedroimai/Projects/okbucktutorial/.buckd/resources/c0e4f9faf28e8d1629889e442a8efe2b52f535f6/buck-modules/halide.jar'
[2019-03-25 19:19:42.210][debug][command:null][tid:14][org.pf4j.PluginClassLoader] Add 'file:/home/pedroimai/Projects/okbucktutorial/.buckd/resources/c0e4f9faf28e8d1629889e442a8efe2b52f535f6/buck-modules/halide.jar'
[2019-03-25 19:19:42.211][debug][command:null][tid:14][org.pf4j.AbstractPluginManager] Loaded plugin '/home/pedroimai/Projects/okbucktutorial/.buckd/resources/c0e4f9faf28e8d1629889e442a8efe2b52f535f6/buck-modules/halide.jar' with class loader 'org.pf4j.PluginClassLoader@7b541583'
[2019-03-25 19:19:42.211][debug][command:null][tid:14][org.pf4j.AbstractPluginManager] Creating wrapper for plugin '/home/pedroimai/Projects/okbucktutorial/.buckd/resources/c0e4f9faf28e8d1629889e442a8efe2b52f535f6/buck-modules/halide.jar'
[2019-03-25 19:19:42.211][debug][command:null][tid:14][org.pf4j.AbstractPluginManager] Created wrapper 'PluginWrapper [descriptor=PluginDescriptor [pluginId=com.facebook.buck.features.halide, pluginClass=com.facebook.buck.features.halide.HalideModuleAdapterPlugin, version=0.0.1, provider=null, dependencies=[], description=, requires=*, license=null], pluginPath=/home/pedroimai/Projects/okbucktutorial/.buckd/resources/c0e4f9faf28e8d1629889e442a8efe2b52f535f6/buck-modules/halide.jar]' for plugin '/home/pedroimai/Projects/okbucktutorial/.buckd/resources/c0e4f9faf28e8d1629889e442a8efe2b52f535f6/buck-modules/halide.jar'
[2019-03-25 19:19:42.211][debug][command:null][tid:14][org.pf4j.AbstractPluginManager] Use 'org.pf4j.CompoundPluginDescriptorFinder@6d6a81e6' to find plugins descriptors
[2019-03-25 19:19:42.211][debug][command:null][tid:14][org.pf4j.AbstractPluginManager] Finding plugin descriptor for plugin '/home/pedroimai/Projects/okbucktutorial/.buckd/resources/c0e4f9faf28e8d1629889e442a8efe2b52f535f6/buck-modules/go.jar'
[2019-03-25 19:19:42.212][debug][command:null][tid:14][org.pf4j.CompoundPluginDescriptorFinder] 'org.pf4j.ManifestPluginDescriptorFinder@d328da0' is applicable for plugin '/home/pedroimai/Projects/okbucktutorial/.buckd/resources/c0e4f9faf28e8d1629889e442a8efe2b52f535f6/buck-modules/go.jar'
[2019-03-25 19:19:42.212][debug][command:null][tid:14][org.pf4j.AbstractPluginManager] Found descriptor PluginDescriptor [pluginId=com.facebook.buck.features.go, pluginClass=com.facebook.buck.features.go.GoModuleAdapterPlugin, version=0.0.1, provider=null, dependencies=[], description=, requires=*, license=null]
[2019-03-25 19:19:42.213][debug][command:null][tid:14][org.pf4j.AbstractPluginManager] Class 'com.facebook.buck.features.go.GoModuleAdapterPlugin' for plugin '/home/pedroimai/Projects/okbucktutorial/.buckd/resources/c0e4f9faf28e8d1629889e442a8efe2b52f535f6/buck-modules/go.jar'
[2019-03-25 19:19:42.213][debug][command:null][tid:14][org.pf4j.AbstractPluginManager] Loading plugin '/home/pedroimai/Projects/okbucktutorial/.buckd/resources/c0e4f9faf28e8d1629889e442a8efe2b52f535f6/buck-modules/go.jar'
[2019-03-25 19:19:42.213][debug][command:null][tid:14][org.pf4j.PluginClassLoader] Add 'file:/home/pedroimai/Projects/okbucktutorial/.buckd/resources/c0e4f9faf28e8d1629889e442a8efe2b52f535f6/buck-modules/go.jar'
[2019-03-25 19:19:42.213][debug][command:null][tid:14][org.pf4j.AbstractPluginManager] Loaded plugin '/home/pedroimai/Projects/okbucktutorial/.buckd/resources/c0e4f9faf28e8d1629889e442a8efe2b52f535f6/buck-modules/go.jar' with class loader 'org.pf4j.PluginClassLoader@64f8600e'
[2019-03-25 19:19:42.213][debug][command:null][tid:14][org.pf4j.AbstractPluginManager] Creating wrapper for plugin '/home/pedroimai/Projects/okbucktutorial/.buckd/resources/c0e4f9faf28e8d1629889e442a8efe2b52f535f6/buck-modules/go.jar'
[2019-03-25 19:19:42.214][debug][command:null][tid:14][org.pf4j.AbstractPluginManager] Created wrapper 'PluginWrapper [descriptor=PluginDescriptor [pluginId=com.facebook.buck.features.go, pluginClass=com.facebook.buck.features.go.GoModuleAdapterPlugin, version=0.0.1, provider=null, dependencies=[], description=, requires=*, license=null], pluginPath=/home/pedroimai/Projects/okbucktutorial/.buckd/resources/c0e4f9faf28e8d1629889e442a8efe2b52f535f6/buck-modules/go.jar]' for plugin '/home/pedroimai/Projects/okbucktutorial/.buckd/resources/c0e4f9faf28e8d1629889e442a8efe2b52f535f6/buck-modules/go.jar'
[2019-03-25 19:19:42.214][debug][command:null][tid:14][org.pf4j.AbstractPluginManager] Use 'org.pf4j.CompoundPluginDescriptorFinder@6d6a81e6' to find plugins descriptors
[2019-03-25 19:19:42.214][debug][command:null][tid:14][org.pf4j.AbstractPluginManager] Finding plugin descriptor for plugin '/home/pedroimai/Projects/okbucktutorial/.buckd/resources/c0e4f9faf28e8d1629889e442a8efe2b52f535f6/buck-modules/intellij.jar'
[2019-03-25 19:19:42.214][debug][command:null][tid:14][org.pf4j.CompoundPluginDescriptorFinder] 'org.pf4j.ManifestPluginDescriptorFinder@d328da0' is applicable for plugin '/home/pedroimai/Projects/okbucktutorial/.buckd/resources/c0e4f9faf28e8d1629889e442a8efe2b52f535f6/buck-modules/intellij.jar'
[2019-03-25 19:19:42.215][debug][command:null][tid:14][org.pf4j.AbstractPluginManager] Found descriptor PluginDescriptor [pluginId=com.facebook.buck.features.project.intellij, pluginClass=com.facebook.buck.features.project.intellij.IjBuckModuleAdapterPlugin, version=0.0.1, provider=null, dependencies=[PluginDependency [pluginId=com.facebook.buck.features.python, pluginVersionSupport=*]], description=, requires=*, license=null]
[2019-03-25 19:19:42.215][debug][command:null][tid:14][org.pf4j.AbstractPluginManager] Class 'com.facebook.buck.features.project.intellij.IjBuckModuleAdapterPlugin' for plugin '/home/pedroimai/Projects/okbucktutorial/.buckd/resources/c0e4f9faf28e8d1629889e442a8efe2b52f535f6/buck-modules/intellij.jar'
[2019-03-25 19:19:42.215][debug][command:null][tid:14][org.pf4j.AbstractPluginManager] Loading plugin '/home/pedroimai/Projects/okbucktutorial/.buckd/resources/c0e4f9faf28e8d1629889e442a8efe2b52f535f6/buck-modules/intellij.jar'
[2019-03-25 19:19:42.215][debug][command:null][tid:14][org.pf4j.PluginClassLoader] Add 'file:/home/pedroimai/Projects/okbucktutorial/.buckd/resources/c0e4f9faf28e8d1629889e442a8efe2b52f535f6/buck-modules/intellij.jar'
[2019-03-25 19:19:42.215][debug][command:null][tid:14][org.pf4j.AbstractPluginManager] Loaded plugin '/home/pedroimai/Projects/okbucktutorial/.buckd/resources/c0e4f9faf28e8d1629889e442a8efe2b52f535f6/buck-modules/intellij.jar' with class loader 'org.pf4j.PluginClassLoader@34ef239b'
[2019-03-25 19:19:42.216][debug][command:null][tid:14][org.pf4j.AbstractPluginManager] Creating wrapper for plugin '/home/pedroimai/Projects/okbucktutorial/.buckd/resources/c0e4f9faf28e8d1629889e442a8efe2b52f535f6/buck-modules/intellij.jar'
[2019-03-25 19:19:42.216][debug][command:null][tid:14][org.pf4j.AbstractPluginManager] Created wrapper 'PluginWrapper [descriptor=PluginDescriptor [pluginId=com.facebook.buck.features.project.intellij, pluginClass=com.facebook.buck.features.project.intellij.IjBuckModuleAdapterPlugin, version=0.0.1, provider=null, dependencies=[PluginDependency [pluginId=com.facebook.buck.features.python, pluginVersionSupport=*]], description=, requires=*, license=null], pluginPath=/home/pedroimai/Projects/okbucktutorial/.buckd/resources/c0e4f9faf28e8d1629889e442a8efe2b52f535f6/buck-modules/intellij.jar]' for plugin '/home/pedroimai/Projects/okbucktutorial/.buckd/resources/c0e4f9faf28e8d1629889e442a8efe2b52f535f6/buck-modules/intellij.jar'
[2019-03-25 19:19:42.216][debug][command:null][tid:14][org.pf4j.AbstractPluginManager] Use 'org.pf4j.CompoundPluginDescriptorFinder@6d6a81e6' to find plugins descriptors
[2019-03-25 19:19:42.216][debug][command:null][tid:14][org.pf4j.AbstractPluginManager] Finding plugin descriptor for plugin '/home/pedroimai/Projects/okbucktutorial/.buckd/resources/c0e4f9faf28e8d1629889e442a8efe2b52f535f6/buck-modules/python.jar'
[2019-03-25 19:19:42.216][debug][command:null][tid:14][org.pf4j.CompoundPluginDescriptorFinder] 'org.pf4j.ManifestPluginDescriptorFinder@d328da0' is applicable for plugin '/home/pedroimai/Projects/okbucktutorial/.buckd/resources/c0e4f9faf28e8d1629889e442a8efe2b52f535f6/buck-modules/python.jar'
[2019-03-25 19:19:42.217][debug][command:null][tid:14][org.pf4j.AbstractPluginManager] Found descriptor PluginDescriptor [pluginId=com.facebook.buck.features.python, pluginClass=com.facebook.buck.features.python.PythonModuleAdapterPlugin, version=0.0.1, provider=null, dependencies=[], description=, requires=*, license=null]
[2019-03-25 19:19:42.217][debug][command:null][tid:14][org.pf4j.AbstractPluginManager] Class 'com.facebook.buck.features.python.PythonModuleAdapterPlugin' for plugin '/home/pedroimai/Projects/okbucktutorial/.buckd/resources/c0e4f9faf28e8d1629889e442a8efe2b52f535f6/buck-modules/python.jar'
[2019-03-25 19:19:42.217][debug][command:null][tid:14][org.pf4j.AbstractPluginManager] Loading plugin '/home/pedroimai/Projects/okbucktutorial/.buckd/resources/c0e4f9faf28e8d1629889e442a8efe2b52f535f6/buck-modules/python.jar'
[2019-03-25 19:19:42.217][debug][command:null][tid:14][org.pf4j.PluginClassLoader] Add 'file:/home/pedroimai/Projects/okbucktutorial/.buckd/resources/c0e4f9faf28e8d1629889e442a8efe2b52f535f6/buck-modules/python.jar'
[2019-03-25 19:19:42.217][debug][command:null][tid:14][org.pf4j.AbstractPluginManager] Loaded plugin '/home/pedroimai/Projects/okbucktutorial/.buckd/resources/c0e4f9faf28e8d1629889e442a8efe2b52f535f6/buck-modules/python.jar' with class loader 'org.pf4j.PluginClassLoader@47da7fc4'
[2019-03-25 19:19:42.217][debug][command:null][tid:14][org.pf4j.AbstractPluginManager] Creating wrapper for plugin '/home/pedroimai/Projects/okbucktutorial/.buckd/resources/c0e4f9faf28e8d1629889e442a8efe2b52f535f6/buck-modules/python.jar'
[2019-03-25 19:19:42.217][debug][command:null][tid:14][org.pf4j.AbstractPluginManager] Created wrapper 'PluginWrapper [descriptor=PluginDescriptor [pluginId=com.facebook.buck.features.python, pluginClass=com.facebook.buck.features.python.PythonModuleAdapterPlugin, version=0.0.1, provider=null, dependencies=[], description=, requires=*, license=null], pluginPath=/home/pedroimai/Projects/okbucktutorial/.buckd/resources/c0e4f9faf28e8d1629889e442a8efe2b52f535f6/buck-modules/python.jar]' for plugin '/home/pedroimai/Projects/okbucktutorial/.buckd/resources/c0e4f9faf28e8d1629889e442a8efe2b52f535f6/buck-modules/python.jar'
[2019-03-25 19:19:42.218][debug][command:null][tid:14][org.pf4j.AbstractPluginManager] Use 'org.pf4j.CompoundPluginDescriptorFinder@6d6a81e6' to find plugins descriptors
[2019-03-25 19:19:42.218][debug][command:null][tid:14][org.pf4j.AbstractPluginManager] Finding plugin descriptor for plugin '/home/pedroimai/Projects/okbucktutorial/.buckd/resources/c0e4f9faf28e8d1629889e442a8efe2b52f535f6/buck-modules/xcode.jar'
[2019-03-25 19:19:42.218][debug][command:null][tid:14][org.pf4j.CompoundPluginDescriptorFinder] 'org.pf4j.ManifestPluginDescriptorFinder@d328da0' is applicable for plugin '/home/pedroimai/Projects/okbucktutorial/.buckd/resources/c0e4f9faf28e8d1629889e442a8efe2b52f535f6/buck-modules/xcode.jar'
[2019-03-25 19:19:42.218][debug][command:null][tid:14][org.pf4j.AbstractPluginManager] Found descriptor PluginDescriptor [pluginId=com.facebook.buck.features.apple.project, pluginClass=com.facebook.buck.features.apple.project.XCodeBuckModuleAdapterPlugin, version=0.0.1, provider=null, dependencies=[PluginDependency [pluginId=com.facebook.buck.features.halide, pluginVersionSupport=*], PluginDependency [pluginId=com.facebook.buck.features.js, pluginVersionSupport=*]], description=, requires=*, license=null]
[2019-03-25 19:19:42.219][debug][command:null][tid:14][org.pf4j.AbstractPluginManager] Class 'com.facebook.buck.features.apple.project.XCodeBuckModuleAdapterPlugin' for plugin '/home/pedroimai/Projects/okbucktutorial/.buckd/resources/c0e4f9faf28e8d1629889e442a8efe2b52f535f6/buck-modules/xcode.jar'
[2019-03-25 19:19:42.219][debug][command:null][tid:14][org.pf4j.AbstractPluginManager] Loading plugin '/home/pedroimai/Projects/okbucktutorial/.buckd/resources/c0e4f9faf28e8d1629889e442a8efe2b52f535f6/buck-modules/xcode.jar'
[2019-03-25 19:19:42.219][debug][command:null][tid:14][org.pf4j.PluginClassLoader] Add 'file:/home/pedroimai/Projects/okbucktutorial/.buckd/resources/c0e4f9faf28e8d1629889e442a8efe2b52f535f6/buck-modules/xcode.jar'
[2019-03-25 19:19:42.219][debug][command:null][tid:14][org.pf4j.AbstractPluginManager] Loaded plugin '/home/pedroimai/Projects/okbucktutorial/.buckd/resources/c0e4f9faf28e8d1629889e442a8efe2b52f535f6/buck-modules/xcode.jar' with class loader 'org.pf4j.PluginClassLoader@6e703d5e'
[2019-03-25 19:19:42.219][debug][command:null][tid:14][org.pf4j.AbstractPluginManager] Creating wrapper for plugin '/home/pedroimai/Projects/okbucktutorial/.buckd/resources/c0e4f9faf28e8d1629889e442a8efe2b52f535f6/buck-modules/xcode.jar'
[2019-03-25 19:19:42.219][debug][command:null][tid:14][org.pf4j.AbstractPluginManager] Created wrapper 'PluginWrapper [descriptor=PluginDescriptor [pluginId=com.facebook.buck.features.apple.project, pluginClass=com.facebook.buck.features.apple.project.XCodeBuckModuleAdapterPlugin, version=0.0.1, provider=null, dependencies=[PluginDependency [pluginId=com.facebook.buck.features.halide, pluginVersionSupport=*], PluginDependency [pluginId=com.facebook.buck.features.js, pluginVersionSupport=*]], description=, requires=*, license=null], pluginPath=/home/pedroimai/Projects/okbucktutorial/.buckd/resources/c0e4f9faf28e8d1629889e442a8efe2b52f535f6/buck-modules/xcode.jar]' for plugin '/home/pedroimai/Projects/okbucktutorial/.buckd/resources/c0e4f9faf28e8d1629889e442a8efe2b52f535f6/buck-modules/xcode.jar'
[2019-03-25 19:19:42.220][debug][command:null][tid:14][org.pf4j.DependencyResolver] Graph: 
   com.facebook.buck.features.lua -> [com.facebook.buck.features.python]
   com.facebook.buck.features.go -> []
   com.facebook.buck.features.rust -> []
   com.facebook.buck.features.js -> []
   com.facebook.buck.features.zip.rules -> [com.facebook.buck.features.filebundler]
   com.facebook.buck.features.haskell -> []
   com.facebook.buck.features.dotnet -> []
   com.facebook.buck.features.ocaml -> []
   com.facebook.buck.features.d -> []
   com.facebook.buck.features.apple.project -> [com.facebook.buck.features.halide, com.facebook.buck.features.js]
   com.facebook.buck.features.gwt -> []
   com.facebook.buck.features.filegroup -> [com.facebook.buck.features.filebundler]
   com.facebook.buck.features.filebundler -> []
   com.facebook.buck.features.python -> []
   com.facebook.buck.features.project.intellij -> [com.facebook.buck.features.python]
   com.facebook.buck.features.halide -> []
[2019-03-25 19:19:42.220][debug][command:null][tid:14][org.pf4j.DependencyResolver] Plugins order: [com.facebook.buck.features.python, com.facebook.buck.features.lua, com.facebook.buck.features.go, com.facebook.buck.features.rust, com.facebook.buck.features.filebundler, com.facebook.buck.features.zip.rules, com.facebook.buck.features.haskell, com.facebook.buck.features.dotnet, com.facebook.buck.features.ocaml, com.facebook.buck.features.d, com.facebook.buck.features.halide, com.facebook.buck.features.js, com.facebook.buck.features.apple.project, com.facebook.buck.features.gwt, com.facebook.buck.features.filegroup, com.facebook.buck.features.project.intellij]
[2019-03-25 19:19:42.221][info ][command:null][tid:14][org.pf4j.AbstractPluginManager] Plugin 'com.facebook.buck.features.python@0.0.1' resolved
[2019-03-25 19:19:42.221][info ][command:null][tid:14][org.pf4j.AbstractPluginManager] Plugin 'com.facebook.buck.features.lua@0.0.1' resolved
[2019-03-25 19:19:42.221][info ][command:null][tid:14][org.pf4j.AbstractPluginManager] Plugin 'com.facebook.buck.features.go@0.0.1' resolved
[2019-03-25 19:19:42.221][info ][command:null][tid:14][org.pf4j.AbstractPluginManager] Plugin 'com.facebook.buck.features.rust@0.0.1' resolved
[2019-03-25 19:19:42.221][info ][command:null][tid:14][org.pf4j.AbstractPluginManager] Plugin 'com.facebook.buck.features.filebundler@0.0.1' resolved
[2019-03-25 19:19:42.221][info ][command:null][tid:14][org.pf4j.AbstractPluginManager] Plugin 'com.facebook.buck.features.zip.rules@0.0.1' resolved
[2019-03-25 19:19:42.221][info ][command:null][tid:14][org.pf4j.AbstractPluginManager] Plugin 'com.facebook.buck.features.haskell@0.0.1' resolved
[2019-03-25 19:19:42.221][info ][command:null][tid:14][org.pf4j.AbstractPluginManager] Plugin 'com.facebook.buck.features.dotnet@0.0.1' resolved
[2019-03-25 19:19:42.221][info ][command:null][tid:14][org.pf4j.AbstractPluginManager] Plugin 'com.facebook.buck.features.ocaml@0.0.1' resolved
[2019-03-25 19:19:42.222][info ][command:null][tid:14][org.pf4j.AbstractPluginManager] Plugin 'com.facebook.buck.features.d@0.0.1' resolved
[2019-03-25 19:19:42.222][info ][command:null][tid:14][org.pf4j.AbstractPluginManager] Plugin 'com.facebook.buck.features.halide@0.0.1' resolved
[2019-03-25 19:19:42.222][info ][command:null][tid:14][org.pf4j.AbstractPluginManager] Plugin 'com.facebook.buck.features.js@0.0.1' resolved
[2019-03-25 19:19:42.222][info ][command:null][tid:14][org.pf4j.AbstractPluginManager] Plugin 'com.facebook.buck.features.apple.project@0.0.1' resolved
[2019-03-25 19:19:42.222][info ][command:null][tid:14][org.pf4j.AbstractPluginManager] Plugin 'com.facebook.buck.features.gwt@0.0.1' resolved
[2019-03-25 19:19:42.222][info ][command:null][tid:14][org.pf4j.AbstractPluginManager] Plugin 'com.facebook.buck.features.filegroup@0.0.1' resolved
[2019-03-25 19:19:42.222][info ][command:null][tid:14][org.pf4j.AbstractPluginManager] Plugin 'com.facebook.buck.features.project.intellij@0.0.1' resolved
[2019-03-25 19:19:42.222][info ][command:null][tid:14][org.pf4j.AbstractPluginManager] Start plugin 'com.facebook.buck.features.python@0.0.1'
[2019-03-25 19:19:42.222][debug][command:null][tid:14][org.pf4j.DefaultExtensionFactory] Create instance for plugin 'com.facebook.buck.features.python.PythonModuleAdapterPlugin'
[2019-03-25 19:19:42.224][info ][command:null][tid:14][org.pf4j.AbstractPluginManager] Start plugin 'com.facebook.buck.features.lua@0.0.1'
[2019-03-25 19:19:42.224][debug][command:null][tid:14][org.pf4j.DefaultExtensionFactory] Create instance for plugin 'com.facebook.buck.features.lua.LuaModuleAdapterPlugin'
[2019-03-25 19:19:42.225][info ][command:null][tid:14][org.pf4j.AbstractPluginManager] Start plugin 'com.facebook.buck.features.go@0.0.1'
[2019-03-25 19:19:42.225][debug][command:null][tid:14][org.pf4j.DefaultExtensionFactory] Create instance for plugin 'com.facebook.buck.features.go.GoModuleAdapterPlugin'
[2019-03-25 19:19:42.225][info ][command:null][tid:14][org.pf4j.AbstractPluginManager] Start plugin 'com.facebook.buck.features.rust@0.0.1'
[2019-03-25 19:19:42.226][debug][command:null][tid:14][org.pf4j.DefaultExtensionFactory] Create instance for plugin 'com.facebook.buck.features.rust.RustModuleAdapterPlugin'
[2019-03-25 19:19:42.226][info ][command:null][tid:14][org.pf4j.AbstractPluginManager] Start plugin 'com.facebook.buck.features.filebundler@0.0.1'
[2019-03-25 19:19:42.226][debug][command:null][tid:14][org.pf4j.DefaultExtensionFactory] Create instance for plugin 'com.facebook.buck.features.filebundler.FileBundlerModuleAdapterPlugin'
[2019-03-25 19:19:42.227][info ][command:null][tid:14][org.pf4j.AbstractPluginManager] Start plugin 'com.facebook.buck.features.zip.rules@0.0.1'
[2019-03-25 19:19:42.227][debug][command:null][tid:14][org.pf4j.DefaultExtensionFactory] Create instance for plugin 'com.facebook.buck.features.zip.rules.ZipRulesModuleAdapterPlugin'
[2019-03-25 19:19:42.228][info ][command:null][tid:14][org.pf4j.AbstractPluginManager] Start plugin 'com.facebook.buck.features.haskell@0.0.1'
[2019-03-25 19:19:42.228][debug][command:null][tid:14][org.pf4j.DefaultExtensionFactory] Create instance for plugin 'com.facebook.buck.features.haskell.HaskellModuleAdapterPlugin'
[2019-03-25 19:19:42.228][info ][command:null][tid:14][org.pf4j.AbstractPluginManager] Start plugin 'com.facebook.buck.features.dotnet@0.0.1'
[2019-03-25 19:19:42.228][debug][command:null][tid:14][org.pf4j.DefaultExtensionFactory] Create instance for plugin 'com.facebook.buck.features.dotnet.DotnetModuleAdapterPlugin'
[2019-03-25 19:19:42.229][info ][command:null][tid:14][org.pf4j.AbstractPluginManager] Start plugin 'com.facebook.buck.features.ocaml@0.0.1'
[2019-03-25 19:19:42.229][debug][command:null][tid:14][org.pf4j.DefaultExtensionFactory] Create instance for plugin 'com.facebook.buck.features.ocaml.OcamlModuleAdapterPlugin'
[2019-03-25 19:19:42.229][info ][command:null][tid:14][org.pf4j.AbstractPluginManager] Start plugin 'com.facebook.buck.features.d@0.0.1'
[2019-03-25 19:19:42.229][debug][command:null][tid:14][org.pf4j.DefaultExtensionFactory] Create instance for plugin 'com.facebook.buck.features.d.DModuleAdapterPlugin'
[2019-03-25 19:19:42.230][info ][command:null][tid:14][org.pf4j.AbstractPluginManager] Start plugin 'com.facebook.buck.features.halide@0.0.1'
[2019-03-25 19:19:42.230][debug][command:null][tid:14][org.pf4j.DefaultExtensionFactory] Create instance for plugin 'com.facebook.buck.features.halide.HalideModuleAdapterPlugin'
[2019-03-25 19:19:42.231][info ][command:null][tid:14][org.pf4j.AbstractPluginManager] Start plugin 'com.facebook.buck.features.js@0.0.1'
[2019-03-25 19:19:42.231][debug][command:null][tid:14][org.pf4j.DefaultExtensionFactory] Create instance for plugin 'com.facebook.buck.features.js.JsModuleAdapterPlugin'
[2019-03-25 19:19:42.231][info ][command:null][tid:14][org.pf4j.AbstractPluginManager] Start plugin 'com.facebook.buck.features.apple.project@0.0.1'
[2019-03-25 19:19:42.231][debug][command:null][tid:14][org.pf4j.DefaultExtensionFactory] Create instance for plugin 'com.facebook.buck.features.apple.project.XCodeBuckModuleAdapterPlugin'
[2019-03-25 19:19:42.232][info ][command:null][tid:14][org.pf4j.AbstractPluginManager] Start plugin 'com.facebook.buck.features.gwt@0.0.1'
[2019-03-25 19:19:42.232][debug][command:null][tid:14][org.pf4j.DefaultExtensionFactory] Create instance for plugin 'com.facebook.buck.features.gwt.GwtBuckModuleAdapterPlugin'
[2019-03-25 19:19:42.233][info ][command:null][tid:14][org.pf4j.AbstractPluginManager] Start plugin 'com.facebook.buck.features.filegroup@0.0.1'
[2019-03-25 19:19:42.233][debug][command:null][tid:14][org.pf4j.DefaultExtensionFactory] Create instance for plugin 'com.facebook.buck.features.filegroup.FilegroupModuleAdapterPlugin'
[2019-03-25 19:19:42.234][info ][command:null][tid:14][org.pf4j.AbstractPluginManager] Start plugin 'com.facebook.buck.features.project.intellij@0.0.1'
[2019-03-25 19:19:42.234][debug][command:null][tid:14][org.pf4j.DefaultExtensionFactory] Create instance for plugin 'com.facebook.buck.features.project.intellij.IjBuckModuleAdapterPlugin'
[2019-03-25 19:19:42.302][debug][command:null][tid:14][com.facebook.buck.cli.Main] Rotating log.
[2019-03-25 19:19:42.309][debug][command:null][tid:14][com.facebook.buck.cli.Main] Starting up (build date 1969-12-31 20:59:59 -0300, rev c0e4f9faf28e8d1629889e442a8efe2b52f535f6), args: [targets, //..., --config-file, .okbuck/config/okbuck.buckconfig]
[2019-03-25 19:19:42.311][debug][command:null][tid:14][com.facebook.buck.cli.Main] System properties: {java.vendor=Oracle Corporation, sun.java.launcher=SUN_STANDARD, sun.management.compiler=HotSpot 64-Bit Tiered Compilers, jnidispatch.path=/home/pedroimai/Projects/okbucktutorial/.buckd/tmp/buck_run.ae0nP4/jna-1284272600/jna7905467968768491744.tmp, os.name=Linux, sun.boot.class.path=/usr/lib/jvm/java-8-openjdk-amd64/jre/lib/resources.jar:/usr/lib/jvm/java-8-openjdk-amd64/jre/lib/rt.jar:/usr/lib/jvm/java-8-openjdk-amd64/jre/lib/sunrsasign.jar:/usr/lib/jvm/java-8-openjdk-amd64/jre/lib/jsse.jar:/usr/lib/jvm/java-8-openjdk-amd64/jre/lib/jce.jar:/usr/lib/jvm/java-8-openjdk-amd64/jre/lib/charsets.jar:/usr/lib/jvm/java-8-openjdk-amd64/jre/lib/jfr.jar:/usr/lib/jvm/java-8-openjdk-amd64/jre/classes, user.country.format=BR, buck.module.resources=/home/pedroimai/Projects/okbucktutorial/.buckd/resources/c0e4f9faf28e8d1629889e442a8efe2b52f535f6/buck-modules-resources, pf4j.pluginsDir=/home/pedroimai/Projects/okbucktutorial/.buckd/resources/c0e4f9faf28e8d1629889e442a8efe2b52f535f6/buck-modules, buck.resource_lock_path=/home/pedroimai/Projects/okbucktutorial/.buckd/resources/c0e4f9faf28e8d1629889e442a8efe2b52f535f6/.buck_lock, sun.desktop=gnome, buck.path_to_isolated_trampoline=/home/pedroimai/Projects/okbucktutorial/.buckd/resources/c0e4f9faf28e8d1629889e442a8efe2b52f535f6/path_to_isolated_trampoline, java.vm.specification.vendor=Oracle Corporation, java.runtime.version=1.8.0_191-8u191-b12-2ubuntu0.18.04.1-b12, jna.loaded=true, buck.testrunner_classes=/home/pedroimai/Projects/okbucktutorial/.buckd/resources/c0e4f9faf28e8d1629889e442a8efe2b52f535f6/testrunner_classes, buck.logging_config_file=/home/pedroimai/Projects/okbucktutorial/.buckd/resources/c0e4f9faf28e8d1629889e442a8efe2b52f535f6/logging_config_file, buck.path_to_sh_binary_template=/home/pedroimai/Projects/okbucktutorial/.buckd/resources/c0e4f9faf28e8d1629889e442a8efe2b52f535f6/path_to_sh_binary_template, user.name=pedroimai, user.language.format=pt, com.facebook.nailgun.NGServer.outputPath=/home/pedroimai/Projects/okbucktutorial/.buckd/tmp/buck_run.ae0nP4/ngserver-out, buck.path_to_pywatchman=/home/pedroimai/Projects/okbucktutorial/.buckd/resources/c0e4f9faf28e8d1629889e442a8efe2b52f535f6/path_to_pywatchman, buck.report_generator_jar=/home/pedroimai/Projects/okbucktutorial/.buckd/resources/c0e4f9faf28e8d1629889e442a8efe2b52f535f6/report_generator_jar, buck.git_commit=c0e4f9faf28e8d1629889e442a8efe2b52f535f6, user.language=en, sun.boot.library.path=/usr/lib/jvm/java-8-openjdk-amd64/jre/lib/amd64, jna.nosys=true, java.version=1.8.0_191, user.timezone=America/Sao_Paulo, buck.test_util_no_tests_dir=true, sun.arch.data.model=64, java.endorsed.dirs=/usr/lib/jvm/java-8-openjdk-amd64/jre/lib/endorsed, sun.cpu.isalist=, sun.jnu.encoding=UTF-8, file.encoding.pkg=sun.io, file.separator=/, java.specification.name=Java Platform API Specification, buck.jacoco_agent_jar=/home/pedroimai/Projects/okbucktutorial/.buckd/resources/c0e4f9faf28e8d1629889e442a8efe2b52f535f6/jacoco_agent_jar, java.class.version=52.0, user.country=US, buck.binary_hash=c5d497a6ded8a1712e657140816688a9, java.home=/usr/lib/jvm/java-8-openjdk-amd64/jre, buck.fix_script=/home/pedroimai/Projects/okbucktutorial/.buckd/resources/c0e4f9faf28e8d1629889e442a8efe2b52f535f6/fix_script, java.vm.info=mixed mode, os.version=4.18.0-16-generic, buck.version_uid=c0e4f9faf28e8d1629889e442a8efe2b52f535f6, org.eclipse.jetty.util.log.class=org.eclipse.jetty.util.log.JavaUtilLog, path.separator=:, java.vm.version=25.191-b12, java.awt.printerjob=sun.print.PSPrinterJob, sun.io.unicode.encoding=UnicodeLittle, awt.toolkit=sun.awt.X11.XToolkit, buck.mode=package, buck.buck_build_type_info=/home/pedroimai/Projects/okbucktutorial/.buckd/resources/c0e4f9faf28e8d1629889e442a8efe2b52f535f6/buck_build_type_info, buck.dx=/home/pedroimai/Projects/okbucktutorial/.buckd/resources/c0e4f9faf28e8d1629889e442a8efe2b52f535f6/dx, buck.git_commit_timestamp=-1, user.home=/home/pedroimai, java.specification.vendor=Oracle Corporation, buck.git_dirty=0, java.library.path=/usr/java/packages/lib/amd64:/usr/lib/x86_64-linux-gnu/jni:/lib/x86_64-linux-gnu:/usr/lib/x86_64-linux-gnu:/usr/lib/jni:/lib:/usr/lib, java.vendor.url=http://java.oracle.com/, java.vm.vendor=Oracle Corporation, java.runtime.name=OpenJDK Runtime Environment, sun.java.command=com.facebook.buck.cli.bootstrapper.ClassLoaderBootstrapper com.facebook.buck.cli.Main$DaemonBootstrap local:.buckd/sock 180000, java.class.path=/home/pedroimai/Projects/okbucktutorial/.buckd/resources/c0e4f9faf28e8d1629889e442a8efe2b52f535f6/bootstrapper_jar, buck.buckd_dir=/home/pedroimai/Projects/okbucktutorial/.buckd, buck.path_to_pathlib_py=/home/pedroimai/Projects/okbucktutorial/.buckd/resources/c0e4f9faf28e8d1629889e442a8efe2b52f535f6/pathlib.py, buck.buckd_launch_time_nanos=12809163343096, java.vm.specification.name=Java Virtual Machine Specification, java.vm.specification.version=1.8, sun.cpu.endian=little, sun.os.patch.level=unknown, java.awt.headless=true, java.io.tmpdir=/home/pedroimai/Projects/okbucktutorial/.buckd/tmp/buck_run.ae0nP4, buck.android_agent_path=/home/pedroimai/Projects/okbucktutorial/.buckd/resources/c0e4f9faf28e8d1629889e442a8efe2b52f535f6/android_agent_path, java.vendor.url.bug=http://bugreport.sun.com/bugreport/, buck.path_to_python_dsl=, jna.platform.library.path=/usr/lib/x86_64-linux-gnu:/lib/x86_64-linux-gnu:/lib64:/usr/lib:/lib:/usr/lib/x86_64-linux-gnu/libfakeroot, os.arch=amd64, java.awt.graphicsenv=sun.awt.X11GraphicsEnvironment, java.ext.dirs=/usr/lib/jvm/java-8-openjdk-amd64/jre/lib/ext:/usr/java/packages/lib/ext, java.util.logging.config.class=com.facebook.buck.cli.bootstrapper.LogConfig, buck.path_to_six_py=/home/pedroimai/Projects/okbucktutorial/.buckd/resources/c0e4f9faf28e8d1629889e442a8efe2b52f535f6/six.py, user.dir=/home/pedroimai/Projects/okbucktutorial, java.nio.file.spi.DefaultFileSystemProvider=com.facebook.buck.cli.bootstrapper.filesystem.BuckFileSystemProvider, line.separator=
, java.vm.name=OpenJDK 64-Bit Server VM, buck.path_to_typing=/home/pedroimai/Projects/okbucktutorial/.buckd/resources/c0e4f9faf28e8d1629889e442a8efe2b52f535f6/path_to_typing, buck.native_exopackage_fake_path=/home/pedroimai/Projects/okbucktutorial/.buckd/resources/c0e4f9faf28e8d1629889e442a8efe2b52f535f6/native_exopackage_fake_path, file.encoding=UTF-8, java.specification.version=1.8}
[2019-03-25 19:19:42.315][debug][command:null][tid:14][com.facebook.buck.util.config.Configs] Loaded a configuration file /home/pedroimai/Projects/okbucktutorial/.okbuck/config/okbuck.buckconfig: {android={build_tools_version=28.0.2, target=android-28}, kotlin={kotlin_home=//.okbuck/workspace/kotlin_home:kotlin_home}, tools={proguard=//.okbuck/ext/net/sf/proguard:proguard-base-6.0.3.jar}, maven_repositories={google=https://dl.google.com/dl/android/maven2/, bintrayjcenter=https://jcenter.bintray.com/, maven=https://jitpack.io}, download={in_build=true, max_number_of_retries=3}}
[2019-03-25 19:19:42.315][debug][command:null][tid:14][com.facebook.buck.util.config.Configs] Loaded a configuration file .okbuck/config/okbuck.buckconfig, {android={build_tools_version=28.0.2, target=android-28}, kotlin={kotlin_home=//.okbuck/workspace/kotlin_home:kotlin_home}, tools={proguard=//.okbuck/ext/net/sf/proguard:proguard-base-6.0.3.jar}, maven_repositories={google=https://dl.google.com/dl/android/maven2/, bintrayjcenter=https://jcenter.bintray.com/, maven=https://jitpack.io}, download={in_build=true, max_number_of_retries=3}}
[2019-03-25 19:19:42.335][debug][command:null][tid:14][com.facebook.buck.util.config.Configs] Loading configuration for /home/pedroimai/Projects/okbucktutorial
[2019-03-25 19:19:42.336][debug][command:null][tid:14][com.facebook.buck.util.config.Configs] Loaded project configuration file /home/pedroimai/Projects/okbucktutorial/.buckconfig
[2019-03-25 19:19:42.336][debug][command:null][tid:14][com.facebook.buck.util.config.Configs] Adding configuration overrides RawConfig{values={android={build_tools_version=28.0.2, target=android-28}, kotlin={kotlin_home=//.okbuck/workspace/kotlin_home:kotlin_home}, tools={proguard=//.okbuck/ext/net/sf/proguard:proguard-base-6.0.3.jar}, maven_repositories={google=https://dl.google.com/dl/android/maven2/, bintrayjcenter=https://jcenter.bintray.com/, maven=https://jitpack.io}, download={in_build=true, max_number_of_retries=3}}}
[2019-03-25 19:19:42.391][info ][command:null][tid:14][com.facebook.buck.io.watchman.WatchmanFactory] Creating for: [/home/pedroimai/Projects/okbucktutorial]
[2019-03-25 19:19:42.404][debug][command:null][tid:14][com.facebook.buck.io.ExecutableFinder] Executable 'watchman' mapped to 'Optional[/usr/local/bin/watchman]'
[2019-03-25 19:19:42.406][debug][command:null][tid:14][com.facebook.buck.util.ListeningProcessExecutor] Launching process with params ProcessExecutorParams{command=[/usr/local/bin/watchman, --output-encoding=bser, get-sockname]}
[2019-03-25 19:19:42.452][debug][command:null][tid:14][com.facebook.buck.util.ListeningProcessExecutor] Successfully launched process com.zaxxer.nuprocess.linux.LinuxProcess@2d825043
[2019-03-25 19:19:42.454][debug][command:null][tid:14][com.facebook.buck.util.ListeningProcessExecutor] Waiting for process com.facebook.buck.util.ListeningProcessExecutor$LaunchedProcessImpl@5ac2a639 timeout 1000000000 NANOSECONDS
[2019-03-25 19:19:42.455][debug][command:null][tid:14][com.facebook.buck.util.ListeningProcessExecutor] Wait for process returned 0
[2019-03-25 19:19:42.459][debug][command:null][tid:14][com.facebook.buck.io.watchman.WatchmanFactory] Waited 2 ms for Watchman command get-sockname, exit code 0
[2019-03-25 19:19:42.472][debug][command:null][tid:14][com.facebook.buck.io.watchman.WatchmanFactory] stdout of command: {sockname=/usr/local/var/run/watchman/pedroimai-state/sock, version=4.9.0}
[2019-03-25 19:19:42.472][info ][command:null][tid:14][com.facebook.buck.io.watchman.WatchmanFactory] Connecting to Watchman version 4.9.0 at /usr/local/var/run/watchman/pedroimai-state/sock
[2019-03-25 19:19:42.515][debug][command:null][tid:14][com.facebook.buck.io.watchman.WatchmanTransportClient] Query [version, {required=[cmd-watch-project], optional=[term-dirname, cmd-watch-project, wildmatch, wildmatch_multislash, glob_generator, clock-sync-timeout]}] returned in 5 ms
[2019-03-25 19:19:42.517][info ][command:null][tid:14][com.facebook.buck.io.watchman.WatchmanFactory] Took 11 ms to query capabilities {term-dirname=DIRNAME, cmd-watch-project=SUPPORTS_PROJECT_WATCH, wildmatch=WILDMATCH_GLOB, wildmatch_multislash=WILDMATCH_MULTISLASH, glob_generator=GLOB_GENERATOR, clock-sync-timeout=CLOCK_SYNC_TIMEOUT}
[2019-03-25 19:19:42.517][debug][command:null][tid:14][com.facebook.buck.io.watchman.WatchmanFactory] Got capabilities response: {clock-sync-timeout=true, glob_generator=true, wildmatch_multislash=false, wildmatch=true, cmd-watch-project=true, term-dirname=true}
[2019-03-25 19:19:42.518][debug][command:null][tid:14][com.facebook.buck.io.watchman.WatchmanFactory] Got Watchman capabilities: [CLOCK_SYNC_TIMEOUT, GLOB_GENERATOR, WILDMATCH_GLOB, SUPPORTS_PROJECT_WATCH, DIRNAME]
[2019-03-25 19:19:42.519][info ][command:null][tid:14][com.facebook.buck.io.watchman.WatchmanFactory] Adding watchman root: /home/pedroimai/Projects/okbucktutorial
[2019-03-25 19:19:42.520][debug][command:null][tid:14][com.facebook.buck.io.watchman.WatchmanTransportClient] Query [watch-project, /home/pedroimai/Projects/okbucktutorial] returned in 0 ms
[2019-03-25 19:19:42.521][debug][command:null][tid:14][com.facebook.buck.io.watchman.WatchmanTransportClient] Query [watch-project, /home/pedroimai/Projects/okbucktutorial] returned in 0 ms
[2019-03-25 19:19:42.522][info ][command:null][tid:14][com.facebook.buck.io.watchman.WatchmanFactory] Took 2 ms to add root /home/pedroimai/Projects/okbucktutorial
[2019-03-25 19:19:42.526][debug][command:null][tid:14][com.facebook.buck.io.watchman.WatchmanTransportClient] Query [clock, /home/pedroimai/Projects/okbucktutorial, {sync_timeout=100}] returned in 0 ms
[2019-03-25 19:19:42.527][info ][command:null][tid:14][com.facebook.buck.io.watchman.WatchmanFactory] Took 1 ms to query for initial clock id Optional[c:1553552229:18655:4:199]
[2019-03-25 19:19:42.528][debug][command:null][tid:14][com.facebook.buck.io.watchman.WatchmanFactory] Connected to Watchman
[2019-03-25 19:19:42.528][debug][command:null][tid:14][com.facebook.buck.io.watchman.WatchmanTransportClient] Closing Watchman transport.
[2019-03-25 19:19:42.529][debug][command:null][tid:14][com.facebook.buck.cli.Main] Watchman capabilities: [CLOCK_SYNC_TIMEOUT, GLOB_GENERATOR, WILDMATCH_GLOB, SUPPORTS_PROJECT_WATCH, DIRNAME] Project watches: {/home/pedroimai/Projects/okbucktutorial=ProjectWatch{watchRoot=/home/pedroimai/Projects/okbucktutorial}} Glob handler config: PYTHON Query timeout ms config: Optional.empty
[2019-03-25 19:19:42.549][warn ][command:null][tid:14][com.facebook.buck.core.plugin.impl.DefaultBuckPluginManager] Time to load instances of interface com.facebook.buck.core.rules.config.ConfigurationRuleDescriptionProvider: 18
[2019-03-25 19:19:42.555][debug][command:null][tid:14][com.facebook.buck.util.config.Configs] Loaded a configuration file /home/pedroimai/Projects/okbucktutorial/.okbuck/config/okbuck.buckconfig: {android={build_tools_version=28.0.2, target=android-28}, kotlin={kotlin_home=//.okbuck/workspace/kotlin_home:kotlin_home}, tools={proguard=//.okbuck/ext/net/sf/proguard:proguard-base-6.0.3.jar}, maven_repositories={google=https://dl.google.com/dl/android/maven2/, bintrayjcenter=https://jcenter.bintray.com/, maven=https://jitpack.io}, download={in_build=true, max_number_of_retries=3}}
[2019-03-25 19:19:42.555][debug][command:null][tid:14][com.facebook.buck.util.config.Configs] Loaded a configuration file .okbuck/config/okbuck.buckconfig, {android={build_tools_version=28.0.2, target=android-28}, kotlin={kotlin_home=//.okbuck/workspace/kotlin_home:kotlin_home}, tools={proguard=//.okbuck/ext/net/sf/proguard:proguard-base-6.0.3.jar}, maven_repositories={google=https://dl.google.com/dl/android/maven2/, bintrayjcenter=https://jcenter.bintray.com/, maven=https://jitpack.io}, download={in_build=true, max_number_of_retries=3}}
[2019-03-25 19:19:42.581][warn ][command:null][tid:14][com.facebook.buck.core.plugin.impl.DefaultBuckPluginManager] Time to load instances of interface com.facebook.buck.core.toolchain.ToolchainSupplier: 19
[2019-03-25 19:19:42.604][warn ][command:null][tid:14][com.facebook.buck.core.plugin.impl.DefaultBuckPluginManager] Time to load instances of interface com.facebook.buck.event.listener.devspeed.DevspeedTelemetryPlugin: 1
[2019-03-25 19:19:42.605][debug][command:null][tid:14][com.facebook.buck.cli.DaemonLifecycleManager] Starting up daemon for project root [/home/pedroimai/Projects/okbucktutorial]
[2019-03-25 19:19:42.788][warn ][command:null][tid:14][com.facebook.buck.cli.Daemon] Can't start web server
[2019-03-25 19:19:42.789][debug][command:null][tid:14][com.facebook.buck.cli.Daemon] Using Watchman Cursor: {/home/pedroimai/Projects/okbucktutorial=c:1553552229:18655:4:199}
