[2019-04-03 17:29:03.164][debug][command:null][tid:01][com.google.common.util.concurrent.ServiceManager] Starting HangMonitor [RUNNING].
[2019-04-03 17:29:03.210][debug][command:null][tid:01][com.google.common.util.concurrent.ServiceManager] Started HangMonitor [RUNNING] in 52.07 ms.
[2019-04-03 17:29:03.253][info ][command:null][tid:01][com.facebook.buck.cli.Main] enabling background process killing for buckd
[2019-04-03 17:29:03.256][info ][command:null][tid:01][com.facebook.buck.cli.Main] enabled background process killing for buckd
[2019-04-03 17:29:03.258][info ][command:null][tid:01][com.facebook.buck.cli.Main] initialized bg session killer
[2019-04-03 17:29:03.358][debug][command:null][tid:14][com.facebook.nailgun.NGSession] NGSession 1 is waiting for first client to connect
[2019-04-03 17:29:03.359][debug][command:null][tid:14][com.facebook.nailgun.NGSession] NGSession 1 accepted new connection
[2019-04-03 17:29:03.365][debug][command:null][tid:15][com.facebook.nailgun.NGCommunicator] Orchestrator thread started
[2019-04-03 17:29:03.384][debug][command:null][tid:14][com.facebook.buck.util.config.Configs] Loading configuration for /home/pedroimai/Projects/okbucktutorial
[2019-04-03 17:29:03.402][debug][command:null][tid:14][com.facebook.buck.util.config.Configs] Loaded project configuration file /home/pedroimai/Projects/okbucktutorial/.buckconfig
[2019-04-03 17:29:03.402][debug][command:null][tid:14][com.facebook.buck.util.config.Configs] Adding configuration overrides RawConfig{values={}}
[2019-04-03 17:29:03.423][info ][command:null][tid:14][org.pf4j.DefaultPluginStatusProvider] Enabled plugins: []
[2019-04-03 17:29:03.423][info ][command:null][tid:14][org.pf4j.DefaultPluginStatusProvider] Disabled plugins: []
[2019-04-03 17:29:03.424][info ][command:null][tid:14][org.pf4j.DefaultPluginManager] PF4J version 0.0.0 in 'deployment' mode
[2019-04-03 17:29:03.435][debug][command:null][tid:14][org.pf4j.AbstractPluginManager] Lookup plugins in '/home/pedroimai/Projects/okbucktutorial/.buckd/resources/c0e4f9faf28e8d1629889e442a8efe2b52f535f6/buck-modules'
[2019-04-03 17:29:03.438][debug][command:null][tid:14][org.pf4j.AbstractPluginManager] Found 16 possible plugins: [/home/pedroimai/Projects/okbucktutorial/.buckd/resources/c0e4f9faf28e8d1629889e442a8efe2b52f535f6/buck-modules/haskell.jar, /home/pedroimai/Projects/okbucktutorial/.buckd/resources/c0e4f9faf28e8d1629889e442a8efe2b52f535f6/buck-modules/js.jar, /home/pedroimai/Projects/okbucktutorial/.buckd/resources/c0e4f9faf28e8d1629889e442a8efe2b52f535f6/buck-modules/gwt.jar, /home/pedroimai/Projects/okbucktutorial/.buckd/resources/c0e4f9faf28e8d1629889e442a8efe2b52f535f6/buck-modules/filegroup.jar, /home/pedroimai/Projects/okbucktutorial/.buckd/resources/c0e4f9faf28e8d1629889e442a8efe2b52f535f6/buck-modules/dotnet.jar, /home/pedroimai/Projects/okbucktutorial/.buckd/resources/c0e4f9faf28e8d1629889e442a8efe2b52f535f6/buck-modules/ocaml.jar, /home/pedroimai/Projects/okbucktutorial/.buckd/resources/c0e4f9faf28e8d1629889e442a8efe2b52f535f6/buck-modules/ziprules.jar, /home/pedroimai/Projects/okbucktutorial/.buckd/resources/c0e4f9faf28e8d1629889e442a8efe2b52f535f6/buck-modules/lua.jar, /home/pedroimai/Projects/okbucktutorial/.buckd/resources/c0e4f9faf28e8d1629889e442a8efe2b52f535f6/buck-modules/d.jar, /home/pedroimai/Projects/okbucktutorial/.buckd/resources/c0e4f9faf28e8d1629889e442a8efe2b52f535f6/buck-modules/filebundler.jar, /home/pedroimai/Projects/okbucktutorial/.buckd/resources/c0e4f9faf28e8d1629889e442a8efe2b52f535f6/buck-modules/rust.jar, /home/pedroimai/Projects/okbucktutorial/.buckd/resources/c0e4f9faf28e8d1629889e442a8efe2b52f535f6/buck-modules/halide.jar, /home/pedroimai/Projects/okbucktutorial/.buckd/resources/c0e4f9faf28e8d1629889e442a8efe2b52f535f6/buck-modules/go.jar, /home/pedroimai/Projects/okbucktutorial/.buckd/resources/c0e4f9faf28e8d1629889e442a8efe2b52f535f6/buck-modules/intellij.jar, /home/pedroimai/Projects/okbucktutorial/.buckd/resources/c0e4f9faf28e8d1629889e442a8efe2b52f535f6/buck-modules/python.jar, /home/pedroimai/Projects/okbucktutorial/.buckd/resources/c0e4f9faf28e8d1629889e442a8efe2b52f535f6/buck-modules/xcode.jar]
[2019-04-03 17:29:03.438][debug][command:null][tid:14][org.pf4j.AbstractPluginManager] Use 'org.pf4j.CompoundPluginDescriptorFinder@43590229' to find plugins descriptors
[2019-04-03 17:29:03.439][debug][command:null][tid:14][org.pf4j.AbstractPluginManager] Finding plugin descriptor for plugin '/home/pedroimai/Projects/okbucktutorial/.buckd/resources/c0e4f9faf28e8d1629889e442a8efe2b52f535f6/buck-modules/haskell.jar'
[2019-04-03 17:29:03.439][debug][command:null][tid:14][org.pf4j.CompoundPluginDescriptorFinder] 'org.pf4j.ManifestPluginDescriptorFinder@350cfcbe' is applicable for plugin '/home/pedroimai/Projects/okbucktutorial/.buckd/resources/c0e4f9faf28e8d1629889e442a8efe2b52f535f6/buck-modules/haskell.jar'
[2019-04-03 17:29:03.440][debug][command:null][tid:14][org.pf4j.AbstractPluginManager] Found descriptor PluginDescriptor [pluginId=com.facebook.buck.features.haskell, pluginClass=com.facebook.buck.features.haskell.HaskellModuleAdapterPlugin, version=0.0.1, provider=null, dependencies=[], description=, requires=*, license=null]
[2019-04-03 17:29:03.441][debug][command:null][tid:14][org.pf4j.AbstractPluginManager] Class 'com.facebook.buck.features.haskell.HaskellModuleAdapterPlugin' for plugin '/home/pedroimai/Projects/okbucktutorial/.buckd/resources/c0e4f9faf28e8d1629889e442a8efe2b52f535f6/buck-modules/haskell.jar'
[2019-04-03 17:29:03.441][debug][command:null][tid:14][org.pf4j.AbstractPluginManager] Loading plugin '/home/pedroimai/Projects/okbucktutorial/.buckd/resources/c0e4f9faf28e8d1629889e442a8efe2b52f535f6/buck-modules/haskell.jar'
[2019-04-03 17:29:03.441][debug][command:null][tid:14][org.pf4j.PluginClassLoader] Add 'file:/home/pedroimai/Projects/okbucktutorial/.buckd/resources/c0e4f9faf28e8d1629889e442a8efe2b52f535f6/buck-modules/haskell.jar'
[2019-04-03 17:29:03.442][debug][command:null][tid:14][org.pf4j.AbstractPluginManager] Loaded plugin '/home/pedroimai/Projects/okbucktutorial/.buckd/resources/c0e4f9faf28e8d1629889e442a8efe2b52f535f6/buck-modules/haskell.jar' with class loader 'org.pf4j.PluginClassLoader@67e4e1ec'
[2019-04-03 17:29:03.442][debug][command:null][tid:14][org.pf4j.AbstractPluginManager] Creating wrapper for plugin '/home/pedroimai/Projects/okbucktutorial/.buckd/resources/c0e4f9faf28e8d1629889e442a8efe2b52f535f6/buck-modules/haskell.jar'
[2019-04-03 17:29:03.443][debug][command:null][tid:14][org.pf4j.AbstractPluginManager] Created wrapper 'PluginWrapper [descriptor=PluginDescriptor [pluginId=com.facebook.buck.features.haskell, pluginClass=com.facebook.buck.features.haskell.HaskellModuleAdapterPlugin, version=0.0.1, provider=null, dependencies=[], description=, requires=*, license=null], pluginPath=/home/pedroimai/Projects/okbucktutorial/.buckd/resources/c0e4f9faf28e8d1629889e442a8efe2b52f535f6/buck-modules/haskell.jar]' for plugin '/home/pedroimai/Projects/okbucktutorial/.buckd/resources/c0e4f9faf28e8d1629889e442a8efe2b52f535f6/buck-modules/haskell.jar'
[2019-04-03 17:29:03.443][debug][command:null][tid:14][org.pf4j.AbstractPluginManager] Use 'org.pf4j.CompoundPluginDescriptorFinder@43590229' to find plugins descriptors
[2019-04-03 17:29:03.443][debug][command:null][tid:14][org.pf4j.AbstractPluginManager] Finding plugin descriptor for plugin '/home/pedroimai/Projects/okbucktutorial/.buckd/resources/c0e4f9faf28e8d1629889e442a8efe2b52f535f6/buck-modules/js.jar'
[2019-04-03 17:29:03.444][debug][command:null][tid:14][org.pf4j.CompoundPluginDescriptorFinder] 'org.pf4j.ManifestPluginDescriptorFinder@350cfcbe' is applicable for plugin '/home/pedroimai/Projects/okbucktutorial/.buckd/resources/c0e4f9faf28e8d1629889e442a8efe2b52f535f6/buck-modules/js.jar'
[2019-04-03 17:29:03.444][debug][command:null][tid:14][org.pf4j.AbstractPluginManager] Found descriptor PluginDescriptor [pluginId=com.facebook.buck.features.js, pluginClass=com.facebook.buck.features.js.JsModuleAdapterPlugin, version=0.0.1, provider=null, dependencies=[], description=, requires=*, license=null]
[2019-04-03 17:29:03.444][debug][command:null][tid:14][org.pf4j.AbstractPluginManager] Class 'com.facebook.buck.features.js.JsModuleAdapterPlugin' for plugin '/home/pedroimai/Projects/okbucktutorial/.buckd/resources/c0e4f9faf28e8d1629889e442a8efe2b52f535f6/buck-modules/js.jar'
[2019-04-03 17:29:03.444][debug][command:null][tid:14][org.pf4j.AbstractPluginManager] Loading plugin '/home/pedroimai/Projects/okbucktutorial/.buckd/resources/c0e4f9faf28e8d1629889e442a8efe2b52f535f6/buck-modules/js.jar'
[2019-04-03 17:29:03.445][debug][command:null][tid:14][org.pf4j.PluginClassLoader] Add 'file:/home/pedroimai/Projects/okbucktutorial/.buckd/resources/c0e4f9faf28e8d1629889e442a8efe2b52f535f6/buck-modules/js.jar'
[2019-04-03 17:29:03.445][debug][command:null][tid:14][org.pf4j.AbstractPluginManager] Loaded plugin '/home/pedroimai/Projects/okbucktutorial/.buckd/resources/c0e4f9faf28e8d1629889e442a8efe2b52f535f6/buck-modules/js.jar' with class loader 'org.pf4j.PluginClassLoader@270ac8e5'
[2019-04-03 17:29:03.445][debug][command:null][tid:14][org.pf4j.AbstractPluginManager] Creating wrapper for plugin '/home/pedroimai/Projects/okbucktutorial/.buckd/resources/c0e4f9faf28e8d1629889e442a8efe2b52f535f6/buck-modules/js.jar'
[2019-04-03 17:29:03.446][debug][command:null][tid:14][org.pf4j.AbstractPluginManager] Created wrapper 'PluginWrapper [descriptor=PluginDescriptor [pluginId=com.facebook.buck.features.js, pluginClass=com.facebook.buck.features.js.JsModuleAdapterPlugin, version=0.0.1, provider=null, dependencies=[], description=, requires=*, license=null], pluginPath=/home/pedroimai/Projects/okbucktutorial/.buckd/resources/c0e4f9faf28e8d1629889e442a8efe2b52f535f6/buck-modules/js.jar]' for plugin '/home/pedroimai/Projects/okbucktutorial/.buckd/resources/c0e4f9faf28e8d1629889e442a8efe2b52f535f6/buck-modules/js.jar'
[2019-04-03 17:29:03.446][debug][command:null][tid:14][org.pf4j.AbstractPluginManager] Use 'org.pf4j.CompoundPluginDescriptorFinder@43590229' to find plugins descriptors
[2019-04-03 17:29:03.446][debug][command:null][tid:14][org.pf4j.AbstractPluginManager] Finding plugin descriptor for plugin '/home/pedroimai/Projects/okbucktutorial/.buckd/resources/c0e4f9faf28e8d1629889e442a8efe2b52f535f6/buck-modules/gwt.jar'
[2019-04-03 17:29:03.447][debug][command:null][tid:14][org.pf4j.CompoundPluginDescriptorFinder] 'org.pf4j.ManifestPluginDescriptorFinder@350cfcbe' is applicable for plugin '/home/pedroimai/Projects/okbucktutorial/.buckd/resources/c0e4f9faf28e8d1629889e442a8efe2b52f535f6/buck-modules/gwt.jar'
[2019-04-03 17:29:03.448][debug][command:null][tid:14][org.pf4j.AbstractPluginManager] Found descriptor PluginDescriptor [pluginId=com.facebook.buck.features.gwt, pluginClass=com.facebook.buck.features.gwt.GwtBuckModuleAdapterPlugin, version=0.0.1, provider=null, dependencies=[], description=, requires=*, license=null]
[2019-04-03 17:29:03.448][debug][command:null][tid:14][org.pf4j.AbstractPluginManager] Class 'com.facebook.buck.features.gwt.GwtBuckModuleAdapterPlugin' for plugin '/home/pedroimai/Projects/okbucktutorial/.buckd/resources/c0e4f9faf28e8d1629889e442a8efe2b52f535f6/buck-modules/gwt.jar'
[2019-04-03 17:29:03.448][debug][command:null][tid:14][org.pf4j.AbstractPluginManager] Loading plugin '/home/pedroimai/Projects/okbucktutorial/.buckd/resources/c0e4f9faf28e8d1629889e442a8efe2b52f535f6/buck-modules/gwt.jar'
[2019-04-03 17:29:03.448][debug][command:null][tid:14][org.pf4j.PluginClassLoader] Add 'file:/home/pedroimai/Projects/okbucktutorial/.buckd/resources/c0e4f9faf28e8d1629889e442a8efe2b52f535f6/buck-modules/gwt.jar'
[2019-04-03 17:29:03.449][debug][command:null][tid:14][org.pf4j.AbstractPluginManager] Loaded plugin '/home/pedroimai/Projects/okbucktutorial/.buckd/resources/c0e4f9faf28e8d1629889e442a8efe2b52f535f6/buck-modules/gwt.jar' with class loader 'org.pf4j.PluginClassLoader@70f596fd'
[2019-04-03 17:29:03.449][debug][command:null][tid:14][org.pf4j.AbstractPluginManager] Creating wrapper for plugin '/home/pedroimai/Projects/okbucktutorial/.buckd/resources/c0e4f9faf28e8d1629889e442a8efe2b52f535f6/buck-modules/gwt.jar'
[2019-04-03 17:29:03.449][debug][command:null][tid:14][org.pf4j.AbstractPluginManager] Created wrapper 'PluginWrapper [descriptor=PluginDescriptor [pluginId=com.facebook.buck.features.gwt, pluginClass=com.facebook.buck.features.gwt.GwtBuckModuleAdapterPlugin, version=0.0.1, provider=null, dependencies=[], description=, requires=*, license=null], pluginPath=/home/pedroimai/Projects/okbucktutorial/.buckd/resources/c0e4f9faf28e8d1629889e442a8efe2b52f535f6/buck-modules/gwt.jar]' for plugin '/home/pedroimai/Projects/okbucktutorial/.buckd/resources/c0e4f9faf28e8d1629889e442a8efe2b52f535f6/buck-modules/gwt.jar'
[2019-04-03 17:29:03.449][debug][command:null][tid:14][org.pf4j.AbstractPluginManager] Use 'org.pf4j.CompoundPluginDescriptorFinder@43590229' to find plugins descriptors
[2019-04-03 17:29:03.450][debug][command:null][tid:14][org.pf4j.AbstractPluginManager] Finding plugin descriptor for plugin '/home/pedroimai/Projects/okbucktutorial/.buckd/resources/c0e4f9faf28e8d1629889e442a8efe2b52f535f6/buck-modules/filegroup.jar'
[2019-04-03 17:29:03.450][debug][command:null][tid:14][org.pf4j.CompoundPluginDescriptorFinder] 'org.pf4j.ManifestPluginDescriptorFinder@350cfcbe' is applicable for plugin '/home/pedroimai/Projects/okbucktutorial/.buckd/resources/c0e4f9faf28e8d1629889e442a8efe2b52f535f6/buck-modules/filegroup.jar'
[2019-04-03 17:29:03.451][debug][command:null][tid:14][org.pf4j.AbstractPluginManager] Found descriptor PluginDescriptor [pluginId=com.facebook.buck.features.filegroup, pluginClass=com.facebook.buck.features.filegroup.FilegroupModuleAdapterPlugin, version=0.0.1, provider=null, dependencies=[PluginDependency [pluginId=com.facebook.buck.features.filebundler, pluginVersionSupport=*]], description=, requires=*, license=null]
[2019-04-03 17:29:03.451][debug][command:null][tid:14][org.pf4j.AbstractPluginManager] Class 'com.facebook.buck.features.filegroup.FilegroupModuleAdapterPlugin' for plugin '/home/pedroimai/Projects/okbucktutorial/.buckd/resources/c0e4f9faf28e8d1629889e442a8efe2b52f535f6/buck-modules/filegroup.jar'
[2019-04-03 17:29:03.451][debug][command:null][tid:14][org.pf4j.AbstractPluginManager] Loading plugin '/home/pedroimai/Projects/okbucktutorial/.buckd/resources/c0e4f9faf28e8d1629889e442a8efe2b52f535f6/buck-modules/filegroup.jar'
[2019-04-03 17:29:03.452][debug][command:null][tid:14][org.pf4j.PluginClassLoader] Add 'file:/home/pedroimai/Projects/okbucktutorial/.buckd/resources/c0e4f9faf28e8d1629889e442a8efe2b52f535f6/buck-modules/filegroup.jar'
[2019-04-03 17:29:03.452][debug][command:null][tid:14][org.pf4j.AbstractPluginManager] Loaded plugin '/home/pedroimai/Projects/okbucktutorial/.buckd/resources/c0e4f9faf28e8d1629889e442a8efe2b52f535f6/buck-modules/filegroup.jar' with class loader 'org.pf4j.PluginClassLoader@22971166'
[2019-04-03 17:29:03.452][debug][command:null][tid:14][org.pf4j.AbstractPluginManager] Creating wrapper for plugin '/home/pedroimai/Projects/okbucktutorial/.buckd/resources/c0e4f9faf28e8d1629889e442a8efe2b52f535f6/buck-modules/filegroup.jar'
[2019-04-03 17:29:03.452][debug][command:null][tid:14][org.pf4j.AbstractPluginManager] Created wrapper 'PluginWrapper [descriptor=PluginDescriptor [pluginId=com.facebook.buck.features.filegroup, pluginClass=com.facebook.buck.features.filegroup.FilegroupModuleAdapterPlugin, version=0.0.1, provider=null, dependencies=[PluginDependency [pluginId=com.facebook.buck.features.filebundler, pluginVersionSupport=*]], description=, requires=*, license=null], pluginPath=/home/pedroimai/Projects/okbucktutorial/.buckd/resources/c0e4f9faf28e8d1629889e442a8efe2b52f535f6/buck-modules/filegroup.jar]' for plugin '/home/pedroimai/Projects/okbucktutorial/.buckd/resources/c0e4f9faf28e8d1629889e442a8efe2b52f535f6/buck-modules/filegroup.jar'
[2019-04-03 17:29:03.452][debug][command:null][tid:14][org.pf4j.AbstractPluginManager] Use 'org.pf4j.CompoundPluginDescriptorFinder@43590229' to find plugins descriptors
[2019-04-03 17:29:03.452][debug][command:null][tid:14][org.pf4j.AbstractPluginManager] Finding plugin descriptor for plugin '/home/pedroimai/Projects/okbucktutorial/.buckd/resources/c0e4f9faf28e8d1629889e442a8efe2b52f535f6/buck-modules/dotnet.jar'
[2019-04-03 17:29:03.453][debug][command:null][tid:14][org.pf4j.CompoundPluginDescriptorFinder] 'org.pf4j.ManifestPluginDescriptorFinder@350cfcbe' is applicable for plugin '/home/pedroimai/Projects/okbucktutorial/.buckd/resources/c0e4f9faf28e8d1629889e442a8efe2b52f535f6/buck-modules/dotnet.jar'
[2019-04-03 17:29:03.453][debug][command:null][tid:14][org.pf4j.AbstractPluginManager] Found descriptor PluginDescriptor [pluginId=com.facebook.buck.features.dotnet, pluginClass=com.facebook.buck.features.dotnet.DotnetModuleAdapterPlugin, version=0.0.1, provider=null, dependencies=[], description=, requires=*, license=null]
[2019-04-03 17:29:03.453][debug][command:null][tid:14][org.pf4j.AbstractPluginManager] Class 'com.facebook.buck.features.dotnet.DotnetModuleAdapterPlugin' for plugin '/home/pedroimai/Projects/okbucktutorial/.buckd/resources/c0e4f9faf28e8d1629889e442a8efe2b52f535f6/buck-modules/dotnet.jar'
[2019-04-03 17:29:03.453][debug][command:null][tid:14][org.pf4j.AbstractPluginManager] Loading plugin '/home/pedroimai/Projects/okbucktutorial/.buckd/resources/c0e4f9faf28e8d1629889e442a8efe2b52f535f6/buck-modules/dotnet.jar'
[2019-04-03 17:29:03.453][debug][command:null][tid:14][org.pf4j.PluginClassLoader] Add 'file:/home/pedroimai/Projects/okbucktutorial/.buckd/resources/c0e4f9faf28e8d1629889e442a8efe2b52f535f6/buck-modules/dotnet.jar'
[2019-04-03 17:29:03.454][debug][command:null][tid:14][org.pf4j.AbstractPluginManager] Loaded plugin '/home/pedroimai/Projects/okbucktutorial/.buckd/resources/c0e4f9faf28e8d1629889e442a8efe2b52f535f6/buck-modules/dotnet.jar' with class loader 'org.pf4j.PluginClassLoader@29619fdb'
[2019-04-03 17:29:03.454][debug][command:null][tid:14][org.pf4j.AbstractPluginManager] Creating wrapper for plugin '/home/pedroimai/Projects/okbucktutorial/.buckd/resources/c0e4f9faf28e8d1629889e442a8efe2b52f535f6/buck-modules/dotnet.jar'
[2019-04-03 17:29:03.454][debug][command:null][tid:14][org.pf4j.AbstractPluginManager] Created wrapper 'PluginWrapper [descriptor=PluginDescriptor [pluginId=com.facebook.buck.features.dotnet, pluginClass=com.facebook.buck.features.dotnet.DotnetModuleAdapterPlugin, version=0.0.1, provider=null, dependencies=[], description=, requires=*, license=null], pluginPath=/home/pedroimai/Projects/okbucktutorial/.buckd/resources/c0e4f9faf28e8d1629889e442a8efe2b52f535f6/buck-modules/dotnet.jar]' for plugin '/home/pedroimai/Projects/okbucktutorial/.buckd/resources/c0e4f9faf28e8d1629889e442a8efe2b52f535f6/buck-modules/dotnet.jar'
[2019-04-03 17:29:03.454][debug][command:null][tid:14][org.pf4j.AbstractPluginManager] Use 'org.pf4j.CompoundPluginDescriptorFinder@43590229' to find plugins descriptors
[2019-04-03 17:29:03.454][debug][command:null][tid:14][org.pf4j.AbstractPluginManager] Finding plugin descriptor for plugin '/home/pedroimai/Projects/okbucktutorial/.buckd/resources/c0e4f9faf28e8d1629889e442a8efe2b52f535f6/buck-modules/ocaml.jar'
[2019-04-03 17:29:03.454][debug][command:null][tid:14][org.pf4j.CompoundPluginDescriptorFinder] 'org.pf4j.ManifestPluginDescriptorFinder@350cfcbe' is applicable for plugin '/home/pedroimai/Projects/okbucktutorial/.buckd/resources/c0e4f9faf28e8d1629889e442a8efe2b52f535f6/buck-modules/ocaml.jar'
[2019-04-03 17:29:03.455][debug][command:null][tid:14][org.pf4j.AbstractPluginManager] Found descriptor PluginDescriptor [pluginId=com.facebook.buck.features.ocaml, pluginClass=com.facebook.buck.features.ocaml.OcamlModuleAdapterPlugin, version=0.0.1, provider=null, dependencies=[], description=, requires=*, license=null]
[2019-04-03 17:29:03.455][debug][command:null][tid:14][org.pf4j.AbstractPluginManager] Class 'com.facebook.buck.features.ocaml.OcamlModuleAdapterPlugin' for plugin '/home/pedroimai/Projects/okbucktutorial/.buckd/resources/c0e4f9faf28e8d1629889e442a8efe2b52f535f6/buck-modules/ocaml.jar'
[2019-04-03 17:29:03.455][debug][command:null][tid:14][org.pf4j.AbstractPluginManager] Loading plugin '/home/pedroimai/Projects/okbucktutorial/.buckd/resources/c0e4f9faf28e8d1629889e442a8efe2b52f535f6/buck-modules/ocaml.jar'
[2019-04-03 17:29:03.455][debug][command:null][tid:14][org.pf4j.PluginClassLoader] Add 'file:/home/pedroimai/Projects/okbucktutorial/.buckd/resources/c0e4f9faf28e8d1629889e442a8efe2b52f535f6/buck-modules/ocaml.jar'
[2019-04-03 17:29:03.456][debug][command:null][tid:14][org.pf4j.AbstractPluginManager] Loaded plugin '/home/pedroimai/Projects/okbucktutorial/.buckd/resources/c0e4f9faf28e8d1629889e442a8efe2b52f535f6/buck-modules/ocaml.jar' with class loader 'org.pf4j.PluginClassLoader@24c0213e'
[2019-04-03 17:29:03.456][debug][command:null][tid:14][org.pf4j.AbstractPluginManager] Creating wrapper for plugin '/home/pedroimai/Projects/okbucktutorial/.buckd/resources/c0e4f9faf28e8d1629889e442a8efe2b52f535f6/buck-modules/ocaml.jar'
[2019-04-03 17:29:03.456][debug][command:null][tid:14][org.pf4j.AbstractPluginManager] Created wrapper 'PluginWrapper [descriptor=PluginDescriptor [pluginId=com.facebook.buck.features.ocaml, pluginClass=com.facebook.buck.features.ocaml.OcamlModuleAdapterPlugin, version=0.0.1, provider=null, dependencies=[], description=, requires=*, license=null], pluginPath=/home/pedroimai/Projects/okbucktutorial/.buckd/resources/c0e4f9faf28e8d1629889e442a8efe2b52f535f6/buck-modules/ocaml.jar]' for plugin '/home/pedroimai/Projects/okbucktutorial/.buckd/resources/c0e4f9faf28e8d1629889e442a8efe2b52f535f6/buck-modules/ocaml.jar'
[2019-04-03 17:29:03.456][debug][command:null][tid:14][org.pf4j.AbstractPluginManager] Use 'org.pf4j.CompoundPluginDescriptorFinder@43590229' to find plugins descriptors
[2019-04-03 17:29:03.456][debug][command:null][tid:14][org.pf4j.AbstractPluginManager] Finding plugin descriptor for plugin '/home/pedroimai/Projects/okbucktutorial/.buckd/resources/c0e4f9faf28e8d1629889e442a8efe2b52f535f6/buck-modules/ziprules.jar'
[2019-04-03 17:29:03.456][debug][command:null][tid:14][org.pf4j.CompoundPluginDescriptorFinder] 'org.pf4j.ManifestPluginDescriptorFinder@350cfcbe' is applicable for plugin '/home/pedroimai/Projects/okbucktutorial/.buckd/resources/c0e4f9faf28e8d1629889e442a8efe2b52f535f6/buck-modules/ziprules.jar'
[2019-04-03 17:29:03.457][debug][command:null][tid:14][org.pf4j.AbstractPluginManager] Found descriptor PluginDescriptor [pluginId=com.facebook.buck.features.zip.rules, pluginClass=com.facebook.buck.features.zip.rules.ZipRulesModuleAdapterPlugin, version=0.0.1, provider=null, dependencies=[PluginDependency [pluginId=com.facebook.buck.features.filebundler, pluginVersionSupport=*]], description=, requires=*, license=null]
[2019-04-03 17:29:03.457][debug][command:null][tid:14][org.pf4j.AbstractPluginManager] Class 'com.facebook.buck.features.zip.rules.ZipRulesModuleAdapterPlugin' for plugin '/home/pedroimai/Projects/okbucktutorial/.buckd/resources/c0e4f9faf28e8d1629889e442a8efe2b52f535f6/buck-modules/ziprules.jar'
[2019-04-03 17:29:03.457][debug][command:null][tid:14][org.pf4j.AbstractPluginManager] Loading plugin '/home/pedroimai/Projects/okbucktutorial/.buckd/resources/c0e4f9faf28e8d1629889e442a8efe2b52f535f6/buck-modules/ziprules.jar'
[2019-04-03 17:29:03.457][debug][command:null][tid:14][org.pf4j.PluginClassLoader] Add 'file:/home/pedroimai/Projects/okbucktutorial/.buckd/resources/c0e4f9faf28e8d1629889e442a8efe2b52f535f6/buck-modules/ziprules.jar'
[2019-04-03 17:29:03.457][debug][command:null][tid:14][org.pf4j.AbstractPluginManager] Loaded plugin '/home/pedroimai/Projects/okbucktutorial/.buckd/resources/c0e4f9faf28e8d1629889e442a8efe2b52f535f6/buck-modules/ziprules.jar' with class loader 'org.pf4j.PluginClassLoader@325d4a00'
[2019-04-03 17:29:03.457][debug][command:null][tid:14][org.pf4j.AbstractPluginManager] Creating wrapper for plugin '/home/pedroimai/Projects/okbucktutorial/.buckd/resources/c0e4f9faf28e8d1629889e442a8efe2b52f535f6/buck-modules/ziprules.jar'
[2019-04-03 17:29:03.458][debug][command:null][tid:14][org.pf4j.AbstractPluginManager] Created wrapper 'PluginWrapper [descriptor=PluginDescriptor [pluginId=com.facebook.buck.features.zip.rules, pluginClass=com.facebook.buck.features.zip.rules.ZipRulesModuleAdapterPlugin, version=0.0.1, provider=null, dependencies=[PluginDependency [pluginId=com.facebook.buck.features.filebundler, pluginVersionSupport=*]], description=, requires=*, license=null], pluginPath=/home/pedroimai/Projects/okbucktutorial/.buckd/resources/c0e4f9faf28e8d1629889e442a8efe2b52f535f6/buck-modules/ziprules.jar]' for plugin '/home/pedroimai/Projects/okbucktutorial/.buckd/resources/c0e4f9faf28e8d1629889e442a8efe2b52f535f6/buck-modules/ziprules.jar'
[2019-04-03 17:29:03.458][debug][command:null][tid:14][org.pf4j.AbstractPluginManager] Use 'org.pf4j.CompoundPluginDescriptorFinder@43590229' to find plugins descriptors
[2019-04-03 17:29:03.458][debug][command:null][tid:14][org.pf4j.AbstractPluginManager] Finding plugin descriptor for plugin '/home/pedroimai/Projects/okbucktutorial/.buckd/resources/c0e4f9faf28e8d1629889e442a8efe2b52f535f6/buck-modules/lua.jar'
[2019-04-03 17:29:03.458][debug][command:null][tid:14][org.pf4j.CompoundPluginDescriptorFinder] 'org.pf4j.ManifestPluginDescriptorFinder@350cfcbe' is applicable for plugin '/home/pedroimai/Projects/okbucktutorial/.buckd/resources/c0e4f9faf28e8d1629889e442a8efe2b52f535f6/buck-modules/lua.jar'
[2019-04-03 17:29:03.459][debug][command:null][tid:14][org.pf4j.AbstractPluginManager] Found descriptor PluginDescriptor [pluginId=com.facebook.buck.features.lua, pluginClass=com.facebook.buck.features.lua.LuaModuleAdapterPlugin, version=0.0.1, provider=null, dependencies=[PluginDependency [pluginId=com.facebook.buck.features.python, pluginVersionSupport=*]], description=, requires=*, license=null]
[2019-04-03 17:29:03.459][debug][command:null][tid:14][org.pf4j.AbstractPluginManager] Class 'com.facebook.buck.features.lua.LuaModuleAdapterPlugin' for plugin '/home/pedroimai/Projects/okbucktutorial/.buckd/resources/c0e4f9faf28e8d1629889e442a8efe2b52f535f6/buck-modules/lua.jar'
[2019-04-03 17:29:03.459][debug][command:null][tid:14][org.pf4j.AbstractPluginManager] Loading plugin '/home/pedroimai/Projects/okbucktutorial/.buckd/resources/c0e4f9faf28e8d1629889e442a8efe2b52f535f6/buck-modules/lua.jar'
[2019-04-03 17:29:03.459][debug][command:null][tid:14][org.pf4j.PluginClassLoader] Add 'file:/home/pedroimai/Projects/okbucktutorial/.buckd/resources/c0e4f9faf28e8d1629889e442a8efe2b52f535f6/buck-modules/lua.jar'
[2019-04-03 17:29:03.459][debug][command:null][tid:14][org.pf4j.AbstractPluginManager] Loaded plugin '/home/pedroimai/Projects/okbucktutorial/.buckd/resources/c0e4f9faf28e8d1629889e442a8efe2b52f535f6/buck-modules/lua.jar' with class loader 'org.pf4j.PluginClassLoader@3e215af9'
[2019-04-03 17:29:03.459][debug][command:null][tid:14][org.pf4j.AbstractPluginManager] Creating wrapper for plugin '/home/pedroimai/Projects/okbucktutorial/.buckd/resources/c0e4f9faf28e8d1629889e442a8efe2b52f535f6/buck-modules/lua.jar'
[2019-04-03 17:29:03.460][debug][command:null][tid:14][org.pf4j.AbstractPluginManager] Created wrapper 'PluginWrapper [descriptor=PluginDescriptor [pluginId=com.facebook.buck.features.lua, pluginClass=com.facebook.buck.features.lua.LuaModuleAdapterPlugin, version=0.0.1, provider=null, dependencies=[PluginDependency [pluginId=com.facebook.buck.features.python, pluginVersionSupport=*]], description=, requires=*, license=null], pluginPath=/home/pedroimai/Projects/okbucktutorial/.buckd/resources/c0e4f9faf28e8d1629889e442a8efe2b52f535f6/buck-modules/lua.jar]' for plugin '/home/pedroimai/Projects/okbucktutorial/.buckd/resources/c0e4f9faf28e8d1629889e442a8efe2b52f535f6/buck-modules/lua.jar'
[2019-04-03 17:29:03.460][debug][command:null][tid:14][org.pf4j.AbstractPluginManager] Use 'org.pf4j.CompoundPluginDescriptorFinder@43590229' to find plugins descriptors
[2019-04-03 17:29:03.460][debug][command:null][tid:14][org.pf4j.AbstractPluginManager] Finding plugin descriptor for plugin '/home/pedroimai/Projects/okbucktutorial/.buckd/resources/c0e4f9faf28e8d1629889e442a8efe2b52f535f6/buck-modules/d.jar'
[2019-04-03 17:29:03.461][debug][command:null][tid:14][org.pf4j.CompoundPluginDescriptorFinder] 'org.pf4j.ManifestPluginDescriptorFinder@350cfcbe' is applicable for plugin '/home/pedroimai/Projects/okbucktutorial/.buckd/resources/c0e4f9faf28e8d1629889e442a8efe2b52f535f6/buck-modules/d.jar'
[2019-04-03 17:29:03.461][debug][command:null][tid:14][org.pf4j.AbstractPluginManager] Found descriptor PluginDescriptor [pluginId=com.facebook.buck.features.d, pluginClass=com.facebook.buck.features.d.DModuleAdapterPlugin, version=0.0.1, provider=null, dependencies=[], description=, requires=*, license=null]
[2019-04-03 17:29:03.461][debug][command:null][tid:14][org.pf4j.AbstractPluginManager] Class 'com.facebook.buck.features.d.DModuleAdapterPlugin' for plugin '/home/pedroimai/Projects/okbucktutorial/.buckd/resources/c0e4f9faf28e8d1629889e442a8efe2b52f535f6/buck-modules/d.jar'
[2019-04-03 17:29:03.461][debug][command:null][tid:14][org.pf4j.AbstractPluginManager] Loading plugin '/home/pedroimai/Projects/okbucktutorial/.buckd/resources/c0e4f9faf28e8d1629889e442a8efe2b52f535f6/buck-modules/d.jar'
[2019-04-03 17:29:03.462][debug][command:null][tid:14][org.pf4j.PluginClassLoader] Add 'file:/home/pedroimai/Projects/okbucktutorial/.buckd/resources/c0e4f9faf28e8d1629889e442a8efe2b52f535f6/buck-modules/d.jar'
[2019-04-03 17:29:03.462][debug][command:null][tid:14][org.pf4j.AbstractPluginManager] Loaded plugin '/home/pedroimai/Projects/okbucktutorial/.buckd/resources/c0e4f9faf28e8d1629889e442a8efe2b52f535f6/buck-modules/d.jar' with class loader 'org.pf4j.PluginClassLoader@19290f03'
[2019-04-03 17:29:03.462][debug][command:null][tid:14][org.pf4j.AbstractPluginManager] Creating wrapper for plugin '/home/pedroimai/Projects/okbucktutorial/.buckd/resources/c0e4f9faf28e8d1629889e442a8efe2b52f535f6/buck-modules/d.jar'
[2019-04-03 17:29:03.462][debug][command:null][tid:14][org.pf4j.AbstractPluginManager] Created wrapper 'PluginWrapper [descriptor=PluginDescriptor [pluginId=com.facebook.buck.features.d, pluginClass=com.facebook.buck.features.d.DModuleAdapterPlugin, version=0.0.1, provider=null, dependencies=[], description=, requires=*, license=null], pluginPath=/home/pedroimai/Projects/okbucktutorial/.buckd/resources/c0e4f9faf28e8d1629889e442a8efe2b52f535f6/buck-modules/d.jar]' for plugin '/home/pedroimai/Projects/okbucktutorial/.buckd/resources/c0e4f9faf28e8d1629889e442a8efe2b52f535f6/buck-modules/d.jar'
[2019-04-03 17:29:03.463][debug][command:null][tid:14][org.pf4j.AbstractPluginManager] Use 'org.pf4j.CompoundPluginDescriptorFinder@43590229' to find plugins descriptors
[2019-04-03 17:29:03.463][debug][command:null][tid:14][org.pf4j.AbstractPluginManager] Finding plugin descriptor for plugin '/home/pedroimai/Projects/okbucktutorial/.buckd/resources/c0e4f9faf28e8d1629889e442a8efe2b52f535f6/buck-modules/filebundler.jar'
[2019-04-03 17:29:03.463][debug][command:null][tid:14][org.pf4j.CompoundPluginDescriptorFinder] 'org.pf4j.ManifestPluginDescriptorFinder@350cfcbe' is applicable for plugin '/home/pedroimai/Projects/okbucktutorial/.buckd/resources/c0e4f9faf28e8d1629889e442a8efe2b52f535f6/buck-modules/filebundler.jar'
[2019-04-03 17:29:03.464][debug][command:null][tid:14][org.pf4j.AbstractPluginManager] Found descriptor PluginDescriptor [pluginId=com.facebook.buck.features.filebundler, pluginClass=com.facebook.buck.features.filebundler.FileBundlerModuleAdapterPlugin, version=0.0.1, provider=null, dependencies=[], description=, requires=*, license=null]
[2019-04-03 17:29:03.464][debug][command:null][tid:14][org.pf4j.AbstractPluginManager] Class 'com.facebook.buck.features.filebundler.FileBundlerModuleAdapterPlugin' for plugin '/home/pedroimai/Projects/okbucktutorial/.buckd/resources/c0e4f9faf28e8d1629889e442a8efe2b52f535f6/buck-modules/filebundler.jar'
[2019-04-03 17:29:03.464][debug][command:null][tid:14][org.pf4j.AbstractPluginManager] Loading plugin '/home/pedroimai/Projects/okbucktutorial/.buckd/resources/c0e4f9faf28e8d1629889e442a8efe2b52f535f6/buck-modules/filebundler.jar'
[2019-04-03 17:29:03.465][debug][command:null][tid:14][org.pf4j.PluginClassLoader] Add 'file:/home/pedroimai/Projects/okbucktutorial/.buckd/resources/c0e4f9faf28e8d1629889e442a8efe2b52f535f6/buck-modules/filebundler.jar'
[2019-04-03 17:29:03.465][debug][command:null][tid:14][org.pf4j.AbstractPluginManager] Loaded plugin '/home/pedroimai/Projects/okbucktutorial/.buckd/resources/c0e4f9faf28e8d1629889e442a8efe2b52f535f6/buck-modules/filebundler.jar' with class loader 'org.pf4j.PluginClassLoader@7b541583'
[2019-04-03 17:29:03.465][debug][command:null][tid:14][org.pf4j.AbstractPluginManager] Creating wrapper for plugin '/home/pedroimai/Projects/okbucktutorial/.buckd/resources/c0e4f9faf28e8d1629889e442a8efe2b52f535f6/buck-modules/filebundler.jar'
[2019-04-03 17:29:03.465][debug][command:null][tid:14][org.pf4j.AbstractPluginManager] Created wrapper 'PluginWrapper [descriptor=PluginDescriptor [pluginId=com.facebook.buck.features.filebundler, pluginClass=com.facebook.buck.features.filebundler.FileBundlerModuleAdapterPlugin, version=0.0.1, provider=null, dependencies=[], description=, requires=*, license=null], pluginPath=/home/pedroimai/Projects/okbucktutorial/.buckd/resources/c0e4f9faf28e8d1629889e442a8efe2b52f535f6/buck-modules/filebundler.jar]' for plugin '/home/pedroimai/Projects/okbucktutorial/.buckd/resources/c0e4f9faf28e8d1629889e442a8efe2b52f535f6/buck-modules/filebundler.jar'
[2019-04-03 17:29:03.465][debug][command:null][tid:14][org.pf4j.AbstractPluginManager] Use 'org.pf4j.CompoundPluginDescriptorFinder@43590229' to find plugins descriptors
[2019-04-03 17:29:03.466][debug][command:null][tid:14][org.pf4j.AbstractPluginManager] Finding plugin descriptor for plugin '/home/pedroimai/Projects/okbucktutorial/.buckd/resources/c0e4f9faf28e8d1629889e442a8efe2b52f535f6/buck-modules/rust.jar'
[2019-04-03 17:29:03.466][debug][command:null][tid:14][org.pf4j.CompoundPluginDescriptorFinder] 'org.pf4j.ManifestPluginDescriptorFinder@350cfcbe' is applicable for plugin '/home/pedroimai/Projects/okbucktutorial/.buckd/resources/c0e4f9faf28e8d1629889e442a8efe2b52f535f6/buck-modules/rust.jar'
[2019-04-03 17:29:03.466][debug][command:null][tid:14][org.pf4j.AbstractPluginManager] Found descriptor PluginDescriptor [pluginId=com.facebook.buck.features.rust, pluginClass=com.facebook.buck.features.rust.RustModuleAdapterPlugin, version=0.0.1, provider=null, dependencies=[], description=, requires=*, license=null]
[2019-04-03 17:29:03.467][debug][command:null][tid:14][org.pf4j.AbstractPluginManager] Class 'com.facebook.buck.features.rust.RustModuleAdapterPlugin' for plugin '/home/pedroimai/Projects/okbucktutorial/.buckd/resources/c0e4f9faf28e8d1629889e442a8efe2b52f535f6/buck-modules/rust.jar'
[2019-04-03 17:29:03.467][debug][command:null][tid:14][org.pf4j.AbstractPluginManager] Loading plugin '/home/pedroimai/Projects/okbucktutorial/.buckd/resources/c0e4f9faf28e8d1629889e442a8efe2b52f535f6/buck-modules/rust.jar'
[2019-04-03 17:29:03.467][debug][command:null][tid:14][org.pf4j.PluginClassLoader] Add 'file:/home/pedroimai/Projects/okbucktutorial/.buckd/resources/c0e4f9faf28e8d1629889e442a8efe2b52f535f6/buck-modules/rust.jar'
[2019-04-03 17:29:03.467][debug][command:null][tid:14][org.pf4j.AbstractPluginManager] Loaded plugin '/home/pedroimai/Projects/okbucktutorial/.buckd/resources/c0e4f9faf28e8d1629889e442a8efe2b52f535f6/buck-modules/rust.jar' with class loader 'org.pf4j.PluginClassLoader@64f8600e'
[2019-04-03 17:29:03.468][debug][command:null][tid:14][org.pf4j.AbstractPluginManager] Creating wrapper for plugin '/home/pedroimai/Projects/okbucktutorial/.buckd/resources/c0e4f9faf28e8d1629889e442a8efe2b52f535f6/buck-modules/rust.jar'
[2019-04-03 17:29:03.468][debug][command:null][tid:14][org.pf4j.AbstractPluginManager] Created wrapper 'PluginWrapper [descriptor=PluginDescriptor [pluginId=com.facebook.buck.features.rust, pluginClass=com.facebook.buck.features.rust.RustModuleAdapterPlugin, version=0.0.1, provider=null, dependencies=[], description=, requires=*, license=null], pluginPath=/home/pedroimai/Projects/okbucktutorial/.buckd/resources/c0e4f9faf28e8d1629889e442a8efe2b52f535f6/buck-modules/rust.jar]' for plugin '/home/pedroimai/Projects/okbucktutorial/.buckd/resources/c0e4f9faf28e8d1629889e442a8efe2b52f535f6/buck-modules/rust.jar'
[2019-04-03 17:29:03.468][debug][command:null][tid:14][org.pf4j.AbstractPluginManager] Use 'org.pf4j.CompoundPluginDescriptorFinder@43590229' to find plugins descriptors
[2019-04-03 17:29:03.468][debug][command:null][tid:14][org.pf4j.AbstractPluginManager] Finding plugin descriptor for plugin '/home/pedroimai/Projects/okbucktutorial/.buckd/resources/c0e4f9faf28e8d1629889e442a8efe2b52f535f6/buck-modules/halide.jar'
[2019-04-03 17:29:03.469][debug][command:null][tid:14][org.pf4j.CompoundPluginDescriptorFinder] 'org.pf4j.ManifestPluginDescriptorFinder@350cfcbe' is applicable for plugin '/home/pedroimai/Projects/okbucktutorial/.buckd/resources/c0e4f9faf28e8d1629889e442a8efe2b52f535f6/buck-modules/halide.jar'
[2019-04-03 17:29:03.469][debug][command:null][tid:14][org.pf4j.AbstractPluginManager] Found descriptor PluginDescriptor [pluginId=com.facebook.buck.features.halide, pluginClass=com.facebook.buck.features.halide.HalideModuleAdapterPlugin, version=0.0.1, provider=null, dependencies=[], description=, requires=*, license=null]
[2019-04-03 17:29:03.470][debug][command:null][tid:14][org.pf4j.AbstractPluginManager] Class 'com.facebook.buck.features.halide.HalideModuleAdapterPlugin' for plugin '/home/pedroimai/Projects/okbucktutorial/.buckd/resources/c0e4f9faf28e8d1629889e442a8efe2b52f535f6/buck-modules/halide.jar'
[2019-04-03 17:29:03.470][debug][command:null][tid:14][org.pf4j.AbstractPluginManager] Loading plugin '/home/pedroimai/Projects/okbucktutorial/.buckd/resources/c0e4f9faf28e8d1629889e442a8efe2b52f535f6/buck-modules/halide.jar'
[2019-04-03 17:29:03.470][debug][command:null][tid:14][org.pf4j.PluginClassLoader] Add 'file:/home/pedroimai/Projects/okbucktutorial/.buckd/resources/c0e4f9faf28e8d1629889e442a8efe2b52f535f6/buck-modules/halide.jar'
[2019-04-03 17:29:03.471][debug][command:null][tid:14][org.pf4j.AbstractPluginManager] Loaded plugin '/home/pedroimai/Projects/okbucktutorial/.buckd/resources/c0e4f9faf28e8d1629889e442a8efe2b52f535f6/buck-modules/halide.jar' with class loader 'org.pf4j.PluginClassLoader@34ef239b'
[2019-04-03 17:29:03.471][debug][command:null][tid:14][org.pf4j.AbstractPluginManager] Creating wrapper for plugin '/home/pedroimai/Projects/okbucktutorial/.buckd/resources/c0e4f9faf28e8d1629889e442a8efe2b52f535f6/buck-modules/halide.jar'
[2019-04-03 17:29:03.471][debug][command:null][tid:14][org.pf4j.AbstractPluginManager] Created wrapper 'PluginWrapper [descriptor=PluginDescriptor [pluginId=com.facebook.buck.features.halide, pluginClass=com.facebook.buck.features.halide.HalideModuleAdapterPlugin, version=0.0.1, provider=null, dependencies=[], description=, requires=*, license=null], pluginPath=/home/pedroimai/Projects/okbucktutorial/.buckd/resources/c0e4f9faf28e8d1629889e442a8efe2b52f535f6/buck-modules/halide.jar]' for plugin '/home/pedroimai/Projects/okbucktutorial/.buckd/resources/c0e4f9faf28e8d1629889e442a8efe2b52f535f6/buck-modules/halide.jar'
[2019-04-03 17:29:03.472][debug][command:null][tid:14][org.pf4j.AbstractPluginManager] Use 'org.pf4j.CompoundPluginDescriptorFinder@43590229' to find plugins descriptors
[2019-04-03 17:29:03.472][debug][command:null][tid:14][org.pf4j.AbstractPluginManager] Finding plugin descriptor for plugin '/home/pedroimai/Projects/okbucktutorial/.buckd/resources/c0e4f9faf28e8d1629889e442a8efe2b52f535f6/buck-modules/go.jar'
[2019-04-03 17:29:03.472][debug][command:null][tid:14][org.pf4j.CompoundPluginDescriptorFinder] 'org.pf4j.ManifestPluginDescriptorFinder@350cfcbe' is applicable for plugin '/home/pedroimai/Projects/okbucktutorial/.buckd/resources/c0e4f9faf28e8d1629889e442a8efe2b52f535f6/buck-modules/go.jar'
[2019-04-03 17:29:03.473][debug][command:null][tid:14][org.pf4j.AbstractPluginManager] Found descriptor PluginDescriptor [pluginId=com.facebook.buck.features.go, pluginClass=com.facebook.buck.features.go.GoModuleAdapterPlugin, version=0.0.1, provider=null, dependencies=[], description=, requires=*, license=null]
[2019-04-03 17:29:03.473][debug][command:null][tid:14][org.pf4j.AbstractPluginManager] Class 'com.facebook.buck.features.go.GoModuleAdapterPlugin' for plugin '/home/pedroimai/Projects/okbucktutorial/.buckd/resources/c0e4f9faf28e8d1629889e442a8efe2b52f535f6/buck-modules/go.jar'
[2019-04-03 17:29:03.473][debug][command:null][tid:14][org.pf4j.AbstractPluginManager] Loading plugin '/home/pedroimai/Projects/okbucktutorial/.buckd/resources/c0e4f9faf28e8d1629889e442a8efe2b52f535f6/buck-modules/go.jar'
[2019-04-03 17:29:03.473][debug][command:null][tid:14][org.pf4j.PluginClassLoader] Add 'file:/home/pedroimai/Projects/okbucktutorial/.buckd/resources/c0e4f9faf28e8d1629889e442a8efe2b52f535f6/buck-modules/go.jar'
[2019-04-03 17:29:03.474][debug][command:null][tid:14][org.pf4j.AbstractPluginManager] Loaded plugin '/home/pedroimai/Projects/okbucktutorial/.buckd/resources/c0e4f9faf28e8d1629889e442a8efe2b52f535f6/buck-modules/go.jar' with class loader 'org.pf4j.PluginClassLoader@47da7fc4'
[2019-04-03 17:29:03.474][debug][command:null][tid:14][org.pf4j.AbstractPluginManager] Creating wrapper for plugin '/home/pedroimai/Projects/okbucktutorial/.buckd/resources/c0e4f9faf28e8d1629889e442a8efe2b52f535f6/buck-modules/go.jar'
[2019-04-03 17:29:03.474][debug][command:null][tid:14][org.pf4j.AbstractPluginManager] Created wrapper 'PluginWrapper [descriptor=PluginDescriptor [pluginId=com.facebook.buck.features.go, pluginClass=com.facebook.buck.features.go.GoModuleAdapterPlugin, version=0.0.1, provider=null, dependencies=[], description=, requires=*, license=null], pluginPath=/home/pedroimai/Projects/okbucktutorial/.buckd/resources/c0e4f9faf28e8d1629889e442a8efe2b52f535f6/buck-modules/go.jar]' for plugin '/home/pedroimai/Projects/okbucktutorial/.buckd/resources/c0e4f9faf28e8d1629889e442a8efe2b52f535f6/buck-modules/go.jar'
[2019-04-03 17:29:03.474][debug][command:null][tid:14][org.pf4j.AbstractPluginManager] Use 'org.pf4j.CompoundPluginDescriptorFinder@43590229' to find plugins descriptors
[2019-04-03 17:29:03.474][debug][command:null][tid:14][org.pf4j.AbstractPluginManager] Finding plugin descriptor for plugin '/home/pedroimai/Projects/okbucktutorial/.buckd/resources/c0e4f9faf28e8d1629889e442a8efe2b52f535f6/buck-modules/intellij.jar'
[2019-04-03 17:29:03.475][debug][command:null][tid:14][org.pf4j.CompoundPluginDescriptorFinder] 'org.pf4j.ManifestPluginDescriptorFinder@350cfcbe' is applicable for plugin '/home/pedroimai/Projects/okbucktutorial/.buckd/resources/c0e4f9faf28e8d1629889e442a8efe2b52f535f6/buck-modules/intellij.jar'
[2019-04-03 17:29:03.475][debug][command:null][tid:14][org.pf4j.AbstractPluginManager] Found descriptor PluginDescriptor [pluginId=com.facebook.buck.features.project.intellij, pluginClass=com.facebook.buck.features.project.intellij.IjBuckModuleAdapterPlugin, version=0.0.1, provider=null, dependencies=[PluginDependency [pluginId=com.facebook.buck.features.python, pluginVersionSupport=*]], description=, requires=*, license=null]
[2019-04-03 17:29:03.475][debug][command:null][tid:14][org.pf4j.AbstractPluginManager] Class 'com.facebook.buck.features.project.intellij.IjBuckModuleAdapterPlugin' for plugin '/home/pedroimai/Projects/okbucktutorial/.buckd/resources/c0e4f9faf28e8d1629889e442a8efe2b52f535f6/buck-modules/intellij.jar'
[2019-04-03 17:29:03.476][debug][command:null][tid:14][org.pf4j.AbstractPluginManager] Loading plugin '/home/pedroimai/Projects/okbucktutorial/.buckd/resources/c0e4f9faf28e8d1629889e442a8efe2b52f535f6/buck-modules/intellij.jar'
[2019-04-03 17:29:03.476][debug][command:null][tid:14][org.pf4j.PluginClassLoader] Add 'file:/home/pedroimai/Projects/okbucktutorial/.buckd/resources/c0e4f9faf28e8d1629889e442a8efe2b52f535f6/buck-modules/intellij.jar'
[2019-04-03 17:29:03.476][debug][command:null][tid:14][org.pf4j.AbstractPluginManager] Loaded plugin '/home/pedroimai/Projects/okbucktutorial/.buckd/resources/c0e4f9faf28e8d1629889e442a8efe2b52f535f6/buck-modules/intellij.jar' with class loader 'org.pf4j.PluginClassLoader@6e703d5e'
[2019-04-03 17:29:03.476][debug][command:null][tid:14][org.pf4j.AbstractPluginManager] Creating wrapper for plugin '/home/pedroimai/Projects/okbucktutorial/.buckd/resources/c0e4f9faf28e8d1629889e442a8efe2b52f535f6/buck-modules/intellij.jar'
[2019-04-03 17:29:03.476][debug][command:null][tid:14][org.pf4j.AbstractPluginManager] Created wrapper 'PluginWrapper [descriptor=PluginDescriptor [pluginId=com.facebook.buck.features.project.intellij, pluginClass=com.facebook.buck.features.project.intellij.IjBuckModuleAdapterPlugin, version=0.0.1, provider=null, dependencies=[PluginDependency [pluginId=com.facebook.buck.features.python, pluginVersionSupport=*]], description=, requires=*, license=null], pluginPath=/home/pedroimai/Projects/okbucktutorial/.buckd/resources/c0e4f9faf28e8d1629889e442a8efe2b52f535f6/buck-modules/intellij.jar]' for plugin '/home/pedroimai/Projects/okbucktutorial/.buckd/resources/c0e4f9faf28e8d1629889e442a8efe2b52f535f6/buck-modules/intellij.jar'
[2019-04-03 17:29:03.476][debug][command:null][tid:14][org.pf4j.AbstractPluginManager] Use 'org.pf4j.CompoundPluginDescriptorFinder@43590229' to find plugins descriptors
[2019-04-03 17:29:03.477][debug][command:null][tid:14][org.pf4j.AbstractPluginManager] Finding plugin descriptor for plugin '/home/pedroimai/Projects/okbucktutorial/.buckd/resources/c0e4f9faf28e8d1629889e442a8efe2b52f535f6/buck-modules/python.jar'
[2019-04-03 17:29:03.477][debug][command:null][tid:14][org.pf4j.CompoundPluginDescriptorFinder] 'org.pf4j.ManifestPluginDescriptorFinder@350cfcbe' is applicable for plugin '/home/pedroimai/Projects/okbucktutorial/.buckd/resources/c0e4f9faf28e8d1629889e442a8efe2b52f535f6/buck-modules/python.jar'
[2019-04-03 17:29:03.477][debug][command:null][tid:14][org.pf4j.AbstractPluginManager] Found descriptor PluginDescriptor [pluginId=com.facebook.buck.features.python, pluginClass=com.facebook.buck.features.python.PythonModuleAdapterPlugin, version=0.0.1, provider=null, dependencies=[], description=, requires=*, license=null]
[2019-04-03 17:29:03.477][debug][command:null][tid:14][org.pf4j.AbstractPluginManager] Class 'com.facebook.buck.features.python.PythonModuleAdapterPlugin' for plugin '/home/pedroimai/Projects/okbucktutorial/.buckd/resources/c0e4f9faf28e8d1629889e442a8efe2b52f535f6/buck-modules/python.jar'
[2019-04-03 17:29:03.477][debug][command:null][tid:14][org.pf4j.AbstractPluginManager] Loading plugin '/home/pedroimai/Projects/okbucktutorial/.buckd/resources/c0e4f9faf28e8d1629889e442a8efe2b52f535f6/buck-modules/python.jar'
[2019-04-03 17:29:03.478][debug][command:null][tid:14][org.pf4j.PluginClassLoader] Add 'file:/home/pedroimai/Projects/okbucktutorial/.buckd/resources/c0e4f9faf28e8d1629889e442a8efe2b52f535f6/buck-modules/python.jar'
[2019-04-03 17:29:03.478][debug][command:null][tid:14][org.pf4j.AbstractPluginManager] Loaded plugin '/home/pedroimai/Projects/okbucktutorial/.buckd/resources/c0e4f9faf28e8d1629889e442a8efe2b52f535f6/buck-modules/python.jar' with class loader 'org.pf4j.PluginClassLoader@5502de8'
[2019-04-03 17:29:03.478][debug][command:null][tid:14][org.pf4j.AbstractPluginManager] Creating wrapper for plugin '/home/pedroimai/Projects/okbucktutorial/.buckd/resources/c0e4f9faf28e8d1629889e442a8efe2b52f535f6/buck-modules/python.jar'
[2019-04-03 17:29:03.478][debug][command:null][tid:14][org.pf4j.AbstractPluginManager] Created wrapper 'PluginWrapper [descriptor=PluginDescriptor [pluginId=com.facebook.buck.features.python, pluginClass=com.facebook.buck.features.python.PythonModuleAdapterPlugin, version=0.0.1, provider=null, dependencies=[], description=, requires=*, license=null], pluginPath=/home/pedroimai/Projects/okbucktutorial/.buckd/resources/c0e4f9faf28e8d1629889e442a8efe2b52f535f6/buck-modules/python.jar]' for plugin '/home/pedroimai/Projects/okbucktutorial/.buckd/resources/c0e4f9faf28e8d1629889e442a8efe2b52f535f6/buck-modules/python.jar'
[2019-04-03 17:29:03.478][debug][command:null][tid:14][org.pf4j.AbstractPluginManager] Use 'org.pf4j.CompoundPluginDescriptorFinder@43590229' to find plugins descriptors
[2019-04-03 17:29:03.478][debug][command:null][tid:14][org.pf4j.AbstractPluginManager] Finding plugin descriptor for plugin '/home/pedroimai/Projects/okbucktutorial/.buckd/resources/c0e4f9faf28e8d1629889e442a8efe2b52f535f6/buck-modules/xcode.jar'
[2019-04-03 17:29:03.478][debug][command:null][tid:14][org.pf4j.CompoundPluginDescriptorFinder] 'org.pf4j.ManifestPluginDescriptorFinder@350cfcbe' is applicable for plugin '/home/pedroimai/Projects/okbucktutorial/.buckd/resources/c0e4f9faf28e8d1629889e442a8efe2b52f535f6/buck-modules/xcode.jar'
[2019-04-03 17:29:03.479][debug][command:null][tid:14][org.pf4j.AbstractPluginManager] Found descriptor PluginDescriptor [pluginId=com.facebook.buck.features.apple.project, pluginClass=com.facebook.buck.features.apple.project.XCodeBuckModuleAdapterPlugin, version=0.0.1, provider=null, dependencies=[PluginDependency [pluginId=com.facebook.buck.features.halide, pluginVersionSupport=*], PluginDependency [pluginId=com.facebook.buck.features.js, pluginVersionSupport=*]], description=, requires=*, license=null]
[2019-04-03 17:29:03.479][debug][command:null][tid:14][org.pf4j.AbstractPluginManager] Class 'com.facebook.buck.features.apple.project.XCodeBuckModuleAdapterPlugin' for plugin '/home/pedroimai/Projects/okbucktutorial/.buckd/resources/c0e4f9faf28e8d1629889e442a8efe2b52f535f6/buck-modules/xcode.jar'
[2019-04-03 17:29:03.479][debug][command:null][tid:14][org.pf4j.AbstractPluginManager] Loading plugin '/home/pedroimai/Projects/okbucktutorial/.buckd/resources/c0e4f9faf28e8d1629889e442a8efe2b52f535f6/buck-modules/xcode.jar'
[2019-04-03 17:29:03.479][debug][command:null][tid:14][org.pf4j.PluginClassLoader] Add 'file:/home/pedroimai/Projects/okbucktutorial/.buckd/resources/c0e4f9faf28e8d1629889e442a8efe2b52f535f6/buck-modules/xcode.jar'
[2019-04-03 17:29:03.480][debug][command:null][tid:14][org.pf4j.AbstractPluginManager] Loaded plugin '/home/pedroimai/Projects/okbucktutorial/.buckd/resources/c0e4f9faf28e8d1629889e442a8efe2b52f535f6/buck-modules/xcode.jar' with class loader 'org.pf4j.PluginClassLoader@7b37e05b'
[2019-04-03 17:29:03.480][debug][command:null][tid:14][org.pf4j.AbstractPluginManager] Creating wrapper for plugin '/home/pedroimai/Projects/okbucktutorial/.buckd/resources/c0e4f9faf28e8d1629889e442a8efe2b52f535f6/buck-modules/xcode.jar'
[2019-04-03 17:29:03.480][debug][command:null][tid:14][org.pf4j.AbstractPluginManager] Created wrapper 'PluginWrapper [descriptor=PluginDescriptor [pluginId=com.facebook.buck.features.apple.project, pluginClass=com.facebook.buck.features.apple.project.XCodeBuckModuleAdapterPlugin, version=0.0.1, provider=null, dependencies=[PluginDependency [pluginId=com.facebook.buck.features.halide, pluginVersionSupport=*], PluginDependency [pluginId=com.facebook.buck.features.js, pluginVersionSupport=*]], description=, requires=*, license=null], pluginPath=/home/pedroimai/Projects/okbucktutorial/.buckd/resources/c0e4f9faf28e8d1629889e442a8efe2b52f535f6/buck-modules/xcode.jar]' for plugin '/home/pedroimai/Projects/okbucktutorial/.buckd/resources/c0e4f9faf28e8d1629889e442a8efe2b52f535f6/buck-modules/xcode.jar'
[2019-04-03 17:29:03.481][debug][command:null][tid:14][org.pf4j.DependencyResolver] Graph: 
   com.facebook.buck.features.lua -> [com.facebook.buck.features.python]
   com.facebook.buck.features.go -> []
   com.facebook.buck.features.rust -> []
   com.facebook.buck.features.js -> []
   com.facebook.buck.features.zip.rules -> [com.facebook.buck.features.filebundler]
   com.facebook.buck.features.haskell -> []
   com.facebook.buck.features.dotnet -> []
   com.facebook.buck.features.ocaml -> []
   com.facebook.buck.features.d -> []
   com.facebook.buck.features.apple.project -> [com.facebook.buck.features.halide, com.facebook.buck.features.js]
   com.facebook.buck.features.gwt -> []
   com.facebook.buck.features.filegroup -> [com.facebook.buck.features.filebundler]
   com.facebook.buck.features.filebundler -> []
   com.facebook.buck.features.python -> []
   com.facebook.buck.features.project.intellij -> [com.facebook.buck.features.python]
   com.facebook.buck.features.halide -> []
[2019-04-03 17:29:03.481][debug][command:null][tid:14][org.pf4j.DependencyResolver] Plugins order: [com.facebook.buck.features.python, com.facebook.buck.features.lua, com.facebook.buck.features.go, com.facebook.buck.features.rust, com.facebook.buck.features.filebundler, com.facebook.buck.features.zip.rules, com.facebook.buck.features.haskell, com.facebook.buck.features.dotnet, com.facebook.buck.features.ocaml, com.facebook.buck.features.d, com.facebook.buck.features.halide, com.facebook.buck.features.js, com.facebook.buck.features.apple.project, com.facebook.buck.features.gwt, com.facebook.buck.features.filegroup, com.facebook.buck.features.project.intellij]
[2019-04-03 17:29:03.481][info ][command:null][tid:14][org.pf4j.AbstractPluginManager] Plugin 'com.facebook.buck.features.python@0.0.1' resolved
[2019-04-03 17:29:03.481][info ][command:null][tid:14][org.pf4j.AbstractPluginManager] Plugin 'com.facebook.buck.features.lua@0.0.1' resolved
[2019-04-03 17:29:03.482][info ][command:null][tid:14][org.pf4j.AbstractPluginManager] Plugin 'com.facebook.buck.features.go@0.0.1' resolved
[2019-04-03 17:29:03.482][info ][command:null][tid:14][org.pf4j.AbstractPluginManager] Plugin 'com.facebook.buck.features.rust@0.0.1' resolved
[2019-04-03 17:29:03.482][info ][command:null][tid:14][org.pf4j.AbstractPluginManager] Plugin 'com.facebook.buck.features.filebundler@0.0.1' resolved
[2019-04-03 17:29:03.482][info ][command:null][tid:14][org.pf4j.AbstractPluginManager] Plugin 'com.facebook.buck.features.zip.rules@0.0.1' resolved
[2019-04-03 17:29:03.482][info ][command:null][tid:14][org.pf4j.AbstractPluginManager] Plugin 'com.facebook.buck.features.haskell@0.0.1' resolved
[2019-04-03 17:29:03.482][info ][command:null][tid:14][org.pf4j.AbstractPluginManager] Plugin 'com.facebook.buck.features.dotnet@0.0.1' resolved
[2019-04-03 17:29:03.482][info ][command:null][tid:14][org.pf4j.AbstractPluginManager] Plugin 'com.facebook.buck.features.ocaml@0.0.1' resolved
[2019-04-03 17:29:03.482][info ][command:null][tid:14][org.pf4j.AbstractPluginManager] Plugin 'com.facebook.buck.features.d@0.0.1' resolved
[2019-04-03 17:29:03.482][info ][command:null][tid:14][org.pf4j.AbstractPluginManager] Plugin 'com.facebook.buck.features.halide@0.0.1' resolved
[2019-04-03 17:29:03.482][info ][command:null][tid:14][org.pf4j.AbstractPluginManager] Plugin 'com.facebook.buck.features.js@0.0.1' resolved
[2019-04-03 17:29:03.482][info ][command:null][tid:14][org.pf4j.AbstractPluginManager] Plugin 'com.facebook.buck.features.apple.project@0.0.1' resolved
[2019-04-03 17:29:03.483][info ][command:null][tid:14][org.pf4j.AbstractPluginManager] Plugin 'com.facebook.buck.features.gwt@0.0.1' resolved
[2019-04-03 17:29:03.483][info ][command:null][tid:14][org.pf4j.AbstractPluginManager] Plugin 'com.facebook.buck.features.filegroup@0.0.1' resolved
[2019-04-03 17:29:03.483][info ][command:null][tid:14][org.pf4j.AbstractPluginManager] Plugin 'com.facebook.buck.features.project.intellij@0.0.1' resolved
[2019-04-03 17:29:03.483][info ][command:null][tid:14][org.pf4j.AbstractPluginManager] Start plugin 'com.facebook.buck.features.python@0.0.1'
[2019-04-03 17:29:03.483][debug][command:null][tid:14][org.pf4j.DefaultExtensionFactory] Create instance for plugin 'com.facebook.buck.features.python.PythonModuleAdapterPlugin'
[2019-04-03 17:29:03.484][info ][command:null][tid:14][org.pf4j.AbstractPluginManager] Start plugin 'com.facebook.buck.features.lua@0.0.1'
[2019-04-03 17:29:03.484][debug][command:null][tid:14][org.pf4j.DefaultExtensionFactory] Create instance for plugin 'com.facebook.buck.features.lua.LuaModuleAdapterPlugin'
[2019-04-03 17:29:03.485][info ][command:null][tid:14][org.pf4j.AbstractPluginManager] Start plugin 'com.facebook.buck.features.go@0.0.1'
[2019-04-03 17:29:03.485][debug][command:null][tid:14][org.pf4j.DefaultExtensionFactory] Create instance for plugin 'com.facebook.buck.features.go.GoModuleAdapterPlugin'
[2019-04-03 17:29:03.486][info ][command:null][tid:14][org.pf4j.AbstractPluginManager] Start plugin 'com.facebook.buck.features.rust@0.0.1'
[2019-04-03 17:29:03.486][debug][command:null][tid:14][org.pf4j.DefaultExtensionFactory] Create instance for plugin 'com.facebook.buck.features.rust.RustModuleAdapterPlugin'
[2019-04-03 17:29:03.487][info ][command:null][tid:14][org.pf4j.AbstractPluginManager] Start plugin 'com.facebook.buck.features.filebundler@0.0.1'
[2019-04-03 17:29:03.487][debug][command:null][tid:14][org.pf4j.DefaultExtensionFactory] Create instance for plugin 'com.facebook.buck.features.filebundler.FileBundlerModuleAdapterPlugin'
[2019-04-03 17:29:03.487][info ][command:null][tid:14][org.pf4j.AbstractPluginManager] Start plugin 'com.facebook.buck.features.zip.rules@0.0.1'
[2019-04-03 17:29:03.488][debug][command:null][tid:14][org.pf4j.DefaultExtensionFactory] Create instance for plugin 'com.facebook.buck.features.zip.rules.ZipRulesModuleAdapterPlugin'
[2019-04-03 17:29:03.488][info ][command:null][tid:14][org.pf4j.AbstractPluginManager] Start plugin 'com.facebook.buck.features.haskell@0.0.1'
[2019-04-03 17:29:03.488][debug][command:null][tid:14][org.pf4j.DefaultExtensionFactory] Create instance for plugin 'com.facebook.buck.features.haskell.HaskellModuleAdapterPlugin'
[2019-04-03 17:29:03.489][info ][command:null][tid:14][org.pf4j.AbstractPluginManager] Start plugin 'com.facebook.buck.features.dotnet@0.0.1'
[2019-04-03 17:29:03.489][debug][command:null][tid:14][org.pf4j.DefaultExtensionFactory] Create instance for plugin 'com.facebook.buck.features.dotnet.DotnetModuleAdapterPlugin'
[2019-04-03 17:29:03.489][info ][command:null][tid:14][org.pf4j.AbstractPluginManager] Start plugin 'com.facebook.buck.features.ocaml@0.0.1'
[2019-04-03 17:29:03.490][debug][command:null][tid:14][org.pf4j.DefaultExtensionFactory] Create instance for plugin 'com.facebook.buck.features.ocaml.OcamlModuleAdapterPlugin'
[2019-04-03 17:29:03.490][info ][command:null][tid:14][org.pf4j.AbstractPluginManager] Start plugin 'com.facebook.buck.features.d@0.0.1'
[2019-04-03 17:29:03.490][debug][command:null][tid:14][org.pf4j.DefaultExtensionFactory] Create instance for plugin 'com.facebook.buck.features.d.DModuleAdapterPlugin'
[2019-04-03 17:29:03.491][info ][command:null][tid:14][org.pf4j.AbstractPluginManager] Start plugin 'com.facebook.buck.features.halide@0.0.1'
[2019-04-03 17:29:03.491][debug][command:null][tid:14][org.pf4j.DefaultExtensionFactory] Create instance for plugin 'com.facebook.buck.features.halide.HalideModuleAdapterPlugin'
[2019-04-03 17:29:03.492][info ][command:null][tid:14][org.pf4j.AbstractPluginManager] Start plugin 'com.facebook.buck.features.js@0.0.1'
[2019-04-03 17:29:03.492][debug][command:null][tid:14][org.pf4j.DefaultExtensionFactory] Create instance for plugin 'com.facebook.buck.features.js.JsModuleAdapterPlugin'
[2019-04-03 17:29:03.492][info ][command:null][tid:14][org.pf4j.AbstractPluginManager] Start plugin 'com.facebook.buck.features.apple.project@0.0.1'
[2019-04-03 17:29:03.493][debug][command:null][tid:14][org.pf4j.DefaultExtensionFactory] Create instance for plugin 'com.facebook.buck.features.apple.project.XCodeBuckModuleAdapterPlugin'
[2019-04-03 17:29:03.493][info ][command:null][tid:14][org.pf4j.AbstractPluginManager] Start plugin 'com.facebook.buck.features.gwt@0.0.1'
[2019-04-03 17:29:03.493][debug][command:null][tid:14][org.pf4j.DefaultExtensionFactory] Create instance for plugin 'com.facebook.buck.features.gwt.GwtBuckModuleAdapterPlugin'
[2019-04-03 17:29:03.494][info ][command:null][tid:14][org.pf4j.AbstractPluginManager] Start plugin 'com.facebook.buck.features.filegroup@0.0.1'
[2019-04-03 17:29:03.494][debug][command:null][tid:14][org.pf4j.DefaultExtensionFactory] Create instance for plugin 'com.facebook.buck.features.filegroup.FilegroupModuleAdapterPlugin'
[2019-04-03 17:29:03.495][info ][command:null][tid:14][org.pf4j.AbstractPluginManager] Start plugin 'com.facebook.buck.features.project.intellij@0.0.1'
[2019-04-03 17:29:03.495][debug][command:null][tid:14][org.pf4j.DefaultExtensionFactory] Create instance for plugin 'com.facebook.buck.features.project.intellij.IjBuckModuleAdapterPlugin'
[2019-04-03 17:29:03.563][warn ][command:null][tid:14][com.facebook.buck.cli.Main] Command failed:
com.facebook.buck.util.CommandLineException: BAD ARGUMENTS: "targets/..." is not a valid value for "subcommand"
For help see 'buck --help'.
	at com.facebook.buck.cli.Main.runMainWithExitCode(Main.java:636)
	at com.facebook.buck.cli.Main.runMainThenExit(Main.java:463)
	at com.facebook.buck.cli.Main.nailMain(Main.java:2395)
	at sun.reflect.NativeMethodAccessorImpl.invoke0(Native Method)
	at sun.reflect.NativeMethodAccessorImpl.invoke(NativeMethodAccessorImpl.java:62)
	at sun.reflect.DelegatingMethodAccessorImpl.invoke(DelegatingMethodAccessorImpl.java:43)
	at java.lang.reflect.Method.invoke(Method.java:498)
	at com.facebook.nailgun.NGSession.runImpl(NGSession.java:313)
	at com.facebook.nailgun.NGSession.run(NGSession.java:199)
Caused by: org.kohsuke.args4j.CmdLineException: "targets/..." is not a valid value for "subcommand"
	at org.kohsuke.args4j.spi.SubCommandHandler.fallback(SubCommandHandler.java:111)
	at com.facebook.buck.cli.AdditionalOptionsSubCommandHandler.parseArguments(AdditionalOptionsSubCommandHandler.java:86)
	at org.kohsuke.args4j.CmdLineParser.parseArgument(CmdLineParser.java:520)
	at org.kohsuke.args4j.CmdLineParser.parseArgument(CmdLineParser.java:459)
	at com.facebook.buck.cli.Main.runMainWithExitCode(Main.java:634)
	... 8 more

[2019-04-03 17:29:03.565][warn ][command:null][tid:14][com.facebook.buck.util.Console] Command failure: BAD ARGUMENTS: "targets/..." is not a valid value for "subcommand"
For help see 'buck --help'.
[2019-04-03 17:29:03.568][debug][command:null][tid:14][com.facebook.buck.cli.Main] Done.
[2019-04-03 17:29:03.569][info ][command:null][tid:14][com.facebook.nailgun.NGSession] Nail cleanly exited with status 3
[2019-04-03 17:29:03.570][debug][command:null][tid:14][com.facebook.nailgun.NGCommunicator] Shutting down socket for input
[2019-04-03 17:29:03.570][debug][command:null][tid:14][com.facebook.nailgun.NGCommunicator] Shutting down socket for output
[2019-04-03 17:29:03.570][debug][command:null][tid:15][com.facebook.nailgun.NGCommunicator] Socket is disconnected
[2019-04-03 17:29:03.570][debug][command:null][tid:14][com.facebook.nailgun.NGCommunicator] Shutting down read ExecutorService
[2019-04-03 17:29:03.570][debug][command:null][tid:15][com.facebook.nailgun.NGCommunicator] Nailgun client disconnected
[2019-04-03 17:29:03.570][debug][command:null][tid:15][com.facebook.nailgun.NGCommunicator] Orchestrator thread finished
[2019-04-03 17:29:03.570][debug][command:null][tid:14][com.facebook.nailgun.NGCommunicator] Shutting down orchestrator ExecutorService
[2019-04-03 17:29:03.571][debug][command:null][tid:14][com.facebook.nailgun.NGSession] NGSession 1 is closing client socket
[2019-04-03 17:29:07.582][debug][command:null][tid:14][com.facebook.nailgun.NGSession] NGSession 1 accepted new connection
[2019-04-03 17:29:07.587][debug][command:null][tid:14][com.facebook.nailgun.NGCommunicator] Shutting down socket for input
[2019-04-03 17:29:07.587][debug][command:null][tid:14][com.facebook.nailgun.NGCommunicator] Shutting down socket for output
[2019-04-03 17:29:07.587][debug][command:null][tid:14][com.facebook.nailgun.NGCommunicator] Shutting down read ExecutorService
[2019-04-03 17:29:07.587][debug][command:null][tid:14][com.facebook.nailgun.NGCommunicator] Shutting down orchestrator ExecutorService
[2019-04-03 17:29:07.588][debug][command:null][tid:18][com.facebook.nailgun.NGCommunicator] Orchestrator thread started
[2019-04-03 17:29:07.588][debug][command:null][tid:18][com.facebook.nailgun.NGCommunicator] Nailgun client disconnected
[2019-04-03 17:29:07.588][debug][command:null][tid:18][com.facebook.nailgun.NGCommunicator] Orchestrator thread finished
[2019-04-03 17:29:07.596][debug][command:null][tid:14][com.facebook.nailgun.NGSession] NGSession 1 is closing client socket
[2019-04-03 17:29:07.610][debug][command:null][tid:14][com.facebook.nailgun.NGSession] NGSession 1 accepted new connection
[2019-04-03 17:29:07.635][debug][command:null][tid:19][com.facebook.nailgun.NGCommunicator] Orchestrator thread started
[2019-04-03 17:29:07.638][debug][command:null][tid:14][com.facebook.buck.util.config.Configs] Loading configuration for /home/pedroimai/Projects/okbucktutorial
[2019-04-03 17:29:07.641][debug][command:null][tid:14][com.facebook.buck.util.config.Configs] Loaded project configuration file /home/pedroimai/Projects/okbucktutorial/.buckconfig
[2019-04-03 17:29:07.642][debug][command:null][tid:14][com.facebook.buck.util.config.Configs] Adding configuration overrides RawConfig{values={}}
[2019-04-03 17:29:07.711][debug][command:null][tid:14][com.facebook.buck.cli.Main] Rotating log.
[2019-04-03 17:29:07.733][debug][command:null][tid:14][com.facebook.buck.cli.Main] Starting up (build date 1969-12-31 20:59:59 -0300, rev c0e4f9faf28e8d1629889e442a8efe2b52f535f6), args: [targets, //..., --config-file, .okbuck/config/okbuck.buckconfig]
[2019-04-03 17:29:07.738][debug][command:null][tid:14][com.facebook.buck.cli.Main] System properties: {java.vendor=Oracle Corporation, sun.java.launcher=SUN_STANDARD, sun.management.compiler=HotSpot 64-Bit Tiered Compilers, jnidispatch.path=/home/pedroimai/Projects/okbucktutorial/.buckd/tmp/buck_run.0PJKtK/jna-1284272600/jna908477118873645514.tmp, os.name=Linux, sun.boot.class.path=/usr/lib/jvm/java-8-openjdk-amd64/jre/lib/resources.jar:/usr/lib/jvm/java-8-openjdk-amd64/jre/lib/rt.jar:/usr/lib/jvm/java-8-openjdk-amd64/jre/lib/sunrsasign.jar:/usr/lib/jvm/java-8-openjdk-amd64/jre/lib/jsse.jar:/usr/lib/jvm/java-8-openjdk-amd64/jre/lib/jce.jar:/usr/lib/jvm/java-8-openjdk-amd64/jre/lib/charsets.jar:/usr/lib/jvm/java-8-openjdk-amd64/jre/lib/jfr.jar:/usr/lib/jvm/java-8-openjdk-amd64/jre/classes, user.country.format=BR, buck.module.resources=/home/pedroimai/Projects/okbucktutorial/.buckd/resources/c0e4f9faf28e8d1629889e442a8efe2b52f535f6/buck-modules-resources, pf4j.pluginsDir=/home/pedroimai/Projects/okbucktutorial/.buckd/resources/c0e4f9faf28e8d1629889e442a8efe2b52f535f6/buck-modules, buck.resource_lock_path=/home/pedroimai/Projects/okbucktutorial/.buckd/resources/c0e4f9faf28e8d1629889e442a8efe2b52f535f6/.buck_lock, sun.desktop=gnome, buck.path_to_isolated_trampoline=/home/pedroimai/Projects/okbucktutorial/.buckd/resources/c0e4f9faf28e8d1629889e442a8efe2b52f535f6/path_to_isolated_trampoline, java.vm.specification.vendor=Oracle Corporation, java.runtime.version=1.8.0_191-8u191-b12-2ubuntu0.18.04.1-b12, jna.loaded=true, buck.testrunner_classes=/home/pedroimai/Projects/okbucktutorial/.buckd/resources/c0e4f9faf28e8d1629889e442a8efe2b52f535f6/testrunner_classes, buck.logging_config_file=/home/pedroimai/Projects/okbucktutorial/.buckd/resources/c0e4f9faf28e8d1629889e442a8efe2b52f535f6/logging_config_file, buck.path_to_sh_binary_template=/home/pedroimai/Projects/okbucktutorial/.buckd/resources/c0e4f9faf28e8d1629889e442a8efe2b52f535f6/path_to_sh_binary_template, user.name=pedroimai, user.language.format=pt, com.facebook.nailgun.NGServer.outputPath=/home/pedroimai/Projects/okbucktutorial/.buckd/tmp/buck_run.0PJKtK/ngserver-out, buck.path_to_pywatchman=/home/pedroimai/Projects/okbucktutorial/.buckd/resources/c0e4f9faf28e8d1629889e442a8efe2b52f535f6/path_to_pywatchman, buck.report_generator_jar=/home/pedroimai/Projects/okbucktutorial/.buckd/resources/c0e4f9faf28e8d1629889e442a8efe2b52f535f6/report_generator_jar, buck.git_commit=c0e4f9faf28e8d1629889e442a8efe2b52f535f6, user.language=en, sun.boot.library.path=/usr/lib/jvm/java-8-openjdk-amd64/jre/lib/amd64, jna.nosys=true, java.version=1.8.0_191, user.timezone=America/Sao_Paulo, buck.test_util_no_tests_dir=true, sun.arch.data.model=64, java.endorsed.dirs=/usr/lib/jvm/java-8-openjdk-amd64/jre/lib/endorsed, sun.cpu.isalist=, sun.jnu.encoding=UTF-8, file.encoding.pkg=sun.io, file.separator=/, java.specification.name=Java Platform API Specification, buck.jacoco_agent_jar=/home/pedroimai/Projects/okbucktutorial/.buckd/resources/c0e4f9faf28e8d1629889e442a8efe2b52f535f6/jacoco_agent_jar, java.class.version=52.0, user.country=US, buck.binary_hash=c5d497a6ded8a1712e657140816688a9, java.home=/usr/lib/jvm/java-8-openjdk-amd64/jre, buck.fix_script=/home/pedroimai/Projects/okbucktutorial/.buckd/resources/c0e4f9faf28e8d1629889e442a8efe2b52f535f6/fix_script, java.vm.info=mixed mode, os.version=4.18.0-16-generic, buck.version_uid=c0e4f9faf28e8d1629889e442a8efe2b52f535f6, org.eclipse.jetty.util.log.class=org.eclipse.jetty.util.log.JavaUtilLog, path.separator=:, java.vm.version=25.191-b12, java.awt.printerjob=sun.print.PSPrinterJob, sun.io.unicode.encoding=UnicodeLittle, awt.toolkit=sun.awt.X11.XToolkit, buck.mode=package, buck.buck_build_type_info=/home/pedroimai/Projects/okbucktutorial/.buckd/resources/c0e4f9faf28e8d1629889e442a8efe2b52f535f6/buck_build_type_info, buck.dx=/home/pedroimai/Projects/okbucktutorial/.buckd/resources/c0e4f9faf28e8d1629889e442a8efe2b52f535f6/dx, buck.git_commit_timestamp=-1, user.home=/home/pedroimai, java.specification.vendor=Oracle Corporation, buck.git_dirty=0, java.library.path=/usr/java/packages/lib/amd64:/usr/lib/x86_64-linux-gnu/jni:/lib/x86_64-linux-gnu:/usr/lib/x86_64-linux-gnu:/usr/lib/jni:/lib:/usr/lib, java.vendor.url=http://java.oracle.com/, java.vm.vendor=Oracle Corporation, java.runtime.name=OpenJDK Runtime Environment, sun.java.command=com.facebook.buck.cli.bootstrapper.ClassLoaderBootstrapper com.facebook.buck.cli.Main$DaemonBootstrap local:.buckd/sock 180000, java.class.path=/home/pedroimai/Projects/okbucktutorial/.buckd/resources/c0e4f9faf28e8d1629889e442a8efe2b52f535f6/bootstrapper_jar, buck.buckd_dir=/home/pedroimai/Projects/okbucktutorial/.buckd, buck.path_to_pathlib_py=/home/pedroimai/Projects/okbucktutorial/.buckd/resources/c0e4f9faf28e8d1629889e442a8efe2b52f535f6/pathlib.py, buck.buckd_launch_time_nanos=25681370472917, java.vm.specification.name=Java Virtual Machine Specification, java.vm.specification.version=1.8, sun.cpu.endian=little, sun.os.patch.level=unknown, java.awt.headless=true, java.io.tmpdir=/home/pedroimai/Projects/okbucktutorial/.buckd/tmp/buck_run.0PJKtK, buck.android_agent_path=/home/pedroimai/Projects/okbucktutorial/.buckd/resources/c0e4f9faf28e8d1629889e442a8efe2b52f535f6/android_agent_path, java.vendor.url.bug=http://bugreport.sun.com/bugreport/, buck.path_to_python_dsl=, jna.platform.library.path=/usr/lib/x86_64-linux-gnu:/lib/x86_64-linux-gnu:/lib64:/usr/lib:/lib:/usr/lib/x86_64-linux-gnu/libfakeroot, os.arch=amd64, java.awt.graphicsenv=sun.awt.X11GraphicsEnvironment, java.ext.dirs=/usr/lib/jvm/java-8-openjdk-amd64/jre/lib/ext:/usr/java/packages/lib/ext, java.util.logging.config.class=com.facebook.buck.cli.bootstrapper.LogConfig, buck.path_to_six_py=/home/pedroimai/Projects/okbucktutorial/.buckd/resources/c0e4f9faf28e8d1629889e442a8efe2b52f535f6/six.py, user.dir=/home/pedroimai/Projects/okbucktutorial, java.nio.file.spi.DefaultFileSystemProvider=com.facebook.buck.cli.bootstrapper.filesystem.BuckFileSystemProvider, line.separator=
, java.vm.name=OpenJDK 64-Bit Server VM, buck.path_to_typing=/home/pedroimai/Projects/okbucktutorial/.buckd/resources/c0e4f9faf28e8d1629889e442a8efe2b52f535f6/path_to_typing, buck.native_exopackage_fake_path=/home/pedroimai/Projects/okbucktutorial/.buckd/resources/c0e4f9faf28e8d1629889e442a8efe2b52f535f6/native_exopackage_fake_path, file.encoding=UTF-8, java.specification.version=1.8}
[2019-04-03 17:29:07.740][debug][command:null][tid:14][com.facebook.buck.util.config.Configs] Loaded a configuration file /home/pedroimai/Projects/okbucktutorial/.okbuck/config/okbuck.buckconfig: {android={build_tools_version=28.0.2, target=android-28}, kotlin={kotlin_home=//.okbuck/workspace/kotlin_home:kotlin_home}, tools={proguard=//.okbuck/ext/net/sf/proguard:proguard-base.jar}}
[2019-04-03 17:29:07.741][debug][command:null][tid:14][com.facebook.buck.util.config.Configs] Loaded a configuration file .okbuck/config/okbuck.buckconfig, {android={build_tools_version=28.0.2, target=android-28}, kotlin={kotlin_home=//.okbuck/workspace/kotlin_home:kotlin_home}, tools={proguard=//.okbuck/ext/net/sf/proguard:proguard-base.jar}}
[2019-04-03 17:29:07.778][debug][command:null][tid:14][com.facebook.buck.util.config.Configs] Loading configuration for /home/pedroimai/Projects/okbucktutorial
[2019-04-03 17:29:07.788][debug][command:null][tid:14][com.facebook.buck.util.config.Configs] Loaded project configuration file /home/pedroimai/Projects/okbucktutorial/.buckconfig
[2019-04-03 17:29:07.789][debug][command:null][tid:14][com.facebook.buck.util.config.Configs] Adding configuration overrides RawConfig{values={android={build_tools_version=28.0.2, target=android-28}, kotlin={kotlin_home=//.okbuck/workspace/kotlin_home:kotlin_home}, tools={proguard=//.okbuck/ext/net/sf/proguard:proguard-base.jar}}}
[2019-04-03 17:29:07.879][info ][command:null][tid:14][com.facebook.buck.io.watchman.WatchmanFactory] Creating for: [/home/pedroimai/Projects/okbucktutorial]
[2019-04-03 17:29:07.899][debug][command:null][tid:14][com.facebook.buck.io.ExecutableFinder] Executable 'watchman' mapped to 'Optional[/usr/local/bin/watchman]'
[2019-04-03 17:29:07.901][debug][command:null][tid:14][com.facebook.buck.util.ListeningProcessExecutor] Launching process with params ProcessExecutorParams{command=[/usr/local/bin/watchman, --output-encoding=bser, get-sockname]}
[2019-04-03 17:29:07.956][debug][command:null][tid:14][com.facebook.buck.util.ListeningProcessExecutor] Successfully launched process com.zaxxer.nuprocess.linux.LinuxProcess@503878e0
[2019-04-03 17:29:07.956][debug][command:null][tid:14][com.facebook.buck.util.ListeningProcessExecutor] Waiting for process com.facebook.buck.util.ListeningProcessExecutor$LaunchedProcessImpl@67eada9c timeout 1000000000 NANOSECONDS
[2019-04-03 17:29:07.959][debug][command:null][tid:14][com.facebook.buck.util.ListeningProcessExecutor] Wait for process returned 0
[2019-04-03 17:29:07.960][debug][command:null][tid:14][com.facebook.buck.io.watchman.WatchmanFactory] Waited 2 ms for Watchman command get-sockname, exit code 0
[2019-04-03 17:29:07.967][debug][command:null][tid:14][com.facebook.buck.io.watchman.WatchmanFactory] stdout of command: {sockname=/usr/local/var/run/watchman/pedroimai-state/sock, version=4.9.0}
[2019-04-03 17:29:07.967][info ][command:null][tid:14][com.facebook.buck.io.watchman.WatchmanFactory] Connecting to Watchman version 4.9.0 at /usr/local/var/run/watchman/pedroimai-state/sock
[2019-04-03 17:29:08.002][debug][command:null][tid:14][com.facebook.buck.io.watchman.WatchmanTransportClient] Query [version, {required=[cmd-watch-project], optional=[term-dirname, cmd-watch-project, wildmatch, wildmatch_multislash, glob_generator, clock-sync-timeout]}] returned in 7 ms
[2019-04-03 17:29:08.002][info ][command:null][tid:14][com.facebook.buck.io.watchman.WatchmanFactory] Took 19 ms to query capabilities {term-dirname=DIRNAME, cmd-watch-project=SUPPORTS_PROJECT_WATCH, wildmatch=WILDMATCH_GLOB, wildmatch_multislash=WILDMATCH_MULTISLASH, glob_generator=GLOB_GENERATOR, clock-sync-timeout=CLOCK_SYNC_TIMEOUT}
[2019-04-03 17:29:08.003][debug][command:null][tid:14][com.facebook.buck.io.watchman.WatchmanFactory] Got capabilities response: {clock-sync-timeout=true, glob_generator=true, wildmatch_multislash=false, wildmatch=true, cmd-watch-project=true, term-dirname=true}
[2019-04-03 17:29:08.003][debug][command:null][tid:14][com.facebook.buck.io.watchman.WatchmanFactory] Got Watchman capabilities: [CLOCK_SYNC_TIMEOUT, GLOB_GENERATOR, WILDMATCH_GLOB, SUPPORTS_PROJECT_WATCH, DIRNAME]
[2019-04-03 17:29:08.003][info ][command:null][tid:14][com.facebook.buck.io.watchman.WatchmanFactory] Adding watchman root: /home/pedroimai/Projects/okbucktutorial
[2019-04-03 17:29:08.006][debug][command:null][tid:14][com.facebook.buck.io.watchman.WatchmanTransportClient] Query [watch-project, /home/pedroimai/Projects/okbucktutorial] returned in 2 ms
[2019-04-03 17:29:08.007][debug][command:null][tid:14][com.facebook.buck.io.watchman.WatchmanTransportClient] Query [watch-project, /home/pedroimai/Projects/okbucktutorial] returned in 0 ms
[2019-04-03 17:29:08.007][info ][command:null][tid:14][com.facebook.buck.io.watchman.WatchmanFactory] Took 3 ms to add root /home/pedroimai/Projects/okbucktutorial
[2019-04-03 17:29:08.014][debug][command:null][tid:14][com.facebook.buck.io.watchman.WatchmanTransportClient] Query [clock, /home/pedroimai/Projects/okbucktutorial, {sync_timeout=100}] returned in 4 ms
[2019-04-03 17:29:08.014][info ][command:null][tid:14][com.facebook.buck.io.watchman.WatchmanFactory] Took 4 ms to query for initial clock id Optional[c:1554323327:13432:1:381]
[2019-04-03 17:29:08.015][debug][command:null][tid:14][com.facebook.buck.io.watchman.WatchmanFactory] Connected to Watchman
[2019-04-03 17:29:08.015][debug][command:null][tid:14][com.facebook.buck.io.watchman.WatchmanTransportClient] Closing Watchman transport.
[2019-04-03 17:29:08.025][debug][command:null][tid:14][com.facebook.buck.cli.Main] Watchman capabilities: [CLOCK_SYNC_TIMEOUT, GLOB_GENERATOR, WILDMATCH_GLOB, SUPPORTS_PROJECT_WATCH, DIRNAME] Project watches: {/home/pedroimai/Projects/okbucktutorial=ProjectWatch{watchRoot=/home/pedroimai/Projects/okbucktutorial}} Glob handler config: PYTHON Query timeout ms config: Optional.empty
[2019-04-03 17:29:08.060][warn ][command:null][tid:14][com.facebook.buck.core.plugin.impl.DefaultBuckPluginManager] Time to load instances of interface com.facebook.buck.core.rules.config.ConfigurationRuleDescriptionProvider: 33
[2019-04-03 17:29:08.075][debug][command:null][tid:14][com.facebook.buck.util.config.Configs] Loaded a configuration file /home/pedroimai/Projects/okbucktutorial/.okbuck/config/okbuck.buckconfig: {android={build_tools_version=28.0.2, target=android-28}, kotlin={kotlin_home=//.okbuck/workspace/kotlin_home:kotlin_home}, tools={proguard=//.okbuck/ext/net/sf/proguard:proguard-base.jar}}
[2019-04-03 17:29:08.076][debug][command:null][tid:14][com.facebook.buck.util.config.Configs] Loaded a configuration file .okbuck/config/okbuck.buckconfig, {android={build_tools_version=28.0.2, target=android-28}, kotlin={kotlin_home=//.okbuck/workspace/kotlin_home:kotlin_home}, tools={proguard=//.okbuck/ext/net/sf/proguard:proguard-base.jar}}
[2019-04-03 17:29:08.132][warn ][command:null][tid:14][com.facebook.buck.core.plugin.impl.DefaultBuckPluginManager] Time to load instances of interface com.facebook.buck.core.toolchain.ToolchainSupplier: 46
[2019-04-03 17:29:08.183][warn ][command:null][tid:14][com.facebook.buck.core.plugin.impl.DefaultBuckPluginManager] Time to load instances of interface com.facebook.buck.event.listener.devspeed.DevspeedTelemetryPlugin: 3
[2019-04-03 17:29:08.184][debug][command:null][tid:14][com.facebook.buck.cli.DaemonLifecycleManager] Starting up daemon for project root [/home/pedroimai/Projects/okbucktutorial]
[2019-04-03 17:29:08.508][warn ][command:null][tid:14][com.facebook.buck.cli.Daemon] Can't start web server
[2019-04-03 17:29:08.511][debug][command:null][tid:14][com.facebook.buck.cli.Daemon] Using Watchman Cursor: {/home/pedroimai/Projects/okbucktutorial=c:1554323327:13432:1:381}
